------------------------------------------------------------------------------------------------------------------------

[2024-02-23 17:06:28 #1 store] 
Database '/Users/aimarbarrenapol/git/Rides24/src/main/resources/rides.temp' is opened by 36580@MacBook-Air-de-Aimar.local

[2024-02-23 17:06:28 #2 type.registry] 
New type domain.Driver

[2024-02-23 17:06:28 #3 type] 
Type domain.Driver is not enhanced.

[2024-02-23 17:06:28 #4 type.registry] 
New type domain.Ride

[2024-02-23 17:06:28 #5 type] 
Type domain.Ride is not enhanced.

[2024-02-23 17:06:28 #6 type.registry] 
New type java.util.Vector<java.lang.Object>

[2024-02-23 17:06:28 #7 type.registry] 
New type java.util.Vector<domain.Ride>

------------------------------------------------------------------------------------------------------------------------

[2024-02-23 17:21:12 #1 store] 
Database '/Users/aimarbarrenapol/git/Rides24/src/main/resources/rides.temp' is opened by 36655@MacBook-Air-de-Aimar.local

[2024-02-23 17:21:12 #2 type.registry] 
New type domain.Driver

[2024-02-23 17:21:12 #3 type] 
Type domain.Driver is not enhanced.

[2024-02-23 17:21:12 #4 type.registry] 
New type domain.Ride

[2024-02-23 17:21:12 #5 type] 
Type domain.Ride is not enhanced.

[2024-02-23 17:21:12 #6 type.registry] 
New type java.util.Vector<java.lang.Object>

[2024-02-23 17:21:12 #7 type.registry] 
New type java.util.Vector<domain.Ride>

------------------------------------------------------------------------------------------------------------------------

[2024-02-23 17:26:39 #1 store] 
Database '/Users/aimarbarrenapol/git/Rides24/src/main/resources/rides.temp' is opened by 36674@MacBook-Air-de-Aimar.local

[2024-02-23 17:26:39 #2 type.registry] 
New type domain.Driver

[2024-02-23 17:26:39 #3 type] 
Type domain.Driver is not enhanced.

[2024-02-23 17:26:39 #4 type.registry] 
New type domain.Ride

[2024-02-23 17:26:39 #5 type] 
Type domain.Ride is not enhanced.

[2024-02-23 17:26:39 #6 type.registry] 
New type java.util.Vector<java.lang.Object>

[2024-02-23 17:26:39 #7 type.registry] 
New type java.util.Vector<domain.Ride>

------------------------------------------------------------------------------------------------------------------------

[2024-02-23 18:00:08 #1 store] 
Database '/Users/aimarbarrenapol/git/Rides24/src/main/resources/rides.temp' is opened by 36768@MacBook-Air-de-Aimar.local

[2024-02-23 18:00:08 #2 type.registry] 
New type domain.Driver

[2024-02-23 18:00:08 #3 type] 
Type domain.Driver is not enhanced.

[2024-02-23 18:00:08 #4 type.registry] 
New type domain.Ride

[2024-02-23 18:00:08 #5 type] 
Type domain.Ride is not enhanced.

[2024-02-23 18:00:08 #6 type.registry] 
New type java.util.Vector<java.lang.Object>

[2024-02-23 18:00:08 #7 type.registry] 
New type java.util.Vector<domain.Ride>

------------------------------------------------------------------------------------------------------------------------

[2024-02-23 18:00:32 #1 store] 
Database '/Users/aimarbarrenapol/git/Rides24/src/main/resources/rides.temp' is opened by 36772@MacBook-Air-de-Aimar.local

[2024-02-23 18:00:32 #2 type.registry] 
New type domain.Driver

[2024-02-23 18:00:32 #3 type] 
Type domain.Driver is not enhanced.

[2024-02-23 18:00:32 #4 type.registry] 
New type domain.Ride

[2024-02-23 18:00:32 #5 type] 
Type domain.Ride is not enhanced.

[2024-02-23 18:00:32 #6 type.registry] 
New type java.util.Vector<java.lang.Object>

[2024-02-23 18:00:32 #7 type.registry] 
New type java.util.Vector<domain.Ride>

