------------------------------------------------------------------------------------------------------------------------

[2024-04-03 17:19:42 #1 store] 
Database 'C:\Users\Burbu\git\13\Rides24\src\main\resources\rides.temp' is opened by 2060@DESKTOP-PK3U990

[2024-04-03 17:19:42 #2 type] 
Type domain.User is not enhanced.

[2024-04-03 17:19:42 #3 type] 
Type domain.Driver is not enhanced.

[2024-04-03 17:19:42 #4 type] 
Type domain.Ride is not enhanced.

[2024-04-03 17:19:42 #5 type] 
Type domain.Traveler is not enhanced.

[2024-04-03 17:19:42 #6 type] 
Type domain.Booking is not enhanced.

------------------------------------------------------------------------------------------------------------------------

[2024-04-03 17:20:41 #1 store] 
Database 'C:\Users\Burbu\git\13\Rides24\src\main\resources\rides.temp' has been recovered (tr. 18-18)

[2024-04-03 17:20:41 #2 store] 
Database 'C:\Users\Burbu\git\13\Rides24\src\main\resources\rides.temp' is opened by 17140@DESKTOP-PK3U990

[2024-04-03 17:20:41 #3 type] 
Type domain.User is not enhanced.

[2024-04-03 17:20:41 #4 type] 
Type domain.Driver is not enhanced.

[2024-04-03 17:20:41 #5 type] 
Type domain.Ride is not enhanced.

[2024-04-03 17:20:41 #6 type] 
Type domain.Traveler is not enhanced.

[2024-04-03 17:20:41 #7 type] 
Type domain.Booking is not enhanced.

------------------------------------------------------------------------------------------------------------------------

[2024-04-03 17:31:53 #1 store] 
Database 'C:\Users\Burbu\git\13\Rides24\src\main\resources\rides.temp' is opened by 13552@DESKTOP-PK3U990

[2024-04-03 17:31:53 #2 type] 
Type domain.User is not enhanced.

[2024-04-03 17:31:53 #3 type] 
Type domain.Driver is not enhanced.

[2024-04-03 17:31:53 #4 type] 
Type domain.Ride is not enhanced.

[2024-04-03 17:31:53 #5 type] 
Type domain.Traveler is not enhanced.

[2024-04-03 17:31:53 #6 type] 
Type domain.Booking is not enhanced.

------------------------------------------------------------------------------------------------------------------------

[2024-04-03 17:35:32 #1 store] 
Database 'C:\Users\Burbu\git\13\Rides24\src\main\resources\rides.temp' has been recovered (tr. 19-23)

[2024-04-03 17:35:32 #2 store] 
Database 'C:\Users\Burbu\git\13\Rides24\src\main\resources\rides.temp' is opened by 4292@DESKTOP-PK3U990

[2024-04-03 17:35:32 #3 type] 
Type domain.User is not enhanced.

[2024-04-03 17:35:32 #4 type] 
Type domain.Driver is not enhanced.

[2024-04-03 17:35:32 #5 type] 
Type domain.Ride is not enhanced.

[2024-04-03 17:35:32 #6 type] 
Type domain.Traveler is not enhanced.

[2024-04-03 17:35:32 #7 type] 
Type domain.Booking is not enhanced.

------------------------------------------------------------------------------------------------------------------------

[2024-04-03 17:42:04 #1 store] 
Database 'C:\Users\Burbu\git\13\Rides24\src\main\resources\rides.temp' is opened by 15448@DESKTOP-PK3U990

[2024-04-03 17:42:04 #2 type] 
Type domain.User is not enhanced.

[2024-04-03 17:42:04 #3 type] 
Type domain.Driver is not enhanced.

[2024-04-03 17:42:04 #4 type] 
Type domain.Ride is not enhanced.

[2024-04-03 17:42:04 #5 type] 
Type domain.Traveler is not enhanced.

[2024-04-03 17:42:04 #6 type] 
Type domain.Booking is not enhanced.

------------------------------------------------------------------------------------------------------------------------

[2024-04-03 17:46:23 #1 store] 
Database 'C:\Users\Burbu\git\13\Rides24\src\main\resources\rides.temp' has been recovered (tr. 24-29)

[2024-04-03 17:46:23 #2 store] 
Database 'C:\Users\Burbu\git\13\Rides24\src\main\resources\rides.temp' is opened by 2964@DESKTOP-PK3U990

[2024-04-03 17:46:23 #3 type] 
Type domain.User is not enhanced.

[2024-04-03 17:46:23 #4 type] 
Type domain.Driver is not enhanced.

[2024-04-03 17:46:24 #5 type] 
Type domain.Ride is not enhanced.

[2024-04-03 17:46:24 #6 type] 
Type domain.Traveler is not enhanced.

[2024-04-03 17:46:24 #7 type] 
Type domain.Booking is not enhanced.

------------------------------------------------------------------------------------------------------------------------

[2024-04-03 17:47:11 #1 store] 
Database 'C:\Users\Burbu\git\13\Rides24\src\main\resources\rides.temp' is opened by 4004@DESKTOP-PK3U990

[2024-04-03 17:47:11 #2 type] 
Type domain.User is not enhanced.

[2024-04-03 17:47:11 #3 type] 
Type domain.Driver is not enhanced.

[2024-04-03 17:47:11 #4 type] 
Type domain.Ride is not enhanced.

[2024-04-03 17:47:11 #5 type] 
Type domain.Traveler is not enhanced.

[2024-04-03 17:47:11 #6 type] 
Type domain.Booking is not enhanced.

------------------------------------------------------------------------------------------------------------------------

[2024-04-03 17:47:47 #1 store] 
Database 'C:\Users\Burbu\git\13\Rides24\src\main\resources\rides.temp' is opened by 14196@DESKTOP-PK3U990

[2024-04-03 17:47:48 #2 type] 
Type domain.User is not enhanced.

[2024-04-03 17:47:48 #3 type] 
Type domain.Driver is not enhanced.

[2024-04-03 17:47:48 #4 type] 
Type domain.Ride is not enhanced.

[2024-04-03 17:47:48 #5 type] 
Type domain.Traveler is not enhanced.

[2024-04-03 17:47:48 #6 type] 
Type domain.Booking is not enhanced.

------------------------------------------------------------------------------------------------------------------------

[2024-04-03 17:49:24 #1 store] 
Database 'C:\Users\Burbu\git\13\Rides24\src\main\resources\rides.temp' is opened by 17144@DESKTOP-PK3U990

[2024-04-03 17:49:24 #2 type] 
Type domain.User is not enhanced.

[2024-04-03 17:49:24 #3 type] 
Type domain.Driver is not enhanced.

[2024-04-03 17:49:24 #4 type] 
Type domain.Ride is not enhanced.

[2024-04-03 17:49:24 #5 type] 
Type domain.Traveler is not enhanced.

[2024-04-03 17:49:24 #6 type] 
Type domain.Booking is not enhanced.

------------------------------------------------------------------------------------------------------------------------

[2024-04-03 17:51:12 #1 store] 
Database 'C:\Users\Burbu\git\13\Rides24\src\main\resources\rides.temp' is opened by 8200@DESKTOP-PK3U990

[2024-04-03 17:51:12 #2 type] 
Type domain.User is not enhanced.

[2024-04-03 17:51:12 #3 type] 
Type domain.Driver is not enhanced.

[2024-04-03 17:51:12 #4 type] 
Type domain.Ride is not enhanced.

[2024-04-03 17:51:12 #5 type] 
Type domain.Traveler is not enhanced.

[2024-04-03 17:51:12 #6 type] 
Type domain.Booking is not enhanced.

------------------------------------------------------------------------------------------------------------------------

[2024-04-03 17:57:08 #1 store] 
Database 'C:\Users\Burbu\git\13\Rides24\src\main\resources\rides.temp' is opened by 4900@DESKTOP-PK3U990

[2024-04-03 17:57:08 #2 type] 
Type domain.User is not enhanced.

[2024-04-03 17:57:08 #3 type] 
Type domain.Driver is not enhanced.

[2024-04-03 17:57:08 #4 type] 
Type domain.Ride is not enhanced.

[2024-04-03 17:57:08 #5 type] 
Type domain.Traveler is not enhanced.

[2024-04-03 17:57:08 #6 type] 
Type domain.Booking is not enhanced.

------------------------------------------------------------------------------------------------------------------------

[2024-04-03 18:27:42 #1 store] 
Database 'C:\Users\Burbu\git\13\Rides24\src\main\resources\rides.temp' is opened by 4600@DESKTOP-PK3U990

[2024-04-03 18:27:42 #2 type] 
Type domain.User is not enhanced.

[2024-04-03 18:27:42 #3 type] 
Type domain.Driver is not enhanced.

[2024-04-03 18:27:42 #4 type] 
Type domain.Ride is not enhanced.

[2024-04-03 18:27:42 #5 type] 
Type domain.Traveler is not enhanced.

[2024-04-03 18:27:42 #6 type] 
Type domain.Booking is not enhanced.

------------------------------------------------------------------------------------------------------------------------

[2024-04-03 18:55:51 #1 store] 
Database 'C:\Users\Burbu\git\13\Rides24\src\main\resources\rides.temp' has been recovered (tr. 33-33)

[2024-04-03 18:55:51 #2 store] 
Database 'C:\Users\Burbu\git\13\Rides24\src\main\resources\rides.temp' is opened by 13476@DESKTOP-PK3U990

[2024-04-03 18:55:51 #3 type] 
Type domain.User is not enhanced.

[2024-04-03 18:55:51 #4 type] 
Type domain.Driver is not enhanced.

[2024-04-03 18:55:51 #5 type] 
Type domain.Ride is not enhanced.

[2024-04-03 18:55:51 #6 type] 
Type domain.Traveler is not enhanced.

[2024-04-03 18:55:51 #7 type] 
Type domain.Booking is not enhanced.

