------------------------------------------------------------------------------------------------------------------------

[2024-03-03 21:44:45 #1 store] 
Database '/Users/aimarbarrenapol/git/Rides24/src/main/resources/rides.temp' has been recovered (tr. 30-32)

[2024-03-03 21:44:45 #2 store] 
Database '/Users/aimarbarrenapol/git/Rides24/src/main/resources/rides.temp' is opened by 2920@MacBook-Air-de-Aimar.local

[2024-03-03 21:44:45 #3 type] 
Type domain.User is not enhanced.

[2024-03-03 21:44:45 #4 type] 
Type domain.Driver is not enhanced.

[2024-03-03 21:44:45 #5 type] 
Type domain.Ride is not enhanced.

[2024-03-03 21:44:45 #6 type] 
Type domain.Traveler is not enhanced.

[2024-03-03 21:45:21 #7 type.registry] 
New type domain.Booking

[2024-03-03 21:45:21 #8 type] 
Type domain.Booking is not enhanced.

------------------------------------------------------------------------------------------------------------------------

[2024-03-03 22:02:25 #1 store] 
Database '/Users/aimarbarrenapol/git/Rides24/src/main/resources/rides.temp' has been recovered (tr. 33-33)

[2024-03-03 22:02:25 #2 store] 
Database '/Users/aimarbarrenapol/git/Rides24/src/main/resources/rides.temp' is opened by 3083@MacBook-Air-de-Aimar.local

[2024-03-03 22:02:25 #3 type] 
Type domain.User is not enhanced.

[2024-03-03 22:02:25 #4 type] 
Type domain.Driver is not enhanced.

[2024-03-03 22:02:25 #5 type] 
Type domain.Ride is not enhanced.

[2024-03-03 22:02:25 #6 type] 
Type domain.Traveler is not enhanced.

[2024-03-03 22:02:25 #7 type] 
Type domain.Booking is not enhanced.

------------------------------------------------------------------------------------------------------------------------

[2024-03-03 22:08:30 #1 store] 
Database '/Users/aimarbarrenapol/git/Rides24/src/main/resources/rides.temp' is opened by 3113@MacBook-Air-de-Aimar.local

[2024-03-03 22:08:30 #2 type.registry] 
New type domain.User

[2024-03-03 22:08:30 #3 type.registry] 
New type domain.Driver

[2024-03-03 22:08:30 #4 type] 
Type domain.User is not enhanced.

[2024-03-03 22:08:30 #5 type.registry] 
New type domain.Ride

[2024-03-03 22:08:30 #6 type] 
Type domain.Driver is not enhanced.

[2024-03-03 22:08:30 #7 type] 
Type domain.Ride is not enhanced.

[2024-03-03 22:08:30 #8 type.registry] 
New type domain.Traveler

[2024-03-03 22:08:30 #9 type] 
Type domain.Traveler is not enhanced.

[2024-03-03 22:08:30 #10 type.registry] 
New type java.util.Vector<java.lang.Object>

[2024-03-03 22:08:30 #11 type.registry] 
New type java.util.Vector<domain.Ride>

------------------------------------------------------------------------------------------------------------------------

[2024-03-03 22:08:48 #1 store] 
Database '/Users/aimarbarrenapol/git/Rides24/src/main/resources/rides.temp' has been recovered (tr. 1-7)

[2024-03-03 22:08:48 #2 store] 
Database '/Users/aimarbarrenapol/git/Rides24/src/main/resources/rides.temp' is opened by 3118@MacBook-Air-de-Aimar.local

[2024-03-03 22:08:48 #3 type] 
Type domain.User is not enhanced.

[2024-03-03 22:08:48 #4 type] 
Type domain.Driver is not enhanced.

[2024-03-03 22:08:48 #5 type] 
Type domain.Ride is not enhanced.

[2024-03-03 22:08:48 #6 type] 
Type domain.Traveler is not enhanced.

------------------------------------------------------------------------------------------------------------------------

[2024-03-03 22:13:02 #1 store] 
Database '/Users/aimarbarrenapol/git/Rides24/src/main/resources/rides.temp' has been recovered (tr. 8-12)

[2024-03-03 22:13:02 #2 store] 
Database '/Users/aimarbarrenapol/git/Rides24/src/main/resources/rides.temp' is opened by 3157@MacBook-Air-de-Aimar.local

[2024-03-03 22:13:02 #3 type] 
Type domain.User is not enhanced.

[2024-03-03 22:13:02 #4 type] 
Type domain.Driver is not enhanced.

[2024-03-03 22:13:02 #5 type] 
Type domain.Ride is not enhanced.

[2024-03-03 22:13:02 #6 type] 
Type domain.Traveler is not enhanced.

------------------------------------------------------------------------------------------------------------------------

[2024-03-03 22:18:48 #1 store] 
Database '/Users/aimarbarrenapol/git/Rides24/src/main/resources/rides.temp' has been recovered (tr. 13-14)

[2024-03-03 22:18:48 #2 store] 
Database '/Users/aimarbarrenapol/git/Rides24/src/main/resources/rides.temp' is opened by 3215@MacBook-Air-de-Aimar.local

[2024-03-03 22:18:48 #3 type] 
Type domain.User is not enhanced.

[2024-03-03 22:18:48 #4 type] 
Type domain.Driver is not enhanced.

[2024-03-03 22:18:48 #5 type] 
Type domain.Ride is not enhanced.

[2024-03-03 22:18:48 #6 type] 
Type domain.Traveler is not enhanced.

------------------------------------------------------------------------------------------------------------------------

[2024-03-03 22:22:05 #1 store] 
Database '/Users/aimarbarrenapol/git/Rides24/src/main/resources/rides.temp' is opened by 3270@MacBook-Air-de-Aimar.local

[2024-03-03 22:22:05 #2 type] 
Type domain.User is not enhanced.

[2024-03-03 22:22:05 #3 type] 
Type domain.Driver is not enhanced.

[2024-03-03 22:22:05 #4 type] 
Type domain.Ride is not enhanced.

[2024-03-03 22:22:05 #5 type] 
Type domain.Traveler is not enhanced.

[2024-03-03 22:22:27 #6 type.registry] 
New type domain.Booking

[2024-03-03 22:22:27 #7 type] 
Type domain.Booking is not enhanced.

------------------------------------------------------------------------------------------------------------------------

[2024-03-03 22:24:01 #1 store] 
Database '/Users/aimarbarrenapol/git/Rides24/src/main/resources/rides.temp' is opened by 3296@MacBook-Air-de-Aimar.local

[2024-03-03 22:24:01 #2 type.registry] 
New type domain.User

[2024-03-03 22:24:01 #3 type.registry] 
New type domain.Driver

[2024-03-03 22:24:01 #4 type] 
Type domain.User is not enhanced.

[2024-03-03 22:24:01 #5 type.registry] 
New type domain.Ride

[2024-03-03 22:24:01 #6 type] 
Type domain.Driver is not enhanced.

[2024-03-03 22:24:01 #7 type] 
Type domain.Ride is not enhanced.

[2024-03-03 22:24:01 #8 type.registry] 
New type domain.Traveler

[2024-03-03 22:24:01 #9 type] 
Type domain.Traveler is not enhanced.

[2024-03-03 22:24:01 #10 type.registry] 
New type java.util.Vector<java.lang.Object>

[2024-03-03 22:24:01 #11 type.registry] 
New type java.util.Vector<domain.Ride>

------------------------------------------------------------------------------------------------------------------------

[2024-03-03 22:24:16 #1 store] 
Database '/Users/aimarbarrenapol/git/Rides24/src/main/resources/rides.temp' has been recovered (tr. 1-7)

[2024-03-03 22:24:16 #2 store] 
Database '/Users/aimarbarrenapol/git/Rides24/src/main/resources/rides.temp' is opened by 3298@MacBook-Air-de-Aimar.local

[2024-03-03 22:24:16 #3 type] 
Type domain.User is not enhanced.

[2024-03-03 22:24:16 #4 type] 
Type domain.Driver is not enhanced.

[2024-03-03 22:24:16 #5 type] 
Type domain.Ride is not enhanced.

[2024-03-03 22:24:16 #6 type] 
Type domain.Traveler is not enhanced.

[2024-03-03 22:26:30 #7 type.registry] 
New type domain.Booking

[2024-03-03 22:26:30 #8 type] 
Type domain.Booking is not enhanced.

------------------------------------------------------------------------------------------------------------------------

[2024-03-03 22:28:00 #1 store] 
Database '/Users/aimarbarrenapol/git/Rides24/src/main/resources/rides.temp' has been recovered (tr. 8-17)

[2024-03-03 22:28:00 #2 store] 
Database '/Users/aimarbarrenapol/git/Rides24/src/main/resources/rides.temp' is opened by 3358@MacBook-Air-de-Aimar.local

[2024-03-03 22:28:00 #3 type] 
Type domain.User is not enhanced.

[2024-03-03 22:28:00 #4 type] 
Type domain.Driver is not enhanced.

[2024-03-03 22:28:00 #5 type] 
Type domain.Ride is not enhanced.

[2024-03-03 22:28:00 #6 type] 
Type domain.Traveler is not enhanced.

[2024-03-03 22:28:00 #7 type] 
Type domain.Booking is not enhanced.

