------------------------------------------------------------------------------------------------------------------------

[2024-03-01 17:51:21 #1 store] 
Database '/Users/aimarbarrenapol/git/Rides24/src/main/resources/rides.temp' is opened by 10835@MacBook-Air-de-Aimar.local

[2024-03-01 17:51:21 #2 type] 
Type domain.Driver is not enhanced.

[2024-03-01 17:51:21 #3 type] 
Type domain.Ride is not enhanced.

------------------------------------------------------------------------------------------------------------------------

[2024-03-01 17:56:02 #1 store] 
Database '/Users/aimarbarrenapol/git/Rides24/src/main/resources/rides.temp' is opened by 10860@MacBook-Air-de-Aimar.local

[2024-03-01 17:56:02 #2 type] 
Type domain.Driver is not enhanced.

[2024-03-01 17:56:02 #3 type] 
Type domain.Ride is not enhanced.

------------------------------------------------------------------------------------------------------------------------

[2024-03-01 17:57:36 #1 store] 
Database '/Users/aimarbarrenapol/git/Rides24/src/main/resources/rides.temp' is opened by 10866@MacBook-Air-de-Aimar.local

[2024-03-01 17:57:36 #2 type] 
Type domain.Driver is not enhanced.

[2024-03-01 17:57:36 #3 type] 
Type domain.Ride is not enhanced.

------------------------------------------------------------------------------------------------------------------------

[2024-03-01 17:58:07 #1 store] 
Database '/Users/aimarbarrenapol/git/Rides24/src/main/resources/rides.temp' is opened by 10867@MacBook-Air-de-Aimar.local

[2024-03-01 17:58:07 #2 type] 
Type domain.Driver is not enhanced.

[2024-03-01 17:58:07 #3 type] 
Type domain.Ride is not enhanced.

------------------------------------------------------------------------------------------------------------------------

[2024-03-01 17:59:32 #1 store] 
Database '/Users/aimarbarrenapol/git/Rides24/src/main/resources/rides.temp' is opened by 10876@MacBook-Air-de-Aimar.local

[2024-03-01 17:59:32 #2 type] 
Type domain.Driver is not enhanced.

[2024-03-01 17:59:32 #3 type] 
Type domain.Ride is not enhanced.

