------------------------------------------------------------------------------------------------------------------------

[2024-04-24 11:28:29 #1 store] 
Database '/Users/aimarbarrenapol/git/13/Rides24/src/main/resources/rides.temp' is opened by 6620@MacBook-Air-de-Aimar-2.local

[2024-04-24 11:28:30 #2 type.registry] 
New type domain.Ride

[2024-04-24 11:28:30 #3 type] 
Type domain.Ride is not enhanced.

[2024-04-24 11:28:30 #4 type.registry] 
New type domain.Car

[2024-04-24 11:28:30 #5 type.registry] 
New type domain.User

[2024-04-24 11:28:30 #6 type.registry] 
New type domain.Driver

[2024-04-24 11:28:30 #7 type] 
Type domain.Car is not enhanced.

[2024-04-24 11:28:30 #8 type] 
Type domain.User is not enhanced.

[2024-04-24 11:28:30 #9 type.registry] 
New type domain.DiruMugimendu

[2024-04-24 11:28:30 #10 type.registry] 
New type java.util.ArrayList<domain.DiruMugimendu>

[2024-04-24 11:28:30 #11 type] 
Type domain.Driver is not enhanced.

[2024-04-24 11:28:30 #12 type.registry] 
New type java.util.ArrayList<domain.Car>

[2024-04-24 11:28:30 #13 type] 
Type domain.DiruMugimendu is not enhanced.

[2024-04-24 11:28:30 #14 type.registry] 
New type domain.Booking

[2024-04-24 11:28:30 #15 type] 
Type domain.Booking is not enhanced.

[2024-04-24 11:28:30 #16 type.registry] 
New type domain.Traveler

[2024-04-24 11:28:30 #17 type] 
Type domain.Traveler is not enhanced.

[2024-04-24 11:28:30 #18 type.registry] 
New type java.util.Vector<java.lang.Object>

[2024-04-24 11:28:30 #19 type.registry] 
New type java.util.ArrayList<java.lang.Object>

[2024-04-24 11:28:30 #20 type.registry] 
New type java.util.Vector<domain.Ride>

------------------------------------------------------------------------------------------------------------------------

[2024-04-24 11:30:27 #1 store] 
Database '/Users/aimarbarrenapol/git/13/Rides24/src/main/resources/rides.temp' has been recovered (tr. 1-12)

[2024-04-24 11:30:27 #2 store] 
Database '/Users/aimarbarrenapol/git/13/Rides24/src/main/resources/rides.temp' is opened by 6641@MacBook-Air-de-Aimar-2.local

[2024-04-24 11:30:27 #3 type] 
Type domain.Ride is not enhanced.

[2024-04-24 11:30:27 #4 type] 
Type domain.Car is not enhanced.

[2024-04-24 11:30:27 #5 type] 
Type domain.User is not enhanced.

[2024-04-24 11:30:27 #6 type] 
Type domain.Driver is not enhanced.

[2024-04-24 11:30:27 #7 type] 
Type domain.DiruMugimendu is not enhanced.

[2024-04-24 11:30:27 #8 type] 
Type domain.Booking is not enhanced.

[2024-04-24 11:30:27 #9 type] 
Type domain.Traveler is not enhanced.

------------------------------------------------------------------------------------------------------------------------

[2024-04-24 11:33:04 #1 store] 
Database '/Users/aimarbarrenapol/git/13/Rides24/src/main/resources/rides.temp' is opened by 6667@MacBook-Air-de-Aimar-2.local

[2024-04-24 11:33:04 #2 type] 
Type domain.Ride is not enhanced.

[2024-04-24 11:33:04 #3 type] 
Type domain.Car is not enhanced.

[2024-04-24 11:33:04 #4 type] 
Type domain.User is not enhanced.

[2024-04-24 11:33:04 #5 type] 
Type domain.Driver is not enhanced.

[2024-04-24 11:33:04 #6 type] 
Type domain.DiruMugimendu is not enhanced.

[2024-04-24 11:33:04 #7 type] 
Type domain.Booking is not enhanced.

[2024-04-24 11:33:04 #8 type] 
Type domain.Traveler is not enhanced.

------------------------------------------------------------------------------------------------------------------------

[2024-04-24 11:43:22 #1 store] 
Database '/Users/aimarbarrenapol/git/13/Rides24/src/main/resources/rides.temp' has been recovered (tr. 13-14)

[2024-04-24 11:43:22 #2 store] 
Database '/Users/aimarbarrenapol/git/13/Rides24/src/main/resources/rides.temp' is opened by 6759@MacBook-Air-de-Aimar-2.local

[2024-04-24 11:43:22 #3 type] 
Type domain.Ride is not enhanced.

[2024-04-24 11:43:22 #4 type] 
Type domain.Car is not enhanced.

[2024-04-24 11:43:22 #5 type] 
Type domain.User is not enhanced.

[2024-04-24 11:43:22 #6 type] 
Type domain.Driver is not enhanced.

[2024-04-24 11:43:22 #7 type] 
Type domain.DiruMugimendu is not enhanced.

[2024-04-24 11:43:22 #8 type] 
Type domain.Booking is not enhanced.

[2024-04-24 11:43:22 #9 type] 
Type domain.Traveler is not enhanced.

------------------------------------------------------------------------------------------------------------------------

[2024-04-24 11:44:33 #1 store] 
Database '/Users/aimarbarrenapol/git/13/Rides24/src/main/resources/rides.temp' is opened by 6773@MacBook-Air-de-Aimar-2.local

[2024-04-24 11:44:33 #2 type] 
Type domain.Ride is not enhanced.

[2024-04-24 11:44:33 #3 type] 
Type domain.Car is not enhanced.

[2024-04-24 11:44:33 #4 type] 
Type domain.User is not enhanced.

[2024-04-24 11:44:33 #5 type] 
Type domain.Driver is not enhanced.

[2024-04-24 11:44:33 #6 type] 
Type domain.DiruMugimendu is not enhanced.

[2024-04-24 11:44:33 #7 type] 
Type domain.Booking is not enhanced.

[2024-04-24 11:44:33 #8 type] 
Type domain.Traveler is not enhanced.

------------------------------------------------------------------------------------------------------------------------

[2024-04-24 11:45:51 #1 store] 
Database '/Users/aimarbarrenapol/git/13/Rides24/src/main/resources/rides.temp' is opened by 6787@MacBook-Air-de-Aimar-2.local

[2024-04-24 11:45:51 #2 type] 
Type domain.Ride is not enhanced.

[2024-04-24 11:45:51 #3 type] 
Type domain.Car is not enhanced.

[2024-04-24 11:45:51 #4 type] 
Type domain.User is not enhanced.

[2024-04-24 11:45:51 #5 type] 
Type domain.Driver is not enhanced.

[2024-04-24 11:45:51 #6 type] 
Type domain.DiruMugimendu is not enhanced.

[2024-04-24 11:45:51 #7 type] 
Type domain.Booking is not enhanced.

[2024-04-24 11:45:51 #8 type] 
Type domain.Traveler is not enhanced.

------------------------------------------------------------------------------------------------------------------------

[2024-04-24 11:48:24 #1 store] 
Database '/Users/aimarbarrenapol/git/13/Rides24/src/main/resources/rides.temp' has been recovered (tr. 15-15)

[2024-04-24 11:48:24 #2 store] 
Database '/Users/aimarbarrenapol/git/13/Rides24/src/main/resources/rides.temp' is opened by 6820@MacBook-Air-de-Aimar-2.local

[2024-04-24 11:48:24 #3 type] 
Type domain.Ride is not enhanced.

[2024-04-24 11:48:24 #4 type] 
Type domain.Car is not enhanced.

[2024-04-24 11:48:24 #5 type] 
Type domain.User is not enhanced.

[2024-04-24 11:48:24 #6 type] 
Type domain.Driver is not enhanced.

[2024-04-24 11:48:24 #7 type] 
Type domain.DiruMugimendu is not enhanced.

[2024-04-24 11:48:24 #8 type] 
Type domain.Booking is not enhanced.

[2024-04-24 11:48:24 #9 type] 
Type domain.Traveler is not enhanced.

------------------------------------------------------------------------------------------------------------------------

[2024-04-24 11:50:31 #1 store] 
Database '/Users/aimarbarrenapol/git/13/Rides24/src/main/resources/rides.temp' is opened by 6853@MacBook-Air-de-Aimar-2.local

[2024-04-24 11:50:32 #2 type] 
Type domain.Ride is not enhanced.

[2024-04-24 11:50:32 #3 type] 
Type domain.Car is not enhanced.

[2024-04-24 11:50:32 #4 type] 
Type domain.User is not enhanced.

[2024-04-24 11:50:32 #5 type] 
Type domain.Driver is not enhanced.

[2024-04-24 11:50:32 #6 type] 
Type domain.DiruMugimendu is not enhanced.

[2024-04-24 11:50:32 #7 type] 
Type domain.Booking is not enhanced.

[2024-04-24 11:50:32 #8 type] 
Type domain.Traveler is not enhanced.

------------------------------------------------------------------------------------------------------------------------

[2024-04-24 11:54:03 #1 store] 
Database '/Users/aimarbarrenapol/git/13/Rides24/src/main/resources/rides.temp' has been recovered (tr. 16-25)

[2024-04-24 11:54:03 #2 store] 
Database '/Users/aimarbarrenapol/git/13/Rides24/src/main/resources/rides.temp' is opened by 6900@MacBook-Air-de-Aimar-2.local

[2024-04-24 11:54:03 #3 type] 
Type domain.Ride is not enhanced.

[2024-04-24 11:54:03 #4 type] 
Type domain.Car is not enhanced.

[2024-04-24 11:54:03 #5 type] 
Type domain.User is not enhanced.

[2024-04-24 11:54:03 #6 type] 
Type domain.Driver is not enhanced.

[2024-04-24 11:54:03 #7 type] 
Type domain.DiruMugimendu is not enhanced.

[2024-04-24 11:54:03 #8 type] 
Type domain.Booking is not enhanced.

[2024-04-24 11:54:03 #9 type] 
Type domain.Traveler is not enhanced.

------------------------------------------------------------------------------------------------------------------------

[2024-04-24 11:56:32 #1 store] 
Database '/Users/aimarbarrenapol/git/13/Rides24/src/main/resources/rides.temp' has been recovered (tr. 26-33)

[2024-04-24 11:56:32 #2 store] 
Database '/Users/aimarbarrenapol/git/13/Rides24/src/main/resources/rides.temp' is opened by 6925@MacBook-Air-de-Aimar-2.local

[2024-04-24 11:56:32 #3 type] 
Type domain.Ride is not enhanced.

[2024-04-24 11:56:32 #4 type] 
Type domain.Car is not enhanced.

[2024-04-24 11:56:32 #5 type] 
Type domain.User is not enhanced.

[2024-04-24 11:56:32 #6 type] 
Type domain.Driver is not enhanced.

[2024-04-24 11:56:32 #7 type] 
Type domain.DiruMugimendu is not enhanced.

[2024-04-24 11:56:32 #8 type] 
Type domain.Booking is not enhanced.

[2024-04-24 11:56:32 #9 type] 
Type domain.Traveler is not enhanced.

------------------------------------------------------------------------------------------------------------------------

[2024-04-24 12:03:15 #1 store] 
Database '/Users/aimarbarrenapol/git/13/Rides24/src/main/resources/rides.temp' is opened by 7002@MacBook-Air-de-Aimar-2.local

[2024-04-24 12:03:15 #2 type] 
Type domain.Ride is not enhanced.

[2024-04-24 12:03:15 #3 type] 
Type domain.Car is not enhanced.

[2024-04-24 12:03:15 #4 type] 
Type domain.User is not enhanced.

[2024-04-24 12:03:15 #5 type] 
Type domain.Driver is not enhanced.

[2024-04-24 12:03:15 #6 type] 
Type domain.DiruMugimendu is not enhanced.

[2024-04-24 12:03:15 #7 type] 
Type domain.Booking is not enhanced.

[2024-04-24 12:03:15 #8 type] 
Type domain.Traveler is not enhanced.

------------------------------------------------------------------------------------------------------------------------

[2024-04-24 12:08:10 #1 store] 
Database '/Users/aimarbarrenapol/git/13/Rides24/src/main/resources/rides.temp' is opened by 7082@MacBook-Air-de-Aimar-2.local

[2024-04-24 12:08:10 #2 type] 
Type domain.Ride is not enhanced.

[2024-04-24 12:08:10 #3 type] 
Type domain.Car is not enhanced.

[2024-04-24 12:08:10 #4 type] 
Type domain.User is not enhanced.

[2024-04-24 12:08:10 #5 type] 
Type domain.Driver is not enhanced.

[2024-04-24 12:08:10 #6 type] 
Type domain.DiruMugimendu is not enhanced.

[2024-04-24 12:08:10 #7 type] 
Type domain.Booking is not enhanced.

[2024-04-24 12:08:10 #8 type] 
Type domain.Traveler is not enhanced.

------------------------------------------------------------------------------------------------------------------------

[2024-04-24 12:10:54 #1 store] 
Database '/Users/aimarbarrenapol/git/13/Rides24/src/main/resources/rides.temp' is opened by 7116@MacBook-Air-de-Aimar-2.local

[2024-04-24 12:10:54 #2 type] 
Type domain.Ride is not enhanced.

[2024-04-24 12:10:54 #3 type] 
Type domain.Car is not enhanced.

[2024-04-24 12:10:54 #4 type] 
Type domain.User is not enhanced.

[2024-04-24 12:10:54 #5 type] 
Type domain.Driver is not enhanced.

[2024-04-24 12:10:54 #6 type] 
Type domain.DiruMugimendu is not enhanced.

[2024-04-24 12:10:54 #7 type] 
Type domain.Booking is not enhanced.

[2024-04-24 12:10:54 #8 type] 
Type domain.Traveler is not enhanced.

[2024-04-24 12:11:23 #9 type.registry] 
New type domain.Balorazio

[2024-04-24 12:11:23 #10 type] 
Type domain.Balorazio is not enhanced.

------------------------------------------------------------------------------------------------------------------------

[2024-04-24 12:20:19 #1 store] 
Database '/Users/aimarbarrenapol/git/13/Rides24/src/main/resources/rides.temp' has been recovered (tr. 40-44)

[2024-04-24 12:20:19 #2 store] 
Database '/Users/aimarbarrenapol/git/13/Rides24/src/main/resources/rides.temp' is opened by 7236@MacBook-Air-de-Aimar-2.local

[2024-04-24 12:20:19 #3 type] 
Type domain.Ride is not enhanced.

[2024-04-24 12:20:19 #4 type] 
Type domain.Car is not enhanced.

[2024-04-24 12:20:19 #5 type] 
Type domain.User is not enhanced.

[2024-04-24 12:20:19 #6 type] 
Type domain.Driver is not enhanced.

[2024-04-24 12:20:19 #7 type] 
Type domain.DiruMugimendu is not enhanced.

[2024-04-24 12:20:19 #8 type] 
Type domain.Booking is not enhanced.

[2024-04-24 12:20:19 #9 type] 
Type domain.Traveler is not enhanced.

[2024-04-24 12:20:19 #10 type] 
Type domain.Balorazio is not enhanced.

------------------------------------------------------------------------------------------------------------------------

[2024-04-24 12:28:23 #1 store] 
Database '/Users/aimarbarrenapol/git/13/Rides24/src/main/resources/rides.temp' is opened by 7316@MacBook-Air-de-Aimar-2.local

[2024-04-24 12:28:23 #2 type] 
Type domain.Ride is not enhanced.

[2024-04-24 12:28:23 #3 type] 
Type domain.Car is not enhanced.

[2024-04-24 12:28:23 #4 type] 
Type domain.User is not enhanced.

[2024-04-24 12:28:23 #5 type] 
Type domain.Driver is not enhanced.

[2024-04-24 12:28:23 #6 type] 
Type domain.DiruMugimendu is not enhanced.

[2024-04-24 12:28:23 #7 type] 
Type domain.Booking is not enhanced.

[2024-04-24 12:28:23 #8 type] 
Type domain.Traveler is not enhanced.

[2024-04-24 12:28:23 #9 type] 
Type domain.Balorazio is not enhanced.

------------------------------------------------------------------------------------------------------------------------

[2024-04-24 12:36:20 #1 store] 
Database '/Users/aimarbarrenapol/git/13/Rides24/src/main/resources/rides.temp' is opened by 7344@MacBook-Air-de-Aimar-2.local

[2024-04-24 12:36:20 #2 type] 
Type domain.Ride is not enhanced.

[2024-04-24 12:36:20 #3 type] 
Type domain.Car is not enhanced.

[2024-04-24 12:36:20 #4 type] 
Type domain.User is not enhanced.

[2024-04-24 12:36:20 #5 type] 
Type domain.Driver is not enhanced.

[2024-04-24 12:36:20 #6 type] 
Type domain.DiruMugimendu is not enhanced.

[2024-04-24 12:36:20 #7 type] 
Type domain.Booking is not enhanced.

[2024-04-24 12:36:20 #8 type] 
Type domain.Traveler is not enhanced.

[2024-04-24 12:36:20 #9 type] 
Type domain.Balorazio is not enhanced.

------------------------------------------------------------------------------------------------------------------------

[2024-04-24 12:37:16 #1 store] 
Database '/Users/aimarbarrenapol/git/13/Rides24/src/main/resources/rides.temp' is opened by 7347@MacBook-Air-de-Aimar-2.local

[2024-04-24 12:37:16 #2 type] 
Type domain.Ride is not enhanced.

[2024-04-24 12:37:16 #3 type] 
Type domain.Car is not enhanced.

[2024-04-24 12:37:16 #4 type] 
Type domain.User is not enhanced.

[2024-04-24 12:37:16 #5 type] 
Type domain.Driver is not enhanced.

[2024-04-24 12:37:16 #6 type] 
Type domain.DiruMugimendu is not enhanced.

[2024-04-24 12:37:16 #7 type] 
Type domain.Booking is not enhanced.

[2024-04-24 12:37:16 #8 type] 
Type domain.Traveler is not enhanced.

[2024-04-24 12:37:16 #9 type] 
Type domain.Balorazio is not enhanced.

------------------------------------------------------------------------------------------------------------------------

[2024-04-24 12:38:29 #1 store] 
Database '/Users/aimarbarrenapol/git/13/Rides24/src/main/resources/rides.temp' is opened by 7350@MacBook-Air-de-Aimar-2.local

[2024-04-24 12:38:29 #2 type] 
Type domain.Ride is not enhanced.

[2024-04-24 12:38:29 #3 type] 
Type domain.Car is not enhanced.

[2024-04-24 12:38:29 #4 type] 
Type domain.User is not enhanced.

[2024-04-24 12:38:29 #5 type] 
Type domain.Driver is not enhanced.

[2024-04-24 12:38:29 #6 type] 
Type domain.DiruMugimendu is not enhanced.

[2024-04-24 12:38:29 #7 type] 
Type domain.Booking is not enhanced.

[2024-04-24 12:38:29 #8 type] 
Type domain.Traveler is not enhanced.

[2024-04-24 12:38:29 #9 type] 
Type domain.Balorazio is not enhanced.

------------------------------------------------------------------------------------------------------------------------

[2024-04-24 14:44:06 #1 store] 
Database '/Users/aimarbarrenapol/git/13/Rides24/src/main/resources/rides.temp' is opened by 7684@MacBook-Air-de-Aimar-2.local

[2024-04-24 14:44:06 #2 type] 
Type domain.Ride is not enhanced.

[2024-04-24 14:44:06 #3 type] 
Type domain.Car is not enhanced.

[2024-04-24 14:44:06 #4 type] 
Type domain.User is not enhanced.

[2024-04-24 14:44:06 #5 type] 
Type domain.Driver is not enhanced.

[2024-04-24 14:44:06 #6 type] 
Type domain.DiruMugimendu is not enhanced.

[2024-04-24 14:44:06 #7 type] 
Type domain.Booking is not enhanced.

[2024-04-24 14:44:06 #8 type] 
Type domain.Traveler is not enhanced.

[2024-04-24 14:44:06 #9 type] 
Type domain.Balorazio is not enhanced.

------------------------------------------------------------------------------------------------------------------------

[2024-04-24 14:45:26 #1 store] 
Database '/Users/aimarbarrenapol/git/13/Rides24/src/main/resources/rides.temp' is opened by 7690@MacBook-Air-de-Aimar-2.local

[2024-04-24 14:45:26 #2 type] 
Type domain.Ride is not enhanced.

[2024-04-24 14:45:26 #3 type] 
Type domain.Car is not enhanced.

[2024-04-24 14:45:26 #4 type] 
Type domain.User is not enhanced.

[2024-04-24 14:45:26 #5 type] 
Type domain.Driver is not enhanced.

[2024-04-24 14:45:26 #6 type] 
Type domain.DiruMugimendu is not enhanced.

[2024-04-24 14:45:26 #7 type] 
Type domain.Booking is not enhanced.

[2024-04-24 14:45:26 #8 type] 
Type domain.Traveler is not enhanced.

[2024-04-24 14:45:26 #9 type] 
Type domain.Balorazio is not enhanced.

------------------------------------------------------------------------------------------------------------------------

[2024-04-24 14:58:14 #1 store] 
Database '/Users/aimarbarrenapol/git/13/Rides24/src/main/resources/rides.temp' is opened by 7735@MacBook-Air-de-Aimar-2.local

[2024-04-24 14:58:14 #2 type] 
Type domain.Ride is not enhanced.

[2024-04-24 14:58:14 #3 type] 
Type domain.Car is not enhanced.

[2024-04-24 14:58:14 #4 type] 
Type domain.User is not enhanced.

[2024-04-24 14:58:14 #5 type] 
Type domain.Driver is not enhanced.

[2024-04-24 14:58:14 #6 type] 
Type domain.DiruMugimendu is not enhanced.

[2024-04-24 14:58:14 #7 type] 
Type domain.Booking is not enhanced.

[2024-04-24 14:58:14 #8 type] 
Type domain.Traveler is not enhanced.

[2024-04-24 14:58:14 #9 type] 
Type domain.Balorazio is not enhanced.

------------------------------------------------------------------------------------------------------------------------

[2024-04-24 15:24:01 #1 store] 
Database '/Users/aimarbarrenapol/git/13/Rides24/src/main/resources/rides.temp' is opened by 7844@MacBook-Air-de-Aimar-2.local

[2024-04-24 15:24:01 #2 type] 
Type domain.Ride is not enhanced.

[2024-04-24 15:24:01 #3 type] 
Type domain.Car is not enhanced.

[2024-04-24 15:24:01 #4 type] 
Type domain.User is not enhanced.

[2024-04-24 15:24:01 #5 type] 
Type domain.Driver is not enhanced.

[2024-04-24 15:24:01 #6 type] 
Type domain.DiruMugimendu is not enhanced.

[2024-04-24 15:24:01 #7 type] 
Type domain.Booking is not enhanced.

[2024-04-24 15:24:01 #8 type] 
Type domain.Traveler is not enhanced.

[2024-04-24 15:24:01 #9 type] 
Type domain.Balorazio is not enhanced.

------------------------------------------------------------------------------------------------------------------------

[2024-04-24 15:24:32 #1 store] 
Database '/Users/aimarbarrenapol/git/13/Rides24/src/main/resources/rides.temp' has been recovered (tr. 45-45)

[2024-04-24 15:24:32 #2 store] 
Database '/Users/aimarbarrenapol/git/13/Rides24/src/main/resources/rides.temp' is opened by 7850@MacBook-Air-de-Aimar-2.local

[2024-04-24 15:24:32 #3 type] 
Type domain.Ride is not enhanced.

[2024-04-24 15:24:32 #4 type] 
Type domain.Car is not enhanced.

[2024-04-24 15:24:32 #5 type] 
Type domain.User is not enhanced.

[2024-04-24 15:24:32 #6 type] 
Type domain.Driver is not enhanced.

[2024-04-24 15:24:32 #7 type] 
Type domain.DiruMugimendu is not enhanced.

[2024-04-24 15:24:32 #8 type] 
Type domain.Booking is not enhanced.

[2024-04-24 15:24:32 #9 type] 
Type domain.Traveler is not enhanced.

[2024-04-24 15:24:32 #10 type] 
Type domain.Balorazio is not enhanced.

------------------------------------------------------------------------------------------------------------------------

[2024-04-24 15:26:44 #1 store] 
Database '/Users/aimarbarrenapol/git/13/Rides24/src/main/resources/rides.temp' has been recovered (tr. 46-50)

[2024-04-24 15:26:44 #2 store] 
Database '/Users/aimarbarrenapol/git/13/Rides24/src/main/resources/rides.temp' is opened by 7873@MacBook-Air-de-Aimar-2.local

[2024-04-24 15:26:44 #3 type] 
Type domain.Ride is not enhanced.

[2024-04-24 15:26:44 #4 type] 
Type domain.Car is not enhanced.

[2024-04-24 15:26:44 #5 type] 
Type domain.User is not enhanced.

[2024-04-24 15:26:44 #6 type] 
Type domain.Driver is not enhanced.

[2024-04-24 15:26:44 #7 type] 
Type domain.DiruMugimendu is not enhanced.

[2024-04-24 15:26:44 #8 type] 
Type domain.Booking is not enhanced.

[2024-04-24 15:26:44 #9 type] 
Type domain.Traveler is not enhanced.

[2024-04-24 15:26:44 #10 type] 
Type domain.Balorazio is not enhanced.

