------------------------------------------------------------------------------------------------------------------------

[2024-04-23 12:32:55 #1 store] 
Database 'C:\Users\Burbu\git\13\Rides24\src\main\resources\rides.temp' has been recovered (tr. 66-69)

[2024-04-23 12:32:56 #2 store] 
Database 'C:\Users\Burbu\git\13\Rides24\src\main\resources\rides.temp' is opened by 2668@DESKTOP-PK3U990

[2024-04-23 12:32:56 #3 type] 
Type domain.User is not enhanced.

[2024-04-23 12:32:56 #4 type] 
Type domain.Driver is not enhanced.

[2024-04-23 12:32:56 #5 type] 
Type domain.DiruMugimendu is not enhanced.

[2024-04-23 12:32:56 #6 type] 
Type domain.Ride is not enhanced.

[2024-04-23 12:32:56 #7 type] 
Type domain.Car is not enhanced.

[2024-04-23 12:32:56 #8 type] 
Type domain.Traveler is not enhanced.

[2024-04-23 12:32:56 #9 type] 
Type domain.Booking is not enhanced.

------------------------------------------------------------------------------------------------------------------------

[2024-04-23 12:39:54 #1 store] 
Database 'C:\Users\Burbu\git\13\Rides24\src\main\resources\rides.temp' is opened by 8220@DESKTOP-PK3U990

[2024-04-23 12:39:54 #2 type] 
Type domain.User is not enhanced.

[2024-04-23 12:39:54 #3 type] 
Type domain.Driver is not enhanced.

[2024-04-23 12:39:54 #4 type] 
Type domain.DiruMugimendu is not enhanced.

[2024-04-23 12:39:54 #5 type] 
Type domain.Ride is not enhanced.

[2024-04-23 12:39:54 #6 type] 
Type domain.Car is not enhanced.

[2024-04-23 12:39:54 #7 type] 
Type domain.Traveler is not enhanced.

[2024-04-23 12:39:54 #8 type] 
Type domain.Booking is not enhanced.

------------------------------------------------------------------------------------------------------------------------

[2024-04-23 13:06:50 #1 store] 
Database 'C:\Users\Burbu\git\13\Rides24\src\main\resources\rides.temp' has been recovered (tr. 70-70)

[2024-04-23 13:06:50 #2 store] 
Database 'C:\Users\Burbu\git\13\Rides24\src\main\resources\rides.temp' is opened by 2116@DESKTOP-PK3U990

[2024-04-23 13:06:50 #3 type] 
Type domain.User is not enhanced.

[2024-04-23 13:06:50 #4 type] 
Type domain.Driver is not enhanced.

[2024-04-23 13:06:50 #5 type] 
Type domain.DiruMugimendu is not enhanced.

[2024-04-23 13:06:50 #6 type] 
Type domain.Ride is not enhanced.

[2024-04-23 13:06:50 #7 type] 
Type domain.Car is not enhanced.

[2024-04-23 13:06:50 #8 type] 
Type domain.Traveler is not enhanced.

[2024-04-23 13:06:50 #9 type] 
Type domain.Booking is not enhanced.

------------------------------------------------------------------------------------------------------------------------

[2024-04-23 13:09:58 #1 store] 
Database 'C:\Users\Burbu\git\13\Rides24\src\main\resources\rides.temp' is opened by 14208@DESKTOP-PK3U990

[2024-04-23 13:09:58 #2 type.registry] 
New type domain.User

[2024-04-23 13:09:58 #3 type.registry] 
New type domain.Driver

[2024-04-23 13:09:58 #4 type] 
Type domain.User is not enhanced.

[2024-04-23 13:09:58 #5 type.registry] 
New type domain.DiruMugimendu

[2024-04-23 13:09:58 #6 type.registry] 
New type java.util.ArrayList<domain.DiruMugimendu>

[2024-04-23 13:09:58 #7 type.registry] 
New type domain.Ride

[2024-04-23 13:09:58 #8 type] 
Type domain.Driver is not enhanced.

[2024-04-23 13:09:58 #9 type.registry] 
New type domain.Car

[2024-04-23 13:09:58 #10 type.registry] 
New type java.util.ArrayList<domain.Car>

[2024-04-23 13:09:58 #11 type] 
Type domain.DiruMugimendu is not enhanced.

[2024-04-23 13:09:58 #12 type] 
Type domain.Ride is not enhanced.

[2024-04-23 13:09:58 #13 type] 
Type domain.Car is not enhanced.

[2024-04-23 13:09:58 #14 type.registry] 
New type domain.Traveler

[2024-04-23 13:09:58 #15 type] 
Type domain.Traveler is not enhanced.

[2024-04-23 13:09:58 #16 type.registry] 
New type java.util.Vector<java.lang.Object>

[2024-04-23 13:09:58 #17 type.registry] 
New type java.util.ArrayList<java.lang.Object>

[2024-04-23 13:09:58 #18 type.registry] 
New type java.util.Vector<domain.Ride>

[2024-04-23 13:10:38 #19 type.registry] 
New type domain.Booking

[2024-04-23 13:10:38 #20 type] 
Type domain.Booking is not enhanced.

------------------------------------------------------------------------------------------------------------------------

[2024-04-23 13:12:36 #1 store] 
Database 'C:\Users\Burbu\git\13\Rides24\src\main\resources\rides.temp' is opened by 18300@DESKTOP-PK3U990

[2024-04-23 13:12:37 #2 type.registry] 
New type domain.User

[2024-04-23 13:12:37 #3 type.registry] 
New type domain.Driver

[2024-04-23 13:12:37 #4 type] 
Type domain.User is not enhanced.

[2024-04-23 13:12:37 #5 type.registry] 
New type domain.DiruMugimendu

[2024-04-23 13:12:37 #6 type.registry] 
New type java.util.ArrayList<domain.DiruMugimendu>

[2024-04-23 13:12:37 #7 type.registry] 
New type domain.Ride

[2024-04-23 13:12:37 #8 type] 
Type domain.Driver is not enhanced.

[2024-04-23 13:12:37 #9 type.registry] 
New type domain.Car

[2024-04-23 13:12:37 #10 type.registry] 
New type java.util.ArrayList<domain.Car>

[2024-04-23 13:12:37 #11 type] 
Type domain.DiruMugimendu is not enhanced.

[2024-04-23 13:12:37 #12 type] 
Type domain.Ride is not enhanced.

[2024-04-23 13:12:37 #13 type] 
Type domain.Car is not enhanced.

[2024-04-23 13:12:37 #14 type.registry] 
New type domain.Traveler

[2024-04-23 13:12:37 #15 type] 
Type domain.Traveler is not enhanced.

[2024-04-23 13:12:37 #16 type.registry] 
New type java.util.Vector<java.lang.Object>

[2024-04-23 13:12:37 #17 type.registry] 
New type java.util.ArrayList<java.lang.Object>

[2024-04-23 13:12:37 #18 type.registry] 
New type java.util.Vector<domain.Ride>

[2024-04-23 13:12:59 #19 type.registry] 
New type domain.Booking

[2024-04-23 13:12:59 #20 type] 
Type domain.Booking is not enhanced.

------------------------------------------------------------------------------------------------------------------------

[2024-04-23 13:15:43 #1 store] 
Database 'C:\Users\Burbu\git\13\Rides24\src\main\resources\rides.temp' is opened by 7428@DESKTOP-PK3U990

[2024-04-23 13:15:44 #2 type.registry] 
New type domain.User

[2024-04-23 13:15:44 #3 type.registry] 
New type domain.Driver

[2024-04-23 13:15:44 #4 type] 
Type domain.User is not enhanced.

[2024-04-23 13:15:44 #5 type.registry] 
New type domain.DiruMugimendu

[2024-04-23 13:15:44 #6 type.registry] 
New type java.util.ArrayList<domain.DiruMugimendu>

[2024-04-23 13:15:44 #7 type.registry] 
New type domain.Ride

[2024-04-23 13:15:44 #8 type] 
Type domain.Driver is not enhanced.

[2024-04-23 13:15:44 #9 type.registry] 
New type domain.Car

[2024-04-23 13:15:44 #10 type.registry] 
New type java.util.ArrayList<domain.Car>

[2024-04-23 13:15:44 #11 type] 
Type domain.DiruMugimendu is not enhanced.

[2024-04-23 13:15:44 #12 type] 
Type domain.Ride is not enhanced.

[2024-04-23 13:15:44 #13 type] 
Type domain.Car is not enhanced.

[2024-04-23 13:15:44 #14 type.registry] 
New type domain.Traveler

[2024-04-23 13:15:44 #15 type] 
Type domain.Traveler is not enhanced.

[2024-04-23 13:15:44 #16 type.registry] 
New type java.util.Vector<java.lang.Object>

[2024-04-23 13:15:44 #17 type.registry] 
New type java.util.ArrayList<java.lang.Object>

[2024-04-23 13:15:44 #18 type.registry] 
New type java.util.Vector<domain.Ride>

------------------------------------------------------------------------------------------------------------------------

[2024-04-23 13:16:07 #1 store] 
Database 'C:\Users\Burbu\git\13\Rides24\src\main\resources\rides.temp' is opened by 8088@DESKTOP-PK3U990

[2024-04-23 13:16:07 #2 type.registry] 
New type domain.User

[2024-04-23 13:16:07 #3 type.registry] 
New type domain.Driver

[2024-04-23 13:16:07 #4 type] 
Type domain.User is not enhanced.

[2024-04-23 13:16:07 #5 type.registry] 
New type domain.DiruMugimendu

[2024-04-23 13:16:07 #6 type.registry] 
New type java.util.ArrayList<domain.DiruMugimendu>

[2024-04-23 13:16:07 #7 type.registry] 
New type domain.Ride

[2024-04-23 13:16:07 #8 type] 
Type domain.Driver is not enhanced.

[2024-04-23 13:16:07 #9 type.registry] 
New type domain.Car

[2024-04-23 13:16:07 #10 type.registry] 
New type java.util.ArrayList<domain.Car>

[2024-04-23 13:16:07 #11 type] 
Type domain.DiruMugimendu is not enhanced.

[2024-04-23 13:16:07 #12 type] 
Type domain.Ride is not enhanced.

[2024-04-23 13:16:07 #13 type] 
Type domain.Car is not enhanced.

[2024-04-23 13:16:07 #14 type.registry] 
New type domain.Traveler

[2024-04-23 13:16:07 #15 type] 
Type domain.Traveler is not enhanced.

[2024-04-23 13:16:07 #16 type.registry] 
New type java.util.Vector<java.lang.Object>

[2024-04-23 13:16:07 #17 type.registry] 
New type java.util.ArrayList<java.lang.Object>

[2024-04-23 13:16:07 #18 type.registry] 
New type java.util.Vector<domain.Ride>

------------------------------------------------------------------------------------------------------------------------

[2024-04-23 13:21:42 #1 store] 
Database 'C:\Users\Burbu\git\13\Rides24\src\main\resources\rides.temp' is opened by 16996@DESKTOP-PK3U990

[2024-04-23 13:21:42 #2 type.registry] 
New type domain.Booking

[2024-04-23 13:21:42 #3 type] 
Type domain.Booking is not enhanced.

[2024-04-23 13:21:42 #4 type.registry] 
New type domain.Ride

[2024-04-23 13:21:42 #5 type.registry] 
New type domain.User

[2024-04-23 13:21:42 #6 type.registry] 
New type domain.Traveler

[2024-04-23 13:21:42 #7 type.registry] 
New type domain.Driver

[2024-04-23 13:21:42 #8 type] 
Type domain.Ride is not enhanced.

[2024-04-23 13:21:42 #9 type.registry] 
New type domain.Car

[2024-04-23 13:21:42 #10 type] 
Type domain.User is not enhanced.

[2024-04-23 13:21:42 #11 type.registry] 
New type domain.DiruMugimendu

[2024-04-23 13:21:42 #12 type.registry] 
New type java.util.ArrayList<domain.DiruMugimendu>

[2024-04-23 13:21:42 #13 type] 
Type domain.Traveler is not enhanced.

[2024-04-23 13:21:42 #14 type] 
Type domain.Driver is not enhanced.

[2024-04-23 13:21:42 #15 type.registry] 
New type java.util.ArrayList<domain.Car>

[2024-04-23 13:21:42 #16 type] 
Type domain.Car is not enhanced.

[2024-04-23 13:21:42 #17 type] 
Type domain.DiruMugimendu is not enhanced.

[2024-04-23 13:21:42 #18 type.registry] 
New type java.util.Vector<java.lang.Object>

[2024-04-23 13:21:42 #19 type.registry] 
New type java.util.ArrayList<java.lang.Object>

------------------------------------------------------------------------------------------------------------------------

[2024-04-23 13:22:12 #1 store] 
Database 'C:\Users\Burbu\git\13\Rides24\src\main\resources\rides.temp' is opened by 16548@DESKTOP-PK3U990

[2024-04-23 13:22:12 #2 type.registry] 
New type domain.Ride

[2024-04-23 13:22:12 #3 type] 
Type domain.Ride is not enhanced.

[2024-04-23 13:22:12 #4 type.registry] 
New type domain.Car

[2024-04-23 13:22:12 #5 type.registry] 
New type domain.User

[2024-04-23 13:22:12 #6 type.registry] 
New type domain.Driver

[2024-04-23 13:22:12 #7 type] 
Type domain.Car is not enhanced.

[2024-04-23 13:22:12 #8 type] 
Type domain.User is not enhanced.

[2024-04-23 13:22:12 #9 type.registry] 
New type domain.DiruMugimendu

[2024-04-23 13:22:12 #10 type.registry] 
New type java.util.ArrayList<domain.DiruMugimendu>

[2024-04-23 13:22:12 #11 type] 
Type domain.Driver is not enhanced.

[2024-04-23 13:22:12 #12 type.registry] 
New type java.util.ArrayList<domain.Car>

[2024-04-23 13:22:12 #13 type] 
Type domain.DiruMugimendu is not enhanced.

[2024-04-23 13:22:12 #14 type.registry] 
New type domain.Booking

[2024-04-23 13:22:12 #15 type] 
Type domain.Booking is not enhanced.

[2024-04-23 13:22:12 #16 type.registry] 
New type domain.Traveler

[2024-04-23 13:22:12 #17 type] 
Type domain.Traveler is not enhanced.

[2024-04-23 13:22:12 #18 type.registry] 
New type java.util.Vector<java.lang.Object>

[2024-04-23 13:22:12 #19 type.registry] 
New type java.util.ArrayList<java.lang.Object>

[2024-04-23 13:22:12 #20 type.registry] 
New type java.util.Vector<domain.Ride>

------------------------------------------------------------------------------------------------------------------------

[2024-04-23 13:23:15 #1 store] 
Database 'C:\Users\Burbu\git\13\Rides24\src\main\resources\rides.temp' is opened by 18188@DESKTOP-PK3U990

[2024-04-23 13:23:15 #2 type.registry] 
New type domain.Ride

[2024-04-23 13:23:15 #3 type] 
Type domain.Ride is not enhanced.

[2024-04-23 13:23:15 #4 type.registry] 
New type domain.Car

[2024-04-23 13:23:15 #5 type.registry] 
New type domain.User

[2024-04-23 13:23:15 #6 type.registry] 
New type domain.Driver

[2024-04-23 13:23:15 #7 type] 
Type domain.Car is not enhanced.

[2024-04-23 13:23:15 #8 type] 
Type domain.User is not enhanced.

[2024-04-23 13:23:15 #9 type.registry] 
New type domain.DiruMugimendu

[2024-04-23 13:23:15 #10 type.registry] 
New type java.util.ArrayList<domain.DiruMugimendu>

[2024-04-23 13:23:15 #11 type] 
Type domain.Driver is not enhanced.

[2024-04-23 13:23:15 #12 type.registry] 
New type java.util.ArrayList<domain.Car>

[2024-04-23 13:23:15 #13 type] 
Type domain.DiruMugimendu is not enhanced.

[2024-04-23 13:23:15 #14 type.registry] 
New type domain.Booking

[2024-04-23 13:23:15 #15 type] 
Type domain.Booking is not enhanced.

[2024-04-23 13:23:15 #16 type.registry] 
New type domain.Traveler

[2024-04-23 13:23:15 #17 type] 
Type domain.Traveler is not enhanced.

[2024-04-23 13:23:15 #18 type.registry] 
New type java.util.Vector<java.lang.Object>

[2024-04-23 13:23:15 #19 type.registry] 
New type java.util.ArrayList<java.lang.Object>

[2024-04-23 13:23:15 #20 type.registry] 
New type java.util.Vector<domain.Ride>

------------------------------------------------------------------------------------------------------------------------

[2024-04-23 13:28:01 #1 store] 
Database 'C:\Users\Burbu\git\13\Rides24\src\main\resources\rides.temp' is opened by 16440@DESKTOP-PK3U990

[2024-04-23 13:28:01 #2 type.registry] 
New type domain.Ride

[2024-04-23 13:28:01 #3 type] 
Type domain.Ride is not enhanced.

[2024-04-23 13:28:01 #4 type.registry] 
New type domain.Car

[2024-04-23 13:28:01 #5 type.registry] 
New type domain.User

[2024-04-23 13:28:01 #6 type.registry] 
New type domain.Driver

[2024-04-23 13:28:01 #7 type] 
Type domain.Car is not enhanced.

[2024-04-23 13:28:01 #8 type] 
Type domain.User is not enhanced.

[2024-04-23 13:28:01 #9 type.registry] 
New type domain.DiruMugimendu

[2024-04-23 13:28:01 #10 type.registry] 
New type java.util.ArrayList<domain.DiruMugimendu>

[2024-04-23 13:28:01 #11 type] 
Type domain.Driver is not enhanced.

[2024-04-23 13:28:01 #12 type.registry] 
New type java.util.ArrayList<domain.Car>

[2024-04-23 13:28:01 #13 type] 
Type domain.DiruMugimendu is not enhanced.

[2024-04-23 13:28:01 #14 type.registry] 
New type domain.Booking

[2024-04-23 13:28:01 #15 type] 
Type domain.Booking is not enhanced.

[2024-04-23 13:28:01 #16 type.registry] 
New type domain.Traveler

[2024-04-23 13:28:01 #17 type] 
Type domain.Traveler is not enhanced.

[2024-04-23 13:28:01 #18 type.registry] 
New type java.util.Vector<java.lang.Object>

[2024-04-23 13:28:01 #19 type.registry] 
New type java.util.ArrayList<java.lang.Object>

[2024-04-23 13:28:01 #20 type.registry] 
New type java.util.Vector<domain.Ride>

------------------------------------------------------------------------------------------------------------------------

[2024-04-23 13:29:14 #1 store] 
Database 'C:\Users\Burbu\git\13\Rides24\src\main\resources\rides.temp' is opened by 17648@DESKTOP-PK3U990

[2024-04-23 13:29:14 #2 type.registry] 
New type domain.Ride

[2024-04-23 13:29:14 #3 type] 
Type domain.Ride is not enhanced.

[2024-04-23 13:29:14 #4 type.registry] 
New type domain.Car

[2024-04-23 13:29:14 #5 type.registry] 
New type domain.User

[2024-04-23 13:29:14 #6 type.registry] 
New type domain.Driver

[2024-04-23 13:29:14 #7 type] 
Type domain.Car is not enhanced.

[2024-04-23 13:29:14 #8 type] 
Type domain.User is not enhanced.

[2024-04-23 13:29:14 #9 type.registry] 
New type domain.DiruMugimendu

[2024-04-23 13:29:14 #10 type.registry] 
New type java.util.ArrayList<domain.DiruMugimendu>

[2024-04-23 13:29:14 #11 type] 
Type domain.Driver is not enhanced.

[2024-04-23 13:29:14 #12 type.registry] 
New type java.util.ArrayList<domain.Car>

[2024-04-23 13:29:14 #13 type] 
Type domain.DiruMugimendu is not enhanced.

[2024-04-23 13:29:14 #14 type.registry] 
New type domain.Booking

[2024-04-23 13:29:14 #15 type] 
Type domain.Booking is not enhanced.

[2024-04-23 13:29:14 #16 type.registry] 
New type domain.Traveler

[2024-04-23 13:29:14 #17 type] 
Type domain.Traveler is not enhanced.

[2024-04-23 13:29:14 #18 type.registry] 
New type java.util.Vector<java.lang.Object>

[2024-04-23 13:29:14 #19 type.registry] 
New type java.util.ArrayList<java.lang.Object>

[2024-04-23 13:29:14 #20 type.registry] 
New type java.util.Vector<domain.Ride>

[2024-04-23 13:29:40 #21 type.registry] 
New type domain.Balorazio

[2024-04-23 13:29:40 #22 type] 
Type domain.Balorazio is not enhanced.

------------------------------------------------------------------------------------------------------------------------

[2024-04-23 14:26:32 #1 store] 
Database 'C:\Users\Burbu\git\13\Rides24\src\main\resources\rides.temp' is opened by 18148@DESKTOP-PK3U990

[2024-04-23 14:26:32 #2 type.registry] 
New type domain.Ride

[2024-04-23 14:26:32 #3 type] 
Type domain.Ride is not enhanced.

[2024-04-23 14:26:32 #4 type.registry] 
New type domain.Car

[2024-04-23 14:26:32 #5 type.registry] 
New type domain.User

[2024-04-23 14:26:32 #6 type.registry] 
New type domain.Driver

[2024-04-23 14:26:32 #7 type] 
Type domain.Car is not enhanced.

[2024-04-23 14:26:32 #8 type] 
Type domain.User is not enhanced.

[2024-04-23 14:26:32 #9 type.registry] 
New type domain.DiruMugimendu

[2024-04-23 14:26:32 #10 type.registry] 
New type java.util.ArrayList<domain.DiruMugimendu>

[2024-04-23 14:26:32 #11 type] 
Type domain.Driver is not enhanced.

[2024-04-23 14:26:32 #12 type.registry] 
New type java.util.ArrayList<domain.Car>

[2024-04-23 14:26:32 #13 type] 
Type domain.DiruMugimendu is not enhanced.

[2024-04-23 14:26:32 #14 type.registry] 
New type domain.Booking

[2024-04-23 14:26:32 #15 type] 
Type domain.Booking is not enhanced.

[2024-04-23 14:26:32 #16 type.registry] 
New type domain.Traveler

[2024-04-23 14:26:32 #17 type] 
Type domain.Traveler is not enhanced.

[2024-04-23 14:26:32 #18 type.registry] 
New type java.util.Vector<java.lang.Object>

[2024-04-23 14:26:32 #19 type.registry] 
New type java.util.ArrayList<java.lang.Object>

[2024-04-23 14:26:32 #20 type.registry] 
New type java.util.Vector<domain.Ride>

------------------------------------------------------------------------------------------------------------------------

[2024-04-23 14:33:23 #1 store] 
Database 'C:\Users\Burbu\git\13\Rides24\src\main\resources\rides.temp' is opened by 11300@DESKTOP-PK3U990

[2024-04-23 14:33:23 #2 type.registry] 
New type domain.Ride

[2024-04-23 14:33:23 #3 type] 
Type domain.Ride is not enhanced.

[2024-04-23 14:33:23 #4 type.registry] 
New type domain.Car

[2024-04-23 14:33:23 #5 type.registry] 
New type domain.User

[2024-04-23 14:33:23 #6 type.registry] 
New type domain.Driver

[2024-04-23 14:33:23 #7 type] 
Type domain.Car is not enhanced.

[2024-04-23 14:33:23 #8 type] 
Type domain.User is not enhanced.

[2024-04-23 14:33:23 #9 type.registry] 
New type domain.DiruMugimendu

[2024-04-23 14:33:23 #10 type.registry] 
New type java.util.ArrayList<domain.DiruMugimendu>

[2024-04-23 14:33:23 #11 type] 
Type domain.Driver is not enhanced.

[2024-04-23 14:33:23 #12 type.registry] 
New type java.util.ArrayList<domain.Car>

[2024-04-23 14:33:23 #13 type] 
Type domain.DiruMugimendu is not enhanced.

[2024-04-23 14:33:23 #14 type.registry] 
New type domain.Booking

[2024-04-23 14:33:23 #15 type] 
Type domain.Booking is not enhanced.

[2024-04-23 14:33:23 #16 type.registry] 
New type domain.Traveler

[2024-04-23 14:33:23 #17 type] 
Type domain.Traveler is not enhanced.

[2024-04-23 14:33:23 #18 type.registry] 
New type java.util.Vector<java.lang.Object>

[2024-04-23 14:33:23 #19 type.registry] 
New type java.util.ArrayList<java.lang.Object>

[2024-04-23 14:33:23 #20 type.registry] 
New type java.util.Vector<domain.Ride>

[2024-04-23 14:33:54 #21 type.registry] 
New type domain.Balorazio

[2024-04-23 14:33:54 #22 type] 
Type domain.Balorazio is not enhanced.

------------------------------------------------------------------------------------------------------------------------

[2024-04-23 14:36:55 #1 store] 
Database 'C:\Users\Burbu\git\13\Rides24\src\main\resources\rides.temp' is opened by 15044@DESKTOP-PK3U990

[2024-04-23 14:36:56 #2 type.registry] 
New type domain.Ride

[2024-04-23 14:36:56 #3 type] 
Type domain.Ride is not enhanced.

[2024-04-23 14:36:56 #4 type.registry] 
New type domain.Car

[2024-04-23 14:36:56 #5 type.registry] 
New type domain.User

[2024-04-23 14:36:56 #6 type.registry] 
New type domain.Driver

[2024-04-23 14:36:56 #7 type] 
Type domain.Car is not enhanced.

[2024-04-23 14:36:56 #8 type] 
Type domain.User is not enhanced.

[2024-04-23 14:36:56 #9 type.registry] 
New type domain.DiruMugimendu

[2024-04-23 14:36:56 #10 type.registry] 
New type java.util.ArrayList<domain.DiruMugimendu>

[2024-04-23 14:36:56 #11 type] 
Type domain.Driver is not enhanced.

[2024-04-23 14:36:56 #12 type.registry] 
New type java.util.ArrayList<domain.Car>

[2024-04-23 14:36:56 #13 type] 
Type domain.DiruMugimendu is not enhanced.

[2024-04-23 14:36:56 #14 type.registry] 
New type domain.Booking

[2024-04-23 14:36:56 #15 type] 
Type domain.Booking is not enhanced.

[2024-04-23 14:36:56 #16 type.registry] 
New type domain.Traveler

[2024-04-23 14:36:56 #17 type] 
Type domain.Traveler is not enhanced.

[2024-04-23 14:36:56 #18 type.registry] 
New type java.util.Vector<java.lang.Object>

[2024-04-23 14:36:56 #19 type.registry] 
New type java.util.ArrayList<java.lang.Object>

[2024-04-23 14:36:56 #20 type.registry] 
New type java.util.Vector<domain.Ride>

------------------------------------------------------------------------------------------------------------------------

[2024-04-23 14:50:16 #1 store] 
Database 'C:\Users\Burbu\git\13\Rides24\src\main\resources\rides.temp' is opened by 13816@DESKTOP-PK3U990

[2024-04-23 14:50:16 #2 type.registry] 
New type domain.Ride

[2024-04-23 14:50:16 #3 type] 
Type domain.Ride is not enhanced.

[2024-04-23 14:50:16 #4 type.registry] 
New type domain.Car

[2024-04-23 14:50:16 #5 type.registry] 
New type domain.User

[2024-04-23 14:50:16 #6 type.registry] 
New type domain.Driver

[2024-04-23 14:50:16 #7 type] 
Type domain.Car is not enhanced.

[2024-04-23 14:50:16 #8 type] 
Type domain.User is not enhanced.

[2024-04-23 14:50:16 #9 type.registry] 
New type domain.DiruMugimendu

[2024-04-23 14:50:16 #10 type.registry] 
New type java.util.ArrayList<domain.DiruMugimendu>

[2024-04-23 14:50:16 #11 type] 
Type domain.Driver is not enhanced.

[2024-04-23 14:50:16 #12 type.registry] 
New type java.util.ArrayList<domain.Car>

[2024-04-23 14:50:16 #13 type] 
Type domain.DiruMugimendu is not enhanced.

[2024-04-23 14:50:16 #14 type.registry] 
New type domain.Booking

[2024-04-23 14:50:16 #15 type] 
Type domain.Booking is not enhanced.

[2024-04-23 14:50:16 #16 type.registry] 
New type domain.Traveler

[2024-04-23 14:50:16 #17 type] 
Type domain.Traveler is not enhanced.

[2024-04-23 14:50:16 #18 type.registry] 
New type java.util.Vector<java.lang.Object>

[2024-04-23 14:50:16 #19 type.registry] 
New type java.util.ArrayList<java.lang.Object>

[2024-04-23 14:50:16 #20 type.registry] 
New type java.util.Vector<domain.Ride>

------------------------------------------------------------------------------------------------------------------------

[2024-04-23 14:52:23 #1 store] 
Database 'C:\Users\Burbu\git\13\Rides24\src\main\resources\rides.temp' is opened by 5488@DESKTOP-PK3U990

[2024-04-23 14:52:23 #2 type.registry] 
New type domain.Ride

[2024-04-23 14:52:23 #3 type] 
Type domain.Ride is not enhanced.

[2024-04-23 14:52:23 #4 type.registry] 
New type domain.Car

[2024-04-23 14:52:23 #5 type.registry] 
New type domain.User

[2024-04-23 14:52:23 #6 type.registry] 
New type domain.Driver

[2024-04-23 14:52:23 #7 type] 
Type domain.Car is not enhanced.

[2024-04-23 14:52:23 #8 type] 
Type domain.User is not enhanced.

[2024-04-23 14:52:23 #9 type.registry] 
New type domain.DiruMugimendu

[2024-04-23 14:52:23 #10 type.registry] 
New type java.util.ArrayList<domain.DiruMugimendu>

[2024-04-23 14:52:23 #11 type] 
Type domain.Driver is not enhanced.

[2024-04-23 14:52:23 #12 type.registry] 
New type java.util.ArrayList<domain.Car>

[2024-04-23 14:52:23 #13 type] 
Type domain.DiruMugimendu is not enhanced.

[2024-04-23 14:52:23 #14 type.registry] 
New type domain.Booking

[2024-04-23 14:52:23 #15 type] 
Type domain.Booking is not enhanced.

[2024-04-23 14:52:23 #16 type.registry] 
New type domain.Traveler

[2024-04-23 14:52:23 #17 type] 
Type domain.Traveler is not enhanced.

[2024-04-23 14:52:23 #18 type.registry] 
New type java.util.Vector<java.lang.Object>

[2024-04-23 14:52:23 #19 type.registry] 
New type java.util.ArrayList<java.lang.Object>

[2024-04-23 14:52:23 #20 type.registry] 
New type java.util.Vector<domain.Ride>

------------------------------------------------------------------------------------------------------------------------

[2024-04-23 14:53:58 #1 store] 
Database 'C:\Users\Burbu\git\13\Rides24\src\main\resources\rides.temp' is opened by 21460@DESKTOP-PK3U990

[2024-04-23 14:53:58 #2 type.registry] 
New type domain.Ride

[2024-04-23 14:53:58 #3 type] 
Type domain.Ride is not enhanced.

[2024-04-23 14:53:58 #4 type.registry] 
New type domain.Car

[2024-04-23 14:53:58 #5 type.registry] 
New type domain.User

[2024-04-23 14:53:58 #6 type.registry] 
New type domain.Driver

[2024-04-23 14:53:58 #7 type] 
Type domain.Car is not enhanced.

[2024-04-23 14:53:58 #8 type] 
Type domain.User is not enhanced.

[2024-04-23 14:53:58 #9 type.registry] 
New type domain.DiruMugimendu

[2024-04-23 14:53:58 #10 type.registry] 
New type java.util.ArrayList<domain.DiruMugimendu>

[2024-04-23 14:53:58 #11 type] 
Type domain.Driver is not enhanced.

[2024-04-23 14:53:58 #12 type.registry] 
New type java.util.ArrayList<domain.Car>

[2024-04-23 14:53:58 #13 type] 
Type domain.DiruMugimendu is not enhanced.

[2024-04-23 14:53:58 #14 type.registry] 
New type domain.Booking

[2024-04-23 14:53:58 #15 type] 
Type domain.Booking is not enhanced.

[2024-04-23 14:53:58 #16 type.registry] 
New type domain.Traveler

[2024-04-23 14:53:58 #17 type] 
Type domain.Traveler is not enhanced.

[2024-04-23 14:53:58 #18 type.registry] 
New type java.util.Vector<java.lang.Object>

[2024-04-23 14:53:58 #19 type.registry] 
New type java.util.ArrayList<java.lang.Object>

[2024-04-23 14:53:58 #20 type.registry] 
New type java.util.Vector<domain.Ride>

------------------------------------------------------------------------------------------------------------------------

[2024-04-23 16:05:08 #1 store] 
Database 'C:\Users\Burbu\git\13\Rides24\src\main\resources\rides.temp' is opened by 9840@DESKTOP-PK3U990

[2024-04-23 16:05:09 #2 type.registry] 
New type domain.Ride

[2024-04-23 16:05:09 #3 type] 
Type domain.Ride is not enhanced.

[2024-04-23 16:05:09 #4 type.registry] 
New type domain.Car

[2024-04-23 16:05:09 #5 type.registry] 
New type domain.User

[2024-04-23 16:05:09 #6 type.registry] 
New type domain.Driver

[2024-04-23 16:05:09 #7 type] 
Type domain.Car is not enhanced.

[2024-04-23 16:05:09 #8 type] 
Type domain.User is not enhanced.

[2024-04-23 16:05:09 #9 type.registry] 
New type domain.DiruMugimendu

[2024-04-23 16:05:09 #10 type.registry] 
New type java.util.ArrayList<domain.DiruMugimendu>

[2024-04-23 16:05:09 #11 type] 
Type domain.Driver is not enhanced.

[2024-04-23 16:05:09 #12 type.registry] 
New type java.util.ArrayList<domain.Car>

[2024-04-23 16:05:09 #13 type] 
Type domain.DiruMugimendu is not enhanced.

[2024-04-23 16:05:09 #14 type.registry] 
New type domain.Booking

[2024-04-23 16:05:09 #15 type] 
Type domain.Booking is not enhanced.

[2024-04-23 16:05:09 #16 type.registry] 
New type domain.Traveler

[2024-04-23 16:05:09 #17 type] 
Type domain.Traveler is not enhanced.

[2024-04-23 16:05:09 #18 type.registry] 
New type java.util.Vector<java.lang.Object>

[2024-04-23 16:05:09 #19 type.registry] 
New type java.util.ArrayList<java.lang.Object>

[2024-04-23 16:05:09 #20 type.registry] 
New type java.util.Vector<domain.Ride>

------------------------------------------------------------------------------------------------------------------------

[2024-04-23 16:05:52 #1 store] 
Database 'C:\Users\Burbu\git\13\Rides24\src\main\resources\rides.temp' is opened by 6512@DESKTOP-PK3U990

[2024-04-23 16:05:52 #2 type.registry] 
New type domain.Ride

[2024-04-23 16:05:52 #3 type] 
Type domain.Ride is not enhanced.

[2024-04-23 16:05:52 #4 type.registry] 
New type domain.Car

[2024-04-23 16:05:52 #5 type.registry] 
New type domain.User

[2024-04-23 16:05:52 #6 type.registry] 
New type domain.Driver

[2024-04-23 16:05:52 #7 type] 
Type domain.Car is not enhanced.

[2024-04-23 16:05:52 #8 type] 
Type domain.User is not enhanced.

[2024-04-23 16:05:52 #9 type.registry] 
New type domain.DiruMugimendu

[2024-04-23 16:05:52 #10 type.registry] 
New type java.util.ArrayList<domain.DiruMugimendu>

[2024-04-23 16:05:52 #11 type] 
Type domain.Driver is not enhanced.

[2024-04-23 16:05:52 #12 type.registry] 
New type java.util.ArrayList<domain.Car>

[2024-04-23 16:05:52 #13 type] 
Type domain.DiruMugimendu is not enhanced.

[2024-04-23 16:05:52 #14 type.registry] 
New type domain.Booking

[2024-04-23 16:05:52 #15 type] 
Type domain.Booking is not enhanced.

[2024-04-23 16:05:52 #16 type.registry] 
New type domain.Traveler

[2024-04-23 16:05:52 #17 type] 
Type domain.Traveler is not enhanced.

[2024-04-23 16:05:52 #18 type.registry] 
New type java.util.Vector<java.lang.Object>

[2024-04-23 16:05:52 #19 type.registry] 
New type java.util.ArrayList<java.lang.Object>

[2024-04-23 16:05:52 #20 type.registry] 
New type java.util.Vector<domain.Ride>

------------------------------------------------------------------------------------------------------------------------

[2024-04-23 16:11:25 #1 store] 
Database 'C:\Users\Burbu\git\13\Rides24\src\main\resources\rides.temp' is opened by 10432@DESKTOP-PK3U990

[2024-04-23 16:11:25 #2 type.registry] 
New type domain.Ride

[2024-04-23 16:11:25 #3 type] 
Type domain.Ride is not enhanced.

[2024-04-23 16:11:25 #4 type.registry] 
New type domain.Car

[2024-04-23 16:11:25 #5 type.registry] 
New type domain.User

[2024-04-23 16:11:25 #6 type.registry] 
New type domain.Driver

[2024-04-23 16:11:25 #7 type] 
Type domain.Car is not enhanced.

[2024-04-23 16:11:25 #8 type] 
Type domain.User is not enhanced.

[2024-04-23 16:11:25 #9 type.registry] 
New type domain.DiruMugimendu

[2024-04-23 16:11:25 #10 type.registry] 
New type java.util.ArrayList<domain.DiruMugimendu>

[2024-04-23 16:11:25 #11 type] 
Type domain.Driver is not enhanced.

[2024-04-23 16:11:25 #12 type.registry] 
New type java.util.ArrayList<domain.Car>

[2024-04-23 16:11:25 #13 type] 
Type domain.DiruMugimendu is not enhanced.

[2024-04-23 16:11:25 #14 type.registry] 
New type domain.Booking

[2024-04-23 16:11:25 #15 type] 
Type domain.Booking is not enhanced.

[2024-04-23 16:11:25 #16 type.registry] 
New type domain.Traveler

[2024-04-23 16:11:25 #17 type] 
Type domain.Traveler is not enhanced.

[2024-04-23 16:11:25 #18 type.registry] 
New type java.util.Vector<java.lang.Object>

[2024-04-23 16:11:25 #19 type.registry] 
New type java.util.ArrayList<java.lang.Object>

[2024-04-23 16:11:25 #20 type.registry] 
New type java.util.Vector<domain.Ride>

------------------------------------------------------------------------------------------------------------------------

[2024-04-23 16:12:21 #1 store] 
Database 'C:\Users\Burbu\git\13\Rides24\src\main\resources\rides.temp' is opened by 14952@DESKTOP-PK3U990

[2024-04-23 16:12:21 #2 type.registry] 
New type domain.Ride

[2024-04-23 16:12:21 #3 type] 
Type domain.Ride is not enhanced.

[2024-04-23 16:12:21 #4 type.registry] 
New type domain.Car

[2024-04-23 16:12:21 #5 type.registry] 
New type domain.User

[2024-04-23 16:12:21 #6 type.registry] 
New type domain.Driver

[2024-04-23 16:12:21 #7 type] 
Type domain.Car is not enhanced.

[2024-04-23 16:12:21 #8 type] 
Type domain.User is not enhanced.

[2024-04-23 16:12:21 #9 type.registry] 
New type domain.DiruMugimendu

[2024-04-23 16:12:21 #10 type.registry] 
New type java.util.ArrayList<domain.DiruMugimendu>

[2024-04-23 16:12:21 #11 type] 
Type domain.Driver is not enhanced.

[2024-04-23 16:12:21 #12 type.registry] 
New type java.util.ArrayList<domain.Car>

[2024-04-23 16:12:21 #13 type] 
Type domain.DiruMugimendu is not enhanced.

[2024-04-23 16:12:21 #14 type.registry] 
New type domain.Booking

[2024-04-23 16:12:21 #15 type] 
Type domain.Booking is not enhanced.

[2024-04-23 16:12:21 #16 type.registry] 
New type domain.Traveler

[2024-04-23 16:12:21 #17 type] 
Type domain.Traveler is not enhanced.

[2024-04-23 16:12:21 #18 type.registry] 
New type java.util.Vector<java.lang.Object>

[2024-04-23 16:12:21 #19 type.registry] 
New type java.util.ArrayList<java.lang.Object>

[2024-04-23 16:12:21 #20 type.registry] 
New type java.util.Vector<domain.Ride>

------------------------------------------------------------------------------------------------------------------------

[2024-04-23 16:17:35 #1 store] 
Database 'C:\Users\Burbu\git\13\Rides24\src\main\resources\rides.temp' is opened by 17876@DESKTOP-PK3U990

[2024-04-23 16:17:35 #2 type.registry] 
New type domain.Ride

[2024-04-23 16:17:35 #3 type] 
Type domain.Ride is not enhanced.

[2024-04-23 16:17:35 #4 type.registry] 
New type domain.Car

[2024-04-23 16:17:35 #5 type.registry] 
New type domain.User

[2024-04-23 16:17:35 #6 type.registry] 
New type domain.Driver

[2024-04-23 16:17:35 #7 type] 
Type domain.Car is not enhanced.

[2024-04-23 16:17:35 #8 type] 
Type domain.User is not enhanced.

[2024-04-23 16:17:35 #9 type.registry] 
New type domain.DiruMugimendu

[2024-04-23 16:17:35 #10 type.registry] 
New type java.util.ArrayList<domain.DiruMugimendu>

[2024-04-23 16:17:35 #11 type] 
Type domain.Driver is not enhanced.

[2024-04-23 16:17:35 #12 type.registry] 
New type java.util.ArrayList<domain.Car>

[2024-04-23 16:17:35 #13 type] 
Type domain.DiruMugimendu is not enhanced.

[2024-04-23 16:17:35 #14 type.registry] 
New type domain.Booking

[2024-04-23 16:17:35 #15 type] 
Type domain.Booking is not enhanced.

[2024-04-23 16:17:35 #16 type.registry] 
New type domain.Traveler

[2024-04-23 16:17:35 #17 type] 
Type domain.Traveler is not enhanced.

[2024-04-23 16:17:35 #18 type.registry] 
New type java.util.Vector<java.lang.Object>

[2024-04-23 16:17:35 #19 type.registry] 
New type java.util.ArrayList<java.lang.Object>

[2024-04-23 16:17:35 #20 type.registry] 
New type java.util.Vector<domain.Ride>

------------------------------------------------------------------------------------------------------------------------

[2024-04-23 16:18:20 #1 store] 
Database 'C:\Users\Burbu\git\13\Rides24\src\main\resources\rides.temp' is opened by 20776@DESKTOP-PK3U990

[2024-04-23 16:18:21 #2 type.registry] 
New type domain.Ride

[2024-04-23 16:18:21 #3 type] 
Type domain.Ride is not enhanced.

[2024-04-23 16:18:21 #4 type.registry] 
New type domain.Car

[2024-04-23 16:18:21 #5 type.registry] 
New type domain.User

[2024-04-23 16:18:21 #6 type.registry] 
New type domain.Driver

[2024-04-23 16:18:21 #7 type] 
Type domain.Car is not enhanced.

[2024-04-23 16:18:21 #8 type] 
Type domain.User is not enhanced.

[2024-04-23 16:18:21 #9 type.registry] 
New type domain.DiruMugimendu

[2024-04-23 16:18:21 #10 type.registry] 
New type java.util.ArrayList<domain.DiruMugimendu>

[2024-04-23 16:18:21 #11 type] 
Type domain.Driver is not enhanced.

[2024-04-23 16:18:21 #12 type.registry] 
New type java.util.ArrayList<domain.Car>

[2024-04-23 16:18:21 #13 type] 
Type domain.DiruMugimendu is not enhanced.

[2024-04-23 16:18:21 #14 type.registry] 
New type domain.Booking

[2024-04-23 16:18:21 #15 type] 
Type domain.Booking is not enhanced.

[2024-04-23 16:18:21 #16 type.registry] 
New type domain.Traveler

[2024-04-23 16:18:21 #17 type] 
Type domain.Traveler is not enhanced.

[2024-04-23 16:18:21 #18 type.registry] 
New type java.util.Vector<java.lang.Object>

[2024-04-23 16:18:21 #19 type.registry] 
New type java.util.ArrayList<java.lang.Object>

[2024-04-23 16:18:21 #20 type.registry] 
New type java.util.Vector<domain.Ride>

------------------------------------------------------------------------------------------------------------------------

[2024-04-23 16:21:12 #1 store] 
Database 'C:\Users\Burbu\git\13\Rides24\src\main\resources\rides.temp' is opened by 9284@DESKTOP-PK3U990

[2024-04-23 16:21:12 #2 type.registry] 
New type domain.Ride

[2024-04-23 16:21:12 #3 type] 
Type domain.Ride is not enhanced.

[2024-04-23 16:21:12 #4 type.registry] 
New type domain.Car

[2024-04-23 16:21:12 #5 type.registry] 
New type domain.User

[2024-04-23 16:21:12 #6 type.registry] 
New type domain.Driver

[2024-04-23 16:21:12 #7 type] 
Type domain.Car is not enhanced.

[2024-04-23 16:21:12 #8 type] 
Type domain.User is not enhanced.

[2024-04-23 16:21:12 #9 type.registry] 
New type domain.DiruMugimendu

[2024-04-23 16:21:12 #10 type.registry] 
New type java.util.ArrayList<domain.DiruMugimendu>

[2024-04-23 16:21:12 #11 type] 
Type domain.Driver is not enhanced.

[2024-04-23 16:21:12 #12 type.registry] 
New type java.util.ArrayList<domain.Car>

[2024-04-23 16:21:12 #13 type] 
Type domain.DiruMugimendu is not enhanced.

[2024-04-23 16:21:12 #14 type.registry] 
New type domain.Booking

[2024-04-23 16:21:12 #15 type] 
Type domain.Booking is not enhanced.

[2024-04-23 16:21:12 #16 type.registry] 
New type domain.Traveler

[2024-04-23 16:21:12 #17 type] 
Type domain.Traveler is not enhanced.

[2024-04-23 16:21:12 #18 type.registry] 
New type java.util.Vector<java.lang.Object>

[2024-04-23 16:21:12 #19 type.registry] 
New type java.util.ArrayList<java.lang.Object>

[2024-04-23 16:21:12 #20 type.registry] 
New type java.util.Vector<domain.Ride>

------------------------------------------------------------------------------------------------------------------------

[2024-04-23 16:27:46 #1 store] 
Database 'C:\Users\Burbu\git\13\Rides24\src\main\resources\rides.temp' is opened by 12828@DESKTOP-PK3U990

[2024-04-23 16:27:46 #2 type.registry] 
New type domain.Ride

[2024-04-23 16:27:46 #3 type] 
Type domain.Ride is not enhanced.

[2024-04-23 16:27:46 #4 type.registry] 
New type domain.Car

[2024-04-23 16:27:46 #5 type.registry] 
New type domain.User

[2024-04-23 16:27:46 #6 type.registry] 
New type domain.Driver

[2024-04-23 16:27:46 #7 type] 
Type domain.Car is not enhanced.

[2024-04-23 16:27:46 #8 type] 
Type domain.User is not enhanced.

[2024-04-23 16:27:46 #9 type.registry] 
New type domain.DiruMugimendu

[2024-04-23 16:27:46 #10 type.registry] 
New type java.util.ArrayList<domain.DiruMugimendu>

[2024-04-23 16:27:46 #11 type] 
Type domain.Driver is not enhanced.

[2024-04-23 16:27:46 #12 type.registry] 
New type java.util.ArrayList<domain.Car>

[2024-04-23 16:27:46 #13 type] 
Type domain.DiruMugimendu is not enhanced.

[2024-04-23 16:27:46 #14 type.registry] 
New type domain.Booking

[2024-04-23 16:27:46 #15 type] 
Type domain.Booking is not enhanced.

[2024-04-23 16:27:46 #16 type.registry] 
New type domain.Traveler

[2024-04-23 16:27:46 #17 type] 
Type domain.Traveler is not enhanced.

[2024-04-23 16:27:46 #18 type.registry] 
New type java.util.Vector<java.lang.Object>

[2024-04-23 16:27:46 #19 type.registry] 
New type java.util.ArrayList<java.lang.Object>

[2024-04-23 16:27:46 #20 type.registry] 
New type java.util.Vector<domain.Ride>

------------------------------------------------------------------------------------------------------------------------

[2024-04-23 16:30:50 #1 store] 
Database 'C:\Users\Burbu\git\13\Rides24\src\main\resources\rides.temp' is opened by 20880@DESKTOP-PK3U990

[2024-04-23 16:30:50 #2 type.registry] 
New type domain.Ride

[2024-04-23 16:30:50 #3 type] 
Type domain.Ride is not enhanced.

[2024-04-23 16:30:50 #4 type.registry] 
New type domain.Car

[2024-04-23 16:30:50 #5 type.registry] 
New type domain.User

[2024-04-23 16:30:50 #6 type.registry] 
New type domain.Driver

[2024-04-23 16:30:50 #7 type] 
Type domain.Car is not enhanced.

[2024-04-23 16:30:50 #8 type] 
Type domain.User is not enhanced.

[2024-04-23 16:30:50 #9 type.registry] 
New type domain.DiruMugimendu

[2024-04-23 16:30:50 #10 type.registry] 
New type java.util.ArrayList<domain.DiruMugimendu>

[2024-04-23 16:30:50 #11 type] 
Type domain.Driver is not enhanced.

[2024-04-23 16:30:50 #12 type.registry] 
New type java.util.ArrayList<domain.Car>

[2024-04-23 16:30:50 #13 type] 
Type domain.DiruMugimendu is not enhanced.

[2024-04-23 16:30:50 #14 type.registry] 
New type domain.Booking

[2024-04-23 16:30:50 #15 type] 
Type domain.Booking is not enhanced.

[2024-04-23 16:30:50 #16 type.registry] 
New type domain.Traveler

[2024-04-23 16:30:50 #17 type] 
Type domain.Traveler is not enhanced.

[2024-04-23 16:30:50 #18 type.registry] 
New type java.util.Vector<java.lang.Object>

[2024-04-23 16:30:50 #19 type.registry] 
New type java.util.ArrayList<java.lang.Object>

[2024-04-23 16:30:50 #20 type.registry] 
New type java.util.Vector<domain.Ride>

------------------------------------------------------------------------------------------------------------------------

[2024-04-23 16:41:06 #1 store] 
Database 'C:\Users\Burbu\git\13\Rides24\src\main\resources\rides.temp' is opened by 5876@DESKTOP-PK3U990

[2024-04-23 16:41:07 #2 type.registry] 
New type domain.Ride

[2024-04-23 16:41:07 #3 type] 
Type domain.Ride is not enhanced.

[2024-04-23 16:41:07 #4 type.registry] 
New type domain.Car

[2024-04-23 16:41:07 #5 type.registry] 
New type domain.User

[2024-04-23 16:41:07 #6 type.registry] 
New type domain.Driver

[2024-04-23 16:41:07 #7 type] 
Type domain.Car is not enhanced.

[2024-04-23 16:41:07 #8 type] 
Type domain.User is not enhanced.

[2024-04-23 16:41:07 #9 type.registry] 
New type domain.DiruMugimendu

[2024-04-23 16:41:07 #10 type.registry] 
New type java.util.ArrayList<domain.DiruMugimendu>

[2024-04-23 16:41:07 #11 type] 
Type domain.Driver is not enhanced.

[2024-04-23 16:41:07 #12 type.registry] 
New type java.util.ArrayList<domain.Car>

[2024-04-23 16:41:07 #13 type] 
Type domain.DiruMugimendu is not enhanced.

[2024-04-23 16:41:07 #14 type.registry] 
New type domain.Booking

[2024-04-23 16:41:07 #15 type] 
Type domain.Booking is not enhanced.

[2024-04-23 16:41:07 #16 type.registry] 
New type domain.Traveler

[2024-04-23 16:41:07 #17 type] 
Type domain.Traveler is not enhanced.

[2024-04-23 16:41:07 #18 type.registry] 
New type java.util.Vector<java.lang.Object>

[2024-04-23 16:41:07 #19 type.registry] 
New type java.util.ArrayList<java.lang.Object>

[2024-04-23 16:41:07 #20 type.registry] 
New type java.util.Vector<domain.Ride>

------------------------------------------------------------------------------------------------------------------------

[2024-04-23 16:42:42 #1 store] 
Database 'C:\Users\Burbu\git\13\Rides24\src\main\resources\rides.temp' is opened by 9856@DESKTOP-PK3U990

[2024-04-23 16:42:42 #2 type.registry] 
New type domain.Ride

[2024-04-23 16:42:42 #3 type] 
Type domain.Ride is not enhanced.

[2024-04-23 16:42:42 #4 type.registry] 
New type domain.Car

[2024-04-23 16:42:42 #5 type.registry] 
New type domain.User

[2024-04-23 16:42:42 #6 type.registry] 
New type domain.Driver

[2024-04-23 16:42:42 #7 type] 
Type domain.Car is not enhanced.

[2024-04-23 16:42:42 #8 type] 
Type domain.User is not enhanced.

[2024-04-23 16:42:42 #9 type.registry] 
New type domain.DiruMugimendu

[2024-04-23 16:42:42 #10 type.registry] 
New type java.util.ArrayList<domain.DiruMugimendu>

[2024-04-23 16:42:42 #11 type] 
Type domain.Driver is not enhanced.

[2024-04-23 16:42:42 #12 type.registry] 
New type java.util.ArrayList<domain.Car>

[2024-04-23 16:42:42 #13 type] 
Type domain.DiruMugimendu is not enhanced.

[2024-04-23 16:42:42 #14 type.registry] 
New type domain.Booking

[2024-04-23 16:42:42 #15 type] 
Type domain.Booking is not enhanced.

[2024-04-23 16:42:42 #16 type.registry] 
New type domain.Traveler

[2024-04-23 16:42:42 #17 type] 
Type domain.Traveler is not enhanced.

[2024-04-23 16:42:42 #18 type.registry] 
New type java.util.Vector<java.lang.Object>

[2024-04-23 16:42:42 #19 type.registry] 
New type java.util.ArrayList<java.lang.Object>

[2024-04-23 16:42:42 #20 type.registry] 
New type java.util.Vector<domain.Ride>

------------------------------------------------------------------------------------------------------------------------

[2024-04-23 16:44:10 #1 store] 
Database 'C:\Users\Burbu\git\13\Rides24\src\main\resources\rides.temp' is opened by 22116@DESKTOP-PK3U990

[2024-04-23 16:44:10 #2 type.registry] 
New type domain.Ride

[2024-04-23 16:44:10 #3 type] 
Type domain.Ride is not enhanced.

[2024-04-23 16:44:10 #4 type.registry] 
New type domain.Car

[2024-04-23 16:44:10 #5 type.registry] 
New type domain.User

[2024-04-23 16:44:10 #6 type.registry] 
New type domain.Driver

[2024-04-23 16:44:10 #7 type] 
Type domain.Car is not enhanced.

[2024-04-23 16:44:10 #8 type] 
Type domain.User is not enhanced.

[2024-04-23 16:44:10 #9 type.registry] 
New type domain.DiruMugimendu

[2024-04-23 16:44:10 #10 type.registry] 
New type java.util.ArrayList<domain.DiruMugimendu>

[2024-04-23 16:44:10 #11 type] 
Type domain.Driver is not enhanced.

[2024-04-23 16:44:10 #12 type.registry] 
New type java.util.ArrayList<domain.Car>

[2024-04-23 16:44:10 #13 type] 
Type domain.DiruMugimendu is not enhanced.

[2024-04-23 16:44:10 #14 type.registry] 
New type domain.Booking

[2024-04-23 16:44:10 #15 type] 
Type domain.Booking is not enhanced.

[2024-04-23 16:44:10 #16 type.registry] 
New type domain.Traveler

[2024-04-23 16:44:10 #17 type] 
Type domain.Traveler is not enhanced.

[2024-04-23 16:44:10 #18 type.registry] 
New type java.util.Vector<java.lang.Object>

[2024-04-23 16:44:10 #19 type.registry] 
New type java.util.ArrayList<java.lang.Object>

[2024-04-23 16:44:10 #20 type.registry] 
New type java.util.Vector<domain.Ride>

------------------------------------------------------------------------------------------------------------------------

[2024-04-23 16:46:57 #1 store] 
Database 'C:\Users\Burbu\git\13\Rides24\src\main\resources\rides.temp' is opened by 7436@DESKTOP-PK3U990

[2024-04-23 16:46:57 #2 type.registry] 
New type domain.Ride

[2024-04-23 16:46:57 #3 type] 
Type domain.Ride is not enhanced.

[2024-04-23 16:46:57 #4 type.registry] 
New type domain.Car

[2024-04-23 16:46:57 #5 type.registry] 
New type domain.User

[2024-04-23 16:46:57 #6 type.registry] 
New type domain.Driver

[2024-04-23 16:46:57 #7 type] 
Type domain.Car is not enhanced.

[2024-04-23 16:46:57 #8 type] 
Type domain.User is not enhanced.

[2024-04-23 16:46:57 #9 type.registry] 
New type domain.DiruMugimendu

[2024-04-23 16:46:57 #10 type.registry] 
New type java.util.ArrayList<domain.DiruMugimendu>

[2024-04-23 16:46:57 #11 type] 
Type domain.Driver is not enhanced.

[2024-04-23 16:46:57 #12 type.registry] 
New type java.util.ArrayList<domain.Car>

[2024-04-23 16:46:57 #13 type] 
Type domain.DiruMugimendu is not enhanced.

[2024-04-23 16:46:57 #14 type.registry] 
New type domain.Booking

[2024-04-23 16:46:57 #15 type] 
Type domain.Booking is not enhanced.

[2024-04-23 16:46:57 #16 type.registry] 
New type domain.Traveler

[2024-04-23 16:46:57 #17 type] 
Type domain.Traveler is not enhanced.

[2024-04-23 16:46:57 #18 type.registry] 
New type java.util.Vector<java.lang.Object>

[2024-04-23 16:46:57 #19 type.registry] 
New type java.util.ArrayList<java.lang.Object>

[2024-04-23 16:46:57 #20 type.registry] 
New type java.util.Vector<domain.Ride>

------------------------------------------------------------------------------------------------------------------------

[2024-04-23 16:49:24 #1 store] 
Database 'C:\Users\Burbu\git\13\Rides24\src\main\resources\rides.temp' is opened by 9684@DESKTOP-PK3U990

[2024-04-23 16:49:24 #2 type.registry] 
New type domain.Ride

[2024-04-23 16:49:24 #3 type] 
Type domain.Ride is not enhanced.

[2024-04-23 16:49:24 #4 type.registry] 
New type domain.Car

[2024-04-23 16:49:24 #5 type.registry] 
New type domain.User

[2024-04-23 16:49:24 #6 type.registry] 
New type domain.Driver

[2024-04-23 16:49:24 #7 type] 
Type domain.Car is not enhanced.

[2024-04-23 16:49:24 #8 type] 
Type domain.User is not enhanced.

[2024-04-23 16:49:24 #9 type.registry] 
New type domain.DiruMugimendu

[2024-04-23 16:49:24 #10 type.registry] 
New type java.util.ArrayList<domain.DiruMugimendu>

[2024-04-23 16:49:24 #11 type] 
Type domain.Driver is not enhanced.

[2024-04-23 16:49:24 #12 type.registry] 
New type java.util.ArrayList<domain.Car>

[2024-04-23 16:49:24 #13 type] 
Type domain.DiruMugimendu is not enhanced.

[2024-04-23 16:49:24 #14 type.registry] 
New type domain.Booking

[2024-04-23 16:49:24 #15 type] 
Type domain.Booking is not enhanced.

[2024-04-23 16:49:24 #16 type.registry] 
New type domain.Traveler

[2024-04-23 16:49:24 #17 type] 
Type domain.Traveler is not enhanced.

[2024-04-23 16:49:24 #18 type.registry] 
New type java.util.Vector<java.lang.Object>

[2024-04-23 16:49:24 #19 type.registry] 
New type java.util.ArrayList<java.lang.Object>

[2024-04-23 16:49:24 #20 type.registry] 
New type java.util.Vector<domain.Ride>

------------------------------------------------------------------------------------------------------------------------

[2024-04-23 16:50:05 #1 store] 
Database 'C:\Users\Burbu\git\13\Rides24\src\main\resources\rides.temp' is opened by 12704@DESKTOP-PK3U990

[2024-04-23 16:50:05 #2 type.registry] 
New type domain.Ride

[2024-04-23 16:50:05 #3 type] 
Type domain.Ride is not enhanced.

[2024-04-23 16:50:05 #4 type.registry] 
New type domain.Car

[2024-04-23 16:50:05 #5 type.registry] 
New type domain.User

[2024-04-23 16:50:05 #6 type.registry] 
New type domain.Driver

[2024-04-23 16:50:05 #7 type] 
Type domain.Car is not enhanced.

[2024-04-23 16:50:05 #8 type] 
Type domain.User is not enhanced.

[2024-04-23 16:50:05 #9 type.registry] 
New type domain.DiruMugimendu

[2024-04-23 16:50:05 #10 type.registry] 
New type java.util.ArrayList<domain.DiruMugimendu>

[2024-04-23 16:50:05 #11 type] 
Type domain.Driver is not enhanced.

[2024-04-23 16:50:05 #12 type.registry] 
New type java.util.ArrayList<domain.Car>

[2024-04-23 16:50:05 #13 type] 
Type domain.DiruMugimendu is not enhanced.

[2024-04-23 16:50:05 #14 type.registry] 
New type domain.Booking

[2024-04-23 16:50:05 #15 type] 
Type domain.Booking is not enhanced.

[2024-04-23 16:50:05 #16 type.registry] 
New type domain.Traveler

[2024-04-23 16:50:05 #17 type] 
Type domain.Traveler is not enhanced.

[2024-04-23 16:50:05 #18 type.registry] 
New type java.util.Vector<java.lang.Object>

[2024-04-23 16:50:05 #19 type.registry] 
New type java.util.ArrayList<java.lang.Object>

[2024-04-23 16:50:05 #20 type.registry] 
New type java.util.Vector<domain.Ride>

------------------------------------------------------------------------------------------------------------------------

[2024-04-23 17:03:37 #1 store] 
Database 'C:\Users\Burbu\git\13\Rides24\src\main\resources\rides.temp' is opened by 9312@DESKTOP-PK3U990

[2024-04-23 17:03:37 #2 type.registry] 
New type domain.Ride

[2024-04-23 17:03:37 #3 type] 
Type domain.Ride is not enhanced.

[2024-04-23 17:03:37 #4 type.registry] 
New type domain.Car

[2024-04-23 17:03:37 #5 type.registry] 
New type domain.User

[2024-04-23 17:03:37 #6 type.registry] 
New type domain.Driver

[2024-04-23 17:03:37 #7 type] 
Type domain.Car is not enhanced.

[2024-04-23 17:03:37 #8 type] 
Type domain.User is not enhanced.

[2024-04-23 17:03:37 #9 type.registry] 
New type domain.DiruMugimendu

[2024-04-23 17:03:37 #10 type.registry] 
New type java.util.ArrayList<domain.DiruMugimendu>

[2024-04-23 17:03:37 #11 type] 
Type domain.Driver is not enhanced.

[2024-04-23 17:03:37 #12 type.registry] 
New type java.util.ArrayList<domain.Car>

[2024-04-23 17:03:37 #13 type] 
Type domain.DiruMugimendu is not enhanced.

[2024-04-23 17:03:37 #14 type.registry] 
New type domain.Booking

[2024-04-23 17:03:37 #15 type] 
Type domain.Booking is not enhanced.

[2024-04-23 17:03:37 #16 type.registry] 
New type domain.Traveler

[2024-04-23 17:03:37 #17 type] 
Type domain.Traveler is not enhanced.

[2024-04-23 17:03:37 #18 type.registry] 
New type java.util.Vector<java.lang.Object>

[2024-04-23 17:03:37 #19 type.registry] 
New type java.util.ArrayList<java.lang.Object>

[2024-04-23 17:03:37 #20 type.registry] 
New type java.util.Vector<domain.Ride>

------------------------------------------------------------------------------------------------------------------------

[2024-04-23 17:04:39 #1 store] 
Database 'C:\Users\Burbu\git\13\Rides24\src\main\resources\rides.temp' is opened by 2116@DESKTOP-PK3U990

[2024-04-23 17:04:39 #2 type.registry] 
New type domain.Ride

[2024-04-23 17:04:39 #3 type] 
Type domain.Ride is not enhanced.

[2024-04-23 17:04:39 #4 type.registry] 
New type domain.Car

[2024-04-23 17:04:39 #5 type.registry] 
New type domain.User

[2024-04-23 17:04:39 #6 type.registry] 
New type domain.Driver

[2024-04-23 17:04:39 #7 type] 
Type domain.Car is not enhanced.

[2024-04-23 17:04:39 #8 type] 
Type domain.User is not enhanced.

[2024-04-23 17:04:39 #9 type.registry] 
New type domain.DiruMugimendu

[2024-04-23 17:04:39 #10 type.registry] 
New type java.util.ArrayList<domain.DiruMugimendu>

[2024-04-23 17:04:39 #11 type] 
Type domain.Driver is not enhanced.

[2024-04-23 17:04:39 #12 type.registry] 
New type java.util.ArrayList<domain.Car>

[2024-04-23 17:04:39 #13 type] 
Type domain.DiruMugimendu is not enhanced.

[2024-04-23 17:04:39 #14 type.registry] 
New type domain.Booking

[2024-04-23 17:04:39 #15 type] 
Type domain.Booking is not enhanced.

[2024-04-23 17:04:39 #16 type.registry] 
New type domain.Traveler

[2024-04-23 17:04:39 #17 type] 
Type domain.Traveler is not enhanced.

[2024-04-23 17:04:39 #18 type.registry] 
New type java.util.Vector<java.lang.Object>

[2024-04-23 17:04:39 #19 type.registry] 
New type java.util.ArrayList<java.lang.Object>

[2024-04-23 17:04:39 #20 type.registry] 
New type java.util.Vector<domain.Ride>

------------------------------------------------------------------------------------------------------------------------

[2024-04-23 19:02:28 #1 store] 
Database 'C:\Users\Burbu\git\13\Rides24\src\main\resources\rides.temp' is opened by 6452@DESKTOP-PK3U990

[2024-04-23 19:02:28 #2 type.registry] 
New type domain.Ride

[2024-04-23 19:02:28 #3 type] 
Type domain.Ride is not enhanced.

[2024-04-23 19:02:28 #4 type.registry] 
New type domain.Car

[2024-04-23 19:02:28 #5 type.registry] 
New type domain.User

[2024-04-23 19:02:28 #6 type.registry] 
New type domain.Driver

[2024-04-23 19:02:28 #7 type] 
Type domain.Car is not enhanced.

[2024-04-23 19:02:28 #8 type] 
Type domain.User is not enhanced.

[2024-04-23 19:02:28 #9 type.registry] 
New type domain.DiruMugimendu

[2024-04-23 19:02:28 #10 type.registry] 
New type java.util.ArrayList<domain.DiruMugimendu>

[2024-04-23 19:02:28 #11 type] 
Type domain.Driver is not enhanced.

[2024-04-23 19:02:28 #12 type.registry] 
New type java.util.ArrayList<domain.Car>

[2024-04-23 19:02:28 #13 type] 
Type domain.DiruMugimendu is not enhanced.

[2024-04-23 19:02:28 #14 type.registry] 
New type domain.Booking

[2024-04-23 19:02:28 #15 type] 
Type domain.Booking is not enhanced.

[2024-04-23 19:02:28 #16 type.registry] 
New type domain.Traveler

[2024-04-23 19:02:28 #17 type] 
Type domain.Traveler is not enhanced.

[2024-04-23 19:02:28 #18 type.registry] 
New type java.util.Vector<java.lang.Object>

[2024-04-23 19:02:28 #19 type.registry] 
New type java.util.ArrayList<java.lang.Object>

[2024-04-23 19:02:28 #20 type.registry] 
New type java.util.Vector<domain.Ride>

[2024-04-23 19:04:32 #21 type.registry] 
New type domain.Balorazio

[2024-04-23 19:04:32 #22 type] 
Type domain.Balorazio is not enhanced.

------------------------------------------------------------------------------------------------------------------------

[2024-04-23 19:08:57 #1 store] 
Database 'C:\Users\Burbu\git\13\Rides24\src\main\resources\rides.temp' is opened by 3476@DESKTOP-PK3U990

[2024-04-23 19:08:57 #2 type.registry] 
New type domain.Ride

[2024-04-23 19:08:57 #3 type] 
Type domain.Ride is not enhanced.

[2024-04-23 19:08:57 #4 type.registry] 
New type domain.Car

[2024-04-23 19:08:57 #5 type.registry] 
New type domain.User

[2024-04-23 19:08:57 #6 type.registry] 
New type domain.Driver

[2024-04-23 19:08:57 #7 type] 
Type domain.Car is not enhanced.

[2024-04-23 19:08:57 #8 type] 
Type domain.User is not enhanced.

[2024-04-23 19:08:57 #9 type.registry] 
New type domain.DiruMugimendu

[2024-04-23 19:08:57 #10 type.registry] 
New type java.util.ArrayList<domain.DiruMugimendu>

[2024-04-23 19:08:57 #11 type] 
Type domain.Driver is not enhanced.

[2024-04-23 19:08:57 #12 type.registry] 
New type java.util.ArrayList<domain.Car>

[2024-04-23 19:08:57 #13 type] 
Type domain.DiruMugimendu is not enhanced.

[2024-04-23 19:08:57 #14 type.registry] 
New type domain.Booking

[2024-04-23 19:08:57 #15 type] 
Type domain.Booking is not enhanced.

[2024-04-23 19:08:57 #16 type.registry] 
New type domain.Traveler

[2024-04-23 19:08:57 #17 type] 
Type domain.Traveler is not enhanced.

[2024-04-23 19:08:57 #18 type.registry] 
New type java.util.Vector<java.lang.Object>

[2024-04-23 19:08:57 #19 type.registry] 
New type java.util.ArrayList<java.lang.Object>

[2024-04-23 19:08:57 #20 type.registry] 
New type java.util.Vector<domain.Ride>

[2024-04-23 19:10:35 #21 type.registry] 
New type domain.Balorazio

[2024-04-23 19:10:35 #22 type] 
Type domain.Balorazio is not enhanced.

------------------------------------------------------------------------------------------------------------------------

[2024-04-23 19:17:23 #1 store] 
Database 'C:\Users\Burbu\git\13\Rides24\src\main\resources\rides.temp' is opened by 13472@DESKTOP-PK3U990

[2024-04-23 19:17:23 #2 type.registry] 
New type domain.Ride

[2024-04-23 19:17:23 #3 type] 
Type domain.Ride is not enhanced.

[2024-04-23 19:17:23 #4 type.registry] 
New type domain.Car

[2024-04-23 19:17:23 #5 type.registry] 
New type domain.User

[2024-04-23 19:17:23 #6 type.registry] 
New type domain.Driver

[2024-04-23 19:17:23 #7 type] 
Type domain.Car is not enhanced.

[2024-04-23 19:17:23 #8 type] 
Type domain.User is not enhanced.

[2024-04-23 19:17:23 #9 type.registry] 
New type domain.DiruMugimendu

[2024-04-23 19:17:23 #10 type.registry] 
New type java.util.ArrayList<domain.DiruMugimendu>

[2024-04-23 19:17:23 #11 type] 
Type domain.Driver is not enhanced.

[2024-04-23 19:17:23 #12 type.registry] 
New type java.util.ArrayList<domain.Car>

[2024-04-23 19:17:23 #13 type] 
Type domain.DiruMugimendu is not enhanced.

[2024-04-23 19:17:23 #14 type.registry] 
New type domain.Booking

[2024-04-23 19:17:23 #15 type] 
Type domain.Booking is not enhanced.

[2024-04-23 19:17:23 #16 type.registry] 
New type domain.Traveler

[2024-04-23 19:17:23 #17 type] 
Type domain.Traveler is not enhanced.

[2024-04-23 19:17:23 #18 type.registry] 
New type java.util.Vector<java.lang.Object>

[2024-04-23 19:17:23 #19 type.registry] 
New type java.util.ArrayList<java.lang.Object>

[2024-04-23 19:17:23 #20 type.registry] 
New type java.util.Vector<domain.Ride>

------------------------------------------------------------------------------------------------------------------------

[2024-04-23 19:29:12 #1 store] 
Database 'C:\Users\Burbu\git\13\Rides24\src\main\resources\rides.temp' is opened by 1732@DESKTOP-PK3U990

[2024-04-23 19:29:12 #2 type.registry] 
New type domain.Ride

[2024-04-23 19:29:12 #3 type] 
Type domain.Ride is not enhanced.

[2024-04-23 19:29:12 #4 type.registry] 
New type domain.Car

[2024-04-23 19:29:12 #5 type.registry] 
New type domain.User

[2024-04-23 19:29:12 #6 type.registry] 
New type domain.Driver

[2024-04-23 19:29:12 #7 type] 
Type domain.Car is not enhanced.

[2024-04-23 19:29:12 #8 type] 
Type domain.User is not enhanced.

[2024-04-23 19:29:12 #9 type.registry] 
New type domain.DiruMugimendu

[2024-04-23 19:29:12 #10 type.registry] 
New type java.util.ArrayList<domain.DiruMugimendu>

[2024-04-23 19:29:12 #11 type] 
Type domain.Driver is not enhanced.

[2024-04-23 19:29:12 #12 type.registry] 
New type java.util.ArrayList<domain.Car>

[2024-04-23 19:29:12 #13 type] 
Type domain.DiruMugimendu is not enhanced.

[2024-04-23 19:29:12 #14 type.registry] 
New type domain.Booking

[2024-04-23 19:29:12 #15 type] 
Type domain.Booking is not enhanced.

[2024-04-23 19:29:12 #16 type.registry] 
New type domain.Traveler

[2024-04-23 19:29:12 #17 type] 
Type domain.Traveler is not enhanced.

[2024-04-23 19:29:12 #18 type.registry] 
New type java.util.Vector<java.lang.Object>

[2024-04-23 19:29:12 #19 type.registry] 
New type java.util.ArrayList<java.lang.Object>

[2024-04-23 19:29:12 #20 type.registry] 
New type java.util.Vector<domain.Ride>

------------------------------------------------------------------------------------------------------------------------

[2024-04-23 19:36:02 #1 store] 
Database 'C:\Users\Burbu\git\13\Rides24\src\main\resources\rides.temp' is opened by 8220@DESKTOP-PK3U990

[2024-04-23 19:36:02 #2 type.registry] 
New type domain.Ride

[2024-04-23 19:36:02 #3 type] 
Type domain.Ride is not enhanced.

[2024-04-23 19:36:02 #4 type.registry] 
New type domain.Car

[2024-04-23 19:36:02 #5 type.registry] 
New type domain.User

[2024-04-23 19:36:02 #6 type.registry] 
New type domain.Driver

[2024-04-23 19:36:02 #7 type] 
Type domain.Car is not enhanced.

[2024-04-23 19:36:02 #8 type] 
Type domain.User is not enhanced.

[2024-04-23 19:36:02 #9 type.registry] 
New type domain.DiruMugimendu

[2024-04-23 19:36:02 #10 type.registry] 
New type java.util.ArrayList<domain.DiruMugimendu>

[2024-04-23 19:36:02 #11 type] 
Type domain.Driver is not enhanced.

[2024-04-23 19:36:02 #12 type.registry] 
New type java.util.ArrayList<domain.Car>

[2024-04-23 19:36:02 #13 type] 
Type domain.DiruMugimendu is not enhanced.

[2024-04-23 19:36:02 #14 type.registry] 
New type domain.Booking

[2024-04-23 19:36:02 #15 type] 
Type domain.Booking is not enhanced.

[2024-04-23 19:36:02 #16 type.registry] 
New type domain.Traveler

[2024-04-23 19:36:02 #17 type] 
Type domain.Traveler is not enhanced.

[2024-04-23 19:36:02 #18 type.registry] 
New type java.util.Vector<java.lang.Object>

[2024-04-23 19:36:02 #19 type.registry] 
New type java.util.ArrayList<java.lang.Object>

[2024-04-23 19:36:02 #20 type.registry] 
New type java.util.Vector<domain.Ride>

------------------------------------------------------------------------------------------------------------------------

[2024-04-23 19:37:52 #1 store] 
Database 'C:\Users\Burbu\git\13\Rides24\src\main\resources\rides.temp' is opened by 10616@DESKTOP-PK3U990

[2024-04-23 19:37:52 #2 type.registry] 
New type domain.Ride

[2024-04-23 19:37:52 #3 type] 
Type domain.Ride is not enhanced.

[2024-04-23 19:37:52 #4 type.registry] 
New type domain.Car

[2024-04-23 19:37:52 #5 type.registry] 
New type domain.User

[2024-04-23 19:37:52 #6 type.registry] 
New type domain.Driver

[2024-04-23 19:37:52 #7 type] 
Type domain.Car is not enhanced.

[2024-04-23 19:37:52 #8 type] 
Type domain.User is not enhanced.

[2024-04-23 19:37:52 #9 type.registry] 
New type domain.DiruMugimendu

[2024-04-23 19:37:52 #10 type.registry] 
New type java.util.ArrayList<domain.DiruMugimendu>

[2024-04-23 19:37:52 #11 type] 
Type domain.Driver is not enhanced.

[2024-04-23 19:37:52 #12 type.registry] 
New type java.util.ArrayList<domain.Car>

[2024-04-23 19:37:52 #13 type] 
Type domain.DiruMugimendu is not enhanced.

[2024-04-23 19:37:52 #14 type.registry] 
New type domain.Booking

[2024-04-23 19:37:52 #15 type] 
Type domain.Booking is not enhanced.

[2024-04-23 19:37:52 #16 type.registry] 
New type domain.Traveler

[2024-04-23 19:37:52 #17 type] 
Type domain.Traveler is not enhanced.

[2024-04-23 19:37:52 #18 type.registry] 
New type java.util.Vector<java.lang.Object>

[2024-04-23 19:37:52 #19 type.registry] 
New type java.util.ArrayList<java.lang.Object>

[2024-04-23 19:37:52 #20 type.registry] 
New type java.util.Vector<domain.Ride>

------------------------------------------------------------------------------------------------------------------------

[2024-04-23 19:38:48 #1 store] 
Database 'C:\Users\Burbu\git\13\Rides24\src\main\resources\rides.temp' is opened by 6576@DESKTOP-PK3U990

[2024-04-23 19:38:48 #2 type.registry] 
New type domain.Ride

[2024-04-23 19:38:48 #3 type] 
Type domain.Ride is not enhanced.

[2024-04-23 19:38:48 #4 type.registry] 
New type domain.Car

[2024-04-23 19:38:48 #5 type.registry] 
New type domain.User

[2024-04-23 19:38:48 #6 type.registry] 
New type domain.Driver

[2024-04-23 19:38:48 #7 type] 
Type domain.Car is not enhanced.

[2024-04-23 19:38:48 #8 type] 
Type domain.User is not enhanced.

[2024-04-23 19:38:48 #9 type.registry] 
New type domain.DiruMugimendu

[2024-04-23 19:38:48 #10 type.registry] 
New type java.util.ArrayList<domain.DiruMugimendu>

[2024-04-23 19:38:48 #11 type] 
Type domain.Driver is not enhanced.

[2024-04-23 19:38:48 #12 type.registry] 
New type java.util.ArrayList<domain.Car>

[2024-04-23 19:38:48 #13 type] 
Type domain.DiruMugimendu is not enhanced.

[2024-04-23 19:38:48 #14 type.registry] 
New type domain.Booking

[2024-04-23 19:38:48 #15 type] 
Type domain.Booking is not enhanced.

[2024-04-23 19:38:48 #16 type.registry] 
New type domain.Traveler

[2024-04-23 19:38:48 #17 type] 
Type domain.Traveler is not enhanced.

[2024-04-23 19:38:48 #18 type.registry] 
New type java.util.Vector<java.lang.Object>

[2024-04-23 19:38:48 #19 type.registry] 
New type java.util.ArrayList<java.lang.Object>

[2024-04-23 19:38:48 #20 type.registry] 
New type java.util.Vector<domain.Ride>

------------------------------------------------------------------------------------------------------------------------

[2024-04-23 19:42:26 #1 store] 
Database 'C:\Users\Burbu\git\13\Rides24\src\main\resources\rides.temp' is opened by 19260@DESKTOP-PK3U990

[2024-04-23 19:42:26 #2 type.registry] 
New type domain.Ride

[2024-04-23 19:42:26 #3 type] 
Type domain.Ride is not enhanced.

[2024-04-23 19:42:26 #4 type.registry] 
New type domain.Car

[2024-04-23 19:42:26 #5 type.registry] 
New type domain.User

[2024-04-23 19:42:26 #6 type.registry] 
New type domain.Driver

[2024-04-23 19:42:26 #7 type] 
Type domain.Car is not enhanced.

[2024-04-23 19:42:26 #8 type] 
Type domain.User is not enhanced.

[2024-04-23 19:42:26 #9 type.registry] 
New type domain.DiruMugimendu

[2024-04-23 19:42:26 #10 type.registry] 
New type java.util.ArrayList<domain.DiruMugimendu>

[2024-04-23 19:42:26 #11 type] 
Type domain.Driver is not enhanced.

[2024-04-23 19:42:26 #12 type.registry] 
New type java.util.ArrayList<domain.Car>

[2024-04-23 19:42:26 #13 type] 
Type domain.DiruMugimendu is not enhanced.

[2024-04-23 19:42:26 #14 type.registry] 
New type domain.Booking

[2024-04-23 19:42:26 #15 type] 
Type domain.Booking is not enhanced.

[2024-04-23 19:42:26 #16 type.registry] 
New type domain.Traveler

[2024-04-23 19:42:26 #17 type] 
Type domain.Traveler is not enhanced.

[2024-04-23 19:42:26 #18 type.registry] 
New type java.util.Vector<java.lang.Object>

[2024-04-23 19:42:26 #19 type.registry] 
New type java.util.ArrayList<java.lang.Object>

[2024-04-23 19:42:26 #20 type.registry] 
New type java.util.Vector<domain.Ride>

------------------------------------------------------------------------------------------------------------------------

[2024-04-23 19:44:00 #1 store] 
Database 'C:\Users\Burbu\git\13\Rides24\src\main\resources\rides.temp' is opened by 21412@DESKTOP-PK3U990

[2024-04-23 19:44:00 #2 type.registry] 
New type domain.Ride

[2024-04-23 19:44:00 #3 type] 
Type domain.Ride is not enhanced.

[2024-04-23 19:44:00 #4 type.registry] 
New type domain.Car

[2024-04-23 19:44:00 #5 type.registry] 
New type domain.User

[2024-04-23 19:44:00 #6 type.registry] 
New type domain.Driver

[2024-04-23 19:44:00 #7 type] 
Type domain.Car is not enhanced.

[2024-04-23 19:44:00 #8 type] 
Type domain.User is not enhanced.

[2024-04-23 19:44:00 #9 type.registry] 
New type domain.DiruMugimendu

[2024-04-23 19:44:00 #10 type.registry] 
New type java.util.ArrayList<domain.DiruMugimendu>

[2024-04-23 19:44:00 #11 type] 
Type domain.Driver is not enhanced.

[2024-04-23 19:44:00 #12 type.registry] 
New type java.util.ArrayList<domain.Car>

[2024-04-23 19:44:00 #13 type] 
Type domain.DiruMugimendu is not enhanced.

[2024-04-23 19:44:00 #14 type.registry] 
New type domain.Booking

[2024-04-23 19:44:00 #15 type] 
Type domain.Booking is not enhanced.

[2024-04-23 19:44:00 #16 type.registry] 
New type domain.Traveler

[2024-04-23 19:44:00 #17 type] 
Type domain.Traveler is not enhanced.

[2024-04-23 19:44:00 #18 type.registry] 
New type java.util.Vector<java.lang.Object>

[2024-04-23 19:44:00 #19 type.registry] 
New type java.util.ArrayList<java.lang.Object>

[2024-04-23 19:44:00 #20 type.registry] 
New type java.util.Vector<domain.Ride>

------------------------------------------------------------------------------------------------------------------------

[2024-04-23 19:44:56 #1 store] 
Database 'C:\Users\Burbu\git\13\Rides24\src\main\resources\rides.temp' is opened by 9060@DESKTOP-PK3U990

[2024-04-23 19:44:56 #2 type.registry] 
New type domain.Ride

[2024-04-23 19:44:56 #3 type] 
Type domain.Ride is not enhanced.

[2024-04-23 19:44:56 #4 type.registry] 
New type domain.Car

[2024-04-23 19:44:56 #5 type.registry] 
New type domain.User

[2024-04-23 19:44:56 #6 type.registry] 
New type domain.Driver

[2024-04-23 19:44:56 #7 type] 
Type domain.Car is not enhanced.

[2024-04-23 19:44:56 #8 type] 
Type domain.User is not enhanced.

[2024-04-23 19:44:56 #9 type.registry] 
New type domain.DiruMugimendu

[2024-04-23 19:44:56 #10 type.registry] 
New type java.util.ArrayList<domain.DiruMugimendu>

[2024-04-23 19:44:56 #11 type] 
Type domain.Driver is not enhanced.

[2024-04-23 19:44:56 #12 type.registry] 
New type java.util.ArrayList<domain.Car>

[2024-04-23 19:44:56 #13 type] 
Type domain.DiruMugimendu is not enhanced.

[2024-04-23 19:44:56 #14 type.registry] 
New type domain.Booking

[2024-04-23 19:44:56 #15 type] 
Type domain.Booking is not enhanced.

[2024-04-23 19:44:56 #16 type.registry] 
New type domain.Traveler

[2024-04-23 19:44:56 #17 type] 
Type domain.Traveler is not enhanced.

[2024-04-23 19:44:56 #18 type.registry] 
New type java.util.Vector<java.lang.Object>

[2024-04-23 19:44:56 #19 type.registry] 
New type java.util.ArrayList<java.lang.Object>

[2024-04-23 19:44:56 #20 type.registry] 
New type java.util.Vector<domain.Ride>

------------------------------------------------------------------------------------------------------------------------

[2024-04-23 19:46:27 #1 store] 
Database 'C:\Users\Burbu\git\13\Rides24\src\main\resources\rides.temp' is opened by 10320@DESKTOP-PK3U990

[2024-04-23 19:46:27 #2 type.registry] 
New type domain.Ride

[2024-04-23 19:46:27 #3 type] 
Type domain.Ride is not enhanced.

[2024-04-23 19:46:27 #4 type.registry] 
New type domain.Car

[2024-04-23 19:46:27 #5 type.registry] 
New type domain.User

[2024-04-23 19:46:27 #6 type.registry] 
New type domain.Driver

[2024-04-23 19:46:27 #7 type] 
Type domain.Car is not enhanced.

[2024-04-23 19:46:27 #8 type] 
Type domain.User is not enhanced.

[2024-04-23 19:46:27 #9 type.registry] 
New type domain.DiruMugimendu

[2024-04-23 19:46:27 #10 type.registry] 
New type java.util.ArrayList<domain.DiruMugimendu>

[2024-04-23 19:46:27 #11 type] 
Type domain.Driver is not enhanced.

[2024-04-23 19:46:27 #12 type.registry] 
New type java.util.ArrayList<domain.Car>

[2024-04-23 19:46:27 #13 type] 
Type domain.DiruMugimendu is not enhanced.

[2024-04-23 19:46:27 #14 type.registry] 
New type domain.Booking

[2024-04-23 19:46:27 #15 type] 
Type domain.Booking is not enhanced.

[2024-04-23 19:46:27 #16 type.registry] 
New type domain.Traveler

[2024-04-23 19:46:27 #17 type] 
Type domain.Traveler is not enhanced.

[2024-04-23 19:46:27 #18 type.registry] 
New type java.util.Vector<java.lang.Object>

[2024-04-23 19:46:27 #19 type.registry] 
New type java.util.ArrayList<java.lang.Object>

[2024-04-23 19:46:27 #20 type.registry] 
New type java.util.Vector<domain.Ride>

------------------------------------------------------------------------------------------------------------------------

[2024-04-23 19:53:38 #1 store] 
Database 'C:\Users\Burbu\git\13\Rides24\src\main\resources\rides.temp' is opened by 2496@DESKTOP-PK3U990

[2024-04-23 19:53:39 #2 type.registry] 
New type domain.Ride

[2024-04-23 19:53:39 #3 type] 
Type domain.Ride is not enhanced.

[2024-04-23 19:53:39 #4 type.registry] 
New type domain.Car

[2024-04-23 19:53:39 #5 type.registry] 
New type domain.User

[2024-04-23 19:53:39 #6 type.registry] 
New type domain.Driver

[2024-04-23 19:53:39 #7 type] 
Type domain.Car is not enhanced.

[2024-04-23 19:53:39 #8 type] 
Type domain.User is not enhanced.

[2024-04-23 19:53:39 #9 type.registry] 
New type domain.DiruMugimendu

[2024-04-23 19:53:39 #10 type.registry] 
New type java.util.ArrayList<domain.DiruMugimendu>

[2024-04-23 19:53:39 #11 type] 
Type domain.Driver is not enhanced.

[2024-04-23 19:53:39 #12 type.registry] 
New type java.util.ArrayList<domain.Car>

[2024-04-23 19:53:39 #13 type] 
Type domain.DiruMugimendu is not enhanced.

[2024-04-23 19:53:39 #14 type.registry] 
New type domain.Booking

[2024-04-23 19:53:39 #15 type] 
Type domain.Booking is not enhanced.

[2024-04-23 19:53:39 #16 type.registry] 
New type domain.Traveler

[2024-04-23 19:53:39 #17 type] 
Type domain.Traveler is not enhanced.

[2024-04-23 19:53:39 #18 type.registry] 
New type java.util.Vector<java.lang.Object>

[2024-04-23 19:53:39 #19 type.registry] 
New type java.util.ArrayList<java.lang.Object>

[2024-04-23 19:53:39 #20 type.registry] 
New type java.util.Vector<domain.Ride>

------------------------------------------------------------------------------------------------------------------------

[2024-04-23 20:35:31 #1 store] 
Database 'C:\Users\Burbu\git\13\Rides24\src\main\resources\rides.temp' is opened by 20000@DESKTOP-PK3U990

------------------------------------------------------------------------------------------------------------------------

[2024-04-23 20:36:12 #1 store] 
Database 'C:\Users\Burbu\git\13\Rides24\src\main\resources\rides.temp' is opened by 12720@DESKTOP-PK3U990

[2024-04-23 20:36:12 #2 type.registry] 
New type domain.Ride

[2024-04-23 20:36:12 #3 type] 
Type domain.Ride is not enhanced.

[2024-04-23 20:36:12 #4 type.registry] 
New type domain.Car

[2024-04-23 20:36:12 #5 type.registry] 
New type domain.User

[2024-04-23 20:36:12 #6 type.registry] 
New type domain.Driver

[2024-04-23 20:36:12 #7 type] 
Type domain.Car is not enhanced.

[2024-04-23 20:36:12 #8 type] 
Type domain.User is not enhanced.

[2024-04-23 20:36:12 #9 type.registry] 
New type domain.DiruMugimendu

[2024-04-23 20:36:12 #10 type.registry] 
New type java.util.ArrayList<domain.DiruMugimendu>

[2024-04-23 20:36:12 #11 type] 
Type domain.Driver is not enhanced.

[2024-04-23 20:36:12 #12 type.registry] 
New type java.util.ArrayList<domain.Car>

[2024-04-23 20:36:12 #13 type] 
Type domain.DiruMugimendu is not enhanced.

[2024-04-23 20:36:12 #14 type.registry] 
New type domain.Booking

[2024-04-23 20:36:12 #15 type] 
Type domain.Booking is not enhanced.

[2024-04-23 20:36:12 #16 type.registry] 
New type domain.Traveler

[2024-04-23 20:36:12 #17 type] 
Type domain.Traveler is not enhanced.

[2024-04-23 20:36:12 #18 type.registry] 
New type java.util.Vector<java.lang.Object>

[2024-04-23 20:36:12 #19 type.registry] 
New type java.util.ArrayList<java.lang.Object>

[2024-04-23 20:36:12 #20 type.registry] 
New type java.util.Vector<domain.Ride>

------------------------------------------------------------------------------------------------------------------------

[2024-04-23 20:37:59 #1 store] 
Database 'C:\Users\Burbu\git\13\Rides24\src\main\resources\rides.temp' is opened by 9132@DESKTOP-PK3U990

[2024-04-23 20:37:59 #2 type.registry] 
New type domain.Ride

[2024-04-23 20:37:59 #3 type] 
Type domain.Ride is not enhanced.

[2024-04-23 20:37:59 #4 type.registry] 
New type domain.Car

[2024-04-23 20:37:59 #5 type.registry] 
New type domain.User

[2024-04-23 20:37:59 #6 type.registry] 
New type domain.Driver

[2024-04-23 20:37:59 #7 type] 
Type domain.Car is not enhanced.

[2024-04-23 20:37:59 #8 type] 
Type domain.User is not enhanced.

[2024-04-23 20:37:59 #9 type.registry] 
New type domain.DiruMugimendu

[2024-04-23 20:37:59 #10 type.registry] 
New type java.util.ArrayList<domain.DiruMugimendu>

[2024-04-23 20:37:59 #11 type] 
Type domain.Driver is not enhanced.

[2024-04-23 20:37:59 #12 type.registry] 
New type java.util.ArrayList<domain.Car>

[2024-04-23 20:37:59 #13 type] 
Type domain.DiruMugimendu is not enhanced.

[2024-04-23 20:37:59 #14 type.registry] 
New type domain.Booking

[2024-04-23 20:37:59 #15 type] 
Type domain.Booking is not enhanced.

[2024-04-23 20:37:59 #16 type.registry] 
New type domain.Traveler

[2024-04-23 20:37:59 #17 type] 
Type domain.Traveler is not enhanced.

[2024-04-23 20:37:59 #18 type.registry] 
New type java.util.Vector<java.lang.Object>

[2024-04-23 20:37:59 #19 type.registry] 
New type java.util.ArrayList<java.lang.Object>

[2024-04-23 20:37:59 #20 type.registry] 
New type java.util.Vector<domain.Ride>

[2024-04-23 20:39:50 #21 type.registry] 
New type domain.Balorazio

[2024-04-23 20:39:50 #22 type] 
Type domain.Balorazio is not enhanced.

------------------------------------------------------------------------------------------------------------------------

[2024-04-23 20:43:41 #1 store] 
Database 'C:\Users\Burbu\git\13\Rides24\src\main\resources\rides.temp' is opened by 21856@DESKTOP-PK3U990

[2024-04-23 20:43:41 #2 type.registry] 
New type domain.Ride

[2024-04-23 20:43:41 #3 type] 
Type domain.Ride is not enhanced.

[2024-04-23 20:43:41 #4 type.registry] 
New type domain.Car

[2024-04-23 20:43:41 #5 type.registry] 
New type domain.User

[2024-04-23 20:43:41 #6 type.registry] 
New type domain.Driver

[2024-04-23 20:43:41 #7 type] 
Type domain.Car is not enhanced.

[2024-04-23 20:43:41 #8 type] 
Type domain.User is not enhanced.

[2024-04-23 20:43:41 #9 type.registry] 
New type domain.DiruMugimendu

[2024-04-23 20:43:41 #10 type.registry] 
New type java.util.ArrayList<domain.DiruMugimendu>

[2024-04-23 20:43:41 #11 type] 
Type domain.Driver is not enhanced.

[2024-04-23 20:43:41 #12 type.registry] 
New type java.util.ArrayList<domain.Car>

[2024-04-23 20:43:41 #13 type] 
Type domain.DiruMugimendu is not enhanced.

[2024-04-23 20:43:41 #14 type.registry] 
New type domain.Booking

[2024-04-23 20:43:41 #15 type] 
Type domain.Booking is not enhanced.

[2024-04-23 20:43:41 #16 type.registry] 
New type domain.Traveler

[2024-04-23 20:43:41 #17 type] 
Type domain.Traveler is not enhanced.

[2024-04-23 20:43:41 #18 type.registry] 
New type java.util.Vector<java.lang.Object>

[2024-04-23 20:43:41 #19 type.registry] 
New type java.util.ArrayList<java.lang.Object>

[2024-04-23 20:43:41 #20 type.registry] 
New type java.util.Vector<domain.Ride>

[2024-04-23 20:45:18 #21 type.registry] 
New type domain.Balorazio

[2024-04-23 20:45:18 #22 type] 
Type domain.Balorazio is not enhanced.

------------------------------------------------------------------------------------------------------------------------

[2024-04-23 20:48:43 #1 store] 
Database 'C:\Users\Burbu\git\13\Rides24\src\main\resources\rides.temp' is opened by 9700@DESKTOP-PK3U990

[2024-04-23 20:48:43 #2 type.registry] 
New type domain.Ride

[2024-04-23 20:48:43 #3 type] 
Type domain.Ride is not enhanced.

[2024-04-23 20:48:43 #4 type.registry] 
New type domain.Car

[2024-04-23 20:48:43 #5 type.registry] 
New type domain.User

[2024-04-23 20:48:43 #6 type.registry] 
New type domain.Driver

[2024-04-23 20:48:43 #7 type] 
Type domain.Car is not enhanced.

[2024-04-23 20:48:43 #8 type] 
Type domain.User is not enhanced.

[2024-04-23 20:48:43 #9 type.registry] 
New type domain.DiruMugimendu

[2024-04-23 20:48:43 #10 type.registry] 
New type java.util.ArrayList<domain.DiruMugimendu>

[2024-04-23 20:48:43 #11 type] 
Type domain.Driver is not enhanced.

[2024-04-23 20:48:43 #12 type.registry] 
New type java.util.ArrayList<domain.Car>

[2024-04-23 20:48:43 #13 type] 
Type domain.DiruMugimendu is not enhanced.

[2024-04-23 20:48:43 #14 type.registry] 
New type domain.Booking

[2024-04-23 20:48:43 #15 type] 
Type domain.Booking is not enhanced.

[2024-04-23 20:48:43 #16 type.registry] 
New type domain.Traveler

[2024-04-23 20:48:43 #17 type] 
Type domain.Traveler is not enhanced.

[2024-04-23 20:48:43 #18 type.registry] 
New type java.util.Vector<java.lang.Object>

[2024-04-23 20:48:43 #19 type.registry] 
New type java.util.ArrayList<java.lang.Object>

[2024-04-23 20:48:43 #20 type.registry] 
New type java.util.Vector<domain.Ride>

------------------------------------------------------------------------------------------------------------------------

[2024-04-23 20:49:02 #1 store] 
Database 'C:\Users\Burbu\git\13\Rides24\src\main\resources\rides.temp' is opened by 19632@DESKTOP-PK3U990

[2024-04-23 20:49:02 #2 type.registry] 
New type domain.Ride

[2024-04-23 20:49:02 #3 type] 
Type domain.Ride is not enhanced.

[2024-04-23 20:49:02 #4 type.registry] 
New type domain.Car

[2024-04-23 20:49:02 #5 type.registry] 
New type domain.User

[2024-04-23 20:49:02 #6 type.registry] 
New type domain.Driver

[2024-04-23 20:49:02 #7 type] 
Type domain.Car is not enhanced.

[2024-04-23 20:49:02 #8 type] 
Type domain.User is not enhanced.

[2024-04-23 20:49:02 #9 type.registry] 
New type domain.DiruMugimendu

[2024-04-23 20:49:02 #10 type.registry] 
New type java.util.ArrayList<domain.DiruMugimendu>

[2024-04-23 20:49:02 #11 type] 
Type domain.Driver is not enhanced.

[2024-04-23 20:49:02 #12 type.registry] 
New type java.util.ArrayList<domain.Car>

[2024-04-23 20:49:02 #13 type] 
Type domain.DiruMugimendu is not enhanced.

[2024-04-23 20:49:02 #14 type.registry] 
New type domain.Booking

[2024-04-23 20:49:02 #15 type] 
Type domain.Booking is not enhanced.

[2024-04-23 20:49:02 #16 type.registry] 
New type domain.Traveler

[2024-04-23 20:49:02 #17 type] 
Type domain.Traveler is not enhanced.

[2024-04-23 20:49:02 #18 type.registry] 
New type java.util.Vector<java.lang.Object>

[2024-04-23 20:49:02 #19 type.registry] 
New type java.util.ArrayList<java.lang.Object>

[2024-04-23 20:49:02 #20 type.registry] 
New type java.util.Vector<domain.Ride>

