------------------------------------------------------------------------------------------------------------------------

[2024-04-09 12:19:13 #1 store] 
Database '/Users/aimarbarrenapol/git/13/Rides24/src/main/resources/rides.temp' is opened by 2529@MacBook-Air-de-Aimar.local

[2024-04-09 12:19:13 #2 type.registry] 
New type domain.User

[2024-04-09 12:19:13 #3 type.registry] 
New type domain.Driver

[2024-04-09 12:19:13 #4 type] 
Type domain.User is not enhanced.

[2024-04-09 12:19:13 #5 type.registry] 
New type domain.DiruMugimendu

[2024-04-09 12:19:13 #6 type.registry] 
New type java.util.ArrayList<domain.DiruMugimendu>

[2024-04-09 12:19:13 #7 type.registry] 
New type domain.Ride

[2024-04-09 12:19:13 #8 type] 
Type domain.Driver is not enhanced.

[2024-04-09 12:19:13 #9 type.registry] 
New type domain.Car

[2024-04-09 12:19:13 #10 type.registry] 
New type java.util.ArrayList<domain.Car>

[2024-04-09 12:19:13 #11 type] 
Type domain.DiruMugimendu is not enhanced.

[2024-04-09 12:19:13 #12 type] 
Type domain.Ride is not enhanced.

[2024-04-09 12:19:13 #13 type] 
Type domain.Car is not enhanced.

[2024-04-09 12:19:13 #14 type.registry] 
New type domain.Traveler

[2024-04-09 12:19:13 #15 type] 
Type domain.Traveler is not enhanced.

[2024-04-09 12:19:13 #16 type.registry] 
New type java.util.Vector<java.lang.Object>

[2024-04-09 12:19:13 #17 type.registry] 
New type java.util.ArrayList<java.lang.Object>

[2024-04-09 12:19:13 #18 type.registry] 
New type java.util.Vector<domain.Ride>

------------------------------------------------------------------------------------------------------------------------

[2024-04-09 12:20:26 #1 store] 
Database '/Users/aimarbarrenapol/git/13/Rides24/src/main/resources/rides.temp' is opened by 2541@MacBook-Air-de-Aimar.local

[2024-04-09 12:20:26 #2 type.registry] 
New type domain.User

[2024-04-09 12:20:26 #3 type.registry] 
New type domain.Driver

[2024-04-09 12:20:26 #4 type] 
Type domain.User is not enhanced.

[2024-04-09 12:20:26 #5 type.registry] 
New type domain.DiruMugimendu

[2024-04-09 12:20:26 #6 type.registry] 
New type java.util.ArrayList<domain.DiruMugimendu>

[2024-04-09 12:20:26 #7 type.registry] 
New type domain.Ride

[2024-04-09 12:20:26 #8 type] 
Type domain.Driver is not enhanced.

[2024-04-09 12:20:26 #9 type.registry] 
New type domain.Car

[2024-04-09 12:20:26 #10 type.registry] 
New type java.util.ArrayList<domain.Car>

[2024-04-09 12:20:26 #11 type] 
Type domain.DiruMugimendu is not enhanced.

[2024-04-09 12:20:26 #12 type] 
Type domain.Ride is not enhanced.

[2024-04-09 12:20:26 #13 type] 
Type domain.Car is not enhanced.

[2024-04-09 12:20:26 #14 type.registry] 
New type domain.Traveler

[2024-04-09 12:20:26 #15 type] 
Type domain.Traveler is not enhanced.

[2024-04-09 12:20:26 #16 type.registry] 
New type java.util.Vector<java.lang.Object>

[2024-04-09 12:20:26 #17 type.registry] 
New type java.util.ArrayList<java.lang.Object>

[2024-04-09 12:20:26 #18 type.registry] 
New type java.util.Vector<domain.Ride>

------------------------------------------------------------------------------------------------------------------------

[2024-04-09 12:21:11 #1 store] 
Database '/Users/aimarbarrenapol/git/13/Rides24/src/main/resources/rides.temp' has been recovered (tr. 1-8)

[2024-04-09 12:21:11 #2 store] 
Database '/Users/aimarbarrenapol/git/13/Rides24/src/main/resources/rides.temp' is opened by 2545@MacBook-Air-de-Aimar.local

[2024-04-09 12:21:11 #3 type] 
Type domain.User is not enhanced.

[2024-04-09 12:21:11 #4 type] 
Type domain.Driver is not enhanced.

[2024-04-09 12:21:11 #5 type] 
Type domain.DiruMugimendu is not enhanced.

[2024-04-09 12:21:11 #6 type] 
Type domain.Ride is not enhanced.

[2024-04-09 12:21:11 #7 type] 
Type domain.Car is not enhanced.

[2024-04-09 12:21:11 #8 type] 
Type domain.Traveler is not enhanced.

------------------------------------------------------------------------------------------------------------------------

[2024-04-09 12:23:44 #1 store] 
Database '/Users/aimarbarrenapol/git/13/Rides24/src/main/resources/rides.temp' is opened by 2554@MacBook-Air-de-Aimar.local

[2024-04-09 12:23:44 #2 type] 
Type domain.User is not enhanced.

[2024-04-09 12:23:44 #3 type] 
Type domain.Driver is not enhanced.

[2024-04-09 12:23:44 #4 type] 
Type domain.DiruMugimendu is not enhanced.

[2024-04-09 12:23:44 #5 type] 
Type domain.Ride is not enhanced.

[2024-04-09 12:23:44 #6 type] 
Type domain.Car is not enhanced.

[2024-04-09 12:23:44 #7 type] 
Type domain.Traveler is not enhanced.

[2024-04-09 12:25:04 #8 type.registry] 
New type domain.Booking

[2024-04-09 12:25:04 #9 type] 
Type domain.Booking is not enhanced.

------------------------------------------------------------------------------------------------------------------------

[2024-04-09 12:28:49 #1 store] 
Database '/Users/aimarbarrenapol/git/13/Rides24/src/main/resources/rides.temp' has been recovered (tr. 14-26)

[2024-04-09 12:28:49 #2 store] 
Database '/Users/aimarbarrenapol/git/13/Rides24/src/main/resources/rides.temp' is opened by 2577@MacBook-Air-de-Aimar.local

[2024-04-09 12:28:49 #3 type] 
Type domain.User is not enhanced.

[2024-04-09 12:28:49 #4 type] 
Type domain.Driver is not enhanced.

[2024-04-09 12:28:49 #5 type] 
Type domain.DiruMugimendu is not enhanced.

[2024-04-09 12:28:49 #6 type] 
Type domain.Ride is not enhanced.

[2024-04-09 12:28:49 #7 type] 
Type domain.Car is not enhanced.

[2024-04-09 12:28:49 #8 type] 
Type domain.Traveler is not enhanced.

[2024-04-09 12:28:49 #9 type] 
Type domain.Booking is not enhanced.

------------------------------------------------------------------------------------------------------------------------

[2024-04-09 12:32:31 #1 store] 
Database '/Users/aimarbarrenapol/git/13/Rides24/src/main/resources/rides.temp' is opened by 2627@MacBook-Air-de-Aimar.local

[2024-04-09 12:32:31 #2 type] 
Type domain.User is not enhanced.

[2024-04-09 12:32:31 #3 type] 
Type domain.Driver is not enhanced.

[2024-04-09 12:32:31 #4 type] 
Type domain.DiruMugimendu is not enhanced.

[2024-04-09 12:32:31 #5 type] 
Type domain.Ride is not enhanced.

[2024-04-09 12:32:31 #6 type] 
Type domain.Car is not enhanced.

[2024-04-09 12:32:31 #7 type] 
Type domain.Traveler is not enhanced.

[2024-04-09 12:32:31 #8 type] 
Type domain.Booking is not enhanced.

------------------------------------------------------------------------------------------------------------------------

[2024-04-09 12:32:39 #1 store] 
Database '/Users/aimarbarrenapol/git/13/Rides24/src/main/resources/rides.temp' is opened by 2630@MacBook-Air-de-Aimar.local

[2024-04-09 12:32:39 #2 type] 
Type domain.User is not enhanced.

[2024-04-09 12:32:39 #3 type] 
Type domain.Driver is not enhanced.

[2024-04-09 12:32:39 #4 type] 
Type domain.DiruMugimendu is not enhanced.

[2024-04-09 12:32:39 #5 type] 
Type domain.Ride is not enhanced.

[2024-04-09 12:32:39 #6 type] 
Type domain.Car is not enhanced.

[2024-04-09 12:32:39 #7 type] 
Type domain.Traveler is not enhanced.

[2024-04-09 12:32:39 #8 type] 
Type domain.Booking is not enhanced.

------------------------------------------------------------------------------------------------------------------------

[2024-04-09 12:33:14 #1 store] 
Database '/Users/aimarbarrenapol/git/13/Rides24/src/main/resources/rides.temp' is opened by 2636@MacBook-Air-de-Aimar.local

[2024-04-09 12:33:14 #2 type] 
Type domain.User is not enhanced.

[2024-04-09 12:33:14 #3 type] 
Type domain.Driver is not enhanced.

[2024-04-09 12:33:14 #4 type] 
Type domain.DiruMugimendu is not enhanced.

[2024-04-09 12:33:14 #5 type] 
Type domain.Ride is not enhanced.

[2024-04-09 12:33:14 #6 type] 
Type domain.Car is not enhanced.

[2024-04-09 12:33:14 #7 type] 
Type domain.Traveler is not enhanced.

[2024-04-09 12:33:14 #8 type] 
Type domain.Booking is not enhanced.

------------------------------------------------------------------------------------------------------------------------

[2024-04-09 12:43:16 #1 store] 
Database '/Users/aimarbarrenapol/git/13/Rides24/src/main/resources/rides.temp' is opened by 2770@MacBook-Air-de-Aimar.local

[2024-04-09 12:43:16 #2 type] 
Type domain.User is not enhanced.

[2024-04-09 12:43:16 #3 type] 
Type domain.Driver is not enhanced.

[2024-04-09 12:43:16 #4 type] 
Type domain.DiruMugimendu is not enhanced.

[2024-04-09 12:43:16 #5 type] 
Type domain.Ride is not enhanced.

[2024-04-09 12:43:16 #6 type] 
Type domain.Car is not enhanced.

[2024-04-09 12:43:16 #7 type] 
Type domain.Traveler is not enhanced.

[2024-04-09 12:43:16 #8 type] 
Type domain.Booking is not enhanced.

------------------------------------------------------------------------------------------------------------------------

[2024-04-09 12:46:07 #1 store] 
Database '/Users/aimarbarrenapol/git/13/Rides24/src/main/resources/rides.temp' is opened by 2802@MacBook-Air-de-Aimar.local

[2024-04-09 12:46:07 #2 type] 
Type domain.User is not enhanced.

[2024-04-09 12:46:07 #3 type] 
Type domain.Driver is not enhanced.

[2024-04-09 12:46:07 #4 type] 
Type domain.DiruMugimendu is not enhanced.

[2024-04-09 12:46:07 #5 type] 
Type domain.Ride is not enhanced.

[2024-04-09 12:46:07 #6 type] 
Type domain.Car is not enhanced.

[2024-04-09 12:46:07 #7 type] 
Type domain.Traveler is not enhanced.

[2024-04-09 12:46:07 #8 type] 
Type domain.Booking is not enhanced.

------------------------------------------------------------------------------------------------------------------------

[2024-04-09 13:03:05 #1 store] 
Database '/Users/aimarbarrenapol/git/13/Rides24/src/main/resources/rides.temp' has been recovered (tr. 27-27)

[2024-04-09 13:03:05 #2 store] 
Database '/Users/aimarbarrenapol/git/13/Rides24/src/main/resources/rides.temp' is opened by 2897@MacBook-Air-de-Aimar.local

[2024-04-09 13:03:05 #3 type] 
Type domain.User is not enhanced.

[2024-04-09 13:03:05 #4 type] 
Type domain.Driver is not enhanced.

[2024-04-09 13:03:05 #5 type] 
Type domain.DiruMugimendu is not enhanced.

[2024-04-09 13:03:05 #6 type] 
Type domain.Ride is not enhanced.

[2024-04-09 13:03:05 #7 type] 
Type domain.Car is not enhanced.

[2024-04-09 13:03:05 #8 type] 
Type domain.Traveler is not enhanced.

[2024-04-09 13:03:05 #9 type] 
Type domain.Booking is not enhanced.

------------------------------------------------------------------------------------------------------------------------

[2024-04-09 13:07:40 #1 store] 
Database '/Users/aimarbarrenapol/git/13/Rides24/src/main/resources/rides.temp' has been recovered (tr. 28-34)

[2024-04-09 13:07:40 #2 store] 
Database '/Users/aimarbarrenapol/git/13/Rides24/src/main/resources/rides.temp' is opened by 2910@MacBook-Air-de-Aimar.local

[2024-04-09 13:07:40 #3 type] 
Type domain.User is not enhanced.

[2024-04-09 13:07:40 #4 type] 
Type domain.Driver is not enhanced.

[2024-04-09 13:07:40 #5 type] 
Type domain.DiruMugimendu is not enhanced.

[2024-04-09 13:07:40 #6 type] 
Type domain.Ride is not enhanced.

[2024-04-09 13:07:40 #7 type] 
Type domain.Car is not enhanced.

[2024-04-09 13:07:40 #8 type] 
Type domain.Traveler is not enhanced.

[2024-04-09 13:07:40 #9 type] 
Type domain.Booking is not enhanced.

------------------------------------------------------------------------------------------------------------------------

[2024-04-09 14:24:54 #1 store] 
Database 'C:\Users\Burbu\git\13\Rides24\src\main\resources\rides.temp' has been recovered (tr. 36-38)

[2024-04-09 14:24:54 #2 store] 
Database 'C:\Users\Burbu\git\13\Rides24\src\main\resources\rides.temp' is opened by 3364@DESKTOP-PK3U990

[2024-04-09 14:24:54 #3 type] 
Type domain.User is not enhanced.

[2024-04-09 14:24:54 #4 type] 
Type domain.Driver is not enhanced.

[2024-04-09 14:24:54 #5 type] 
Type domain.DiruMugimendu is not enhanced.

[2024-04-09 14:24:54 #6 type] 
Type domain.Ride is not enhanced.

[2024-04-09 14:24:54 #7 type] 
Type domain.Car is not enhanced.

[2024-04-09 14:24:54 #8 type] 
Type domain.Traveler is not enhanced.

[2024-04-09 14:24:54 #9 type] 
Type domain.Booking is not enhanced.

------------------------------------------------------------------------------------------------------------------------

[2024-04-09 14:30:02 #1 store] 
Database 'C:\Users\Burbu\git\13\Rides24\src\main\resources\rides.temp' has been recovered (tr. 39-40)

[2024-04-09 14:30:02 #2 store] 
Database 'C:\Users\Burbu\git\13\Rides24\src\main\resources\rides.temp' is opened by 17596@DESKTOP-PK3U990

[2024-04-09 14:30:02 #3 type] 
Type domain.User is not enhanced.

[2024-04-09 14:30:02 #4 type] 
Type domain.Driver is not enhanced.

[2024-04-09 14:30:02 #5 type] 
Type domain.DiruMugimendu is not enhanced.

[2024-04-09 14:30:02 #6 type] 
Type domain.Ride is not enhanced.

[2024-04-09 14:30:02 #7 type] 
Type domain.Car is not enhanced.

[2024-04-09 14:30:02 #8 type] 
Type domain.Traveler is not enhanced.

[2024-04-09 14:30:02 #9 type] 
Type domain.Booking is not enhanced.

------------------------------------------------------------------------------------------------------------------------

[2024-04-09 15:00:51 #1 store] 
Database 'C:\Users\Burbu\git\13\Rides24\src\main\resources\rides.temp' is opened by 20620@DESKTOP-PK3U990

[2024-04-09 15:00:51 #2 type] 
Type domain.User is not enhanced.

[2024-04-09 15:00:51 #3 type] 
Type domain.Driver is not enhanced.

[2024-04-09 15:00:51 #4 type] 
Type domain.DiruMugimendu is not enhanced.

[2024-04-09 15:00:51 #5 type] 
Type domain.Ride is not enhanced.

[2024-04-09 15:00:51 #6 type] 
Type domain.Car is not enhanced.

[2024-04-09 15:00:51 #7 type] 
Type domain.Traveler is not enhanced.

[2024-04-09 15:00:51 #8 type] 
Type domain.Booking is not enhanced.

------------------------------------------------------------------------------------------------------------------------

[2024-04-09 15:24:08 #1 store] 
Database 'C:\Users\Burbu\git\13\Rides24\src\main\resources\rides.temp' is opened by 6404@DESKTOP-PK3U990

[2024-04-09 15:24:08 #2 type] 
Type domain.User is not enhanced.

[2024-04-09 15:24:08 #3 type] 
Type domain.Driver is not enhanced.

[2024-04-09 15:24:08 #4 type] 
Type domain.DiruMugimendu is not enhanced.

[2024-04-09 15:24:08 #5 type] 
Type domain.Ride is not enhanced.

[2024-04-09 15:24:08 #6 type] 
Type domain.Car is not enhanced.

[2024-04-09 15:24:08 #7 type] 
Type domain.Traveler is not enhanced.

[2024-04-09 15:24:08 #8 type] 
Type domain.Booking is not enhanced.

------------------------------------------------------------------------------------------------------------------------

[2024-04-09 20:27:18 #1 store] 
Database '/Users/aimarbarrenapol/git/13/Rides24/src/main/resources/rides.temp' is opened by 6421@MacBook-Air-de-Aimar.local

[2024-04-09 20:27:18 #2 type] 
Type domain.User is not enhanced.

[2024-04-09 20:27:18 #3 type] 
Type domain.Driver is not enhanced.

[2024-04-09 20:27:18 #4 type] 
Type domain.DiruMugimendu is not enhanced.

[2024-04-09 20:27:18 #5 type] 
Type domain.Ride is not enhanced.

[2024-04-09 20:27:18 #6 type] 
Type domain.Car is not enhanced.

[2024-04-09 20:27:18 #7 type] 
Type domain.Traveler is not enhanced.

[2024-04-09 20:27:18 #8 type] 
Type domain.Booking is not enhanced.

------------------------------------------------------------------------------------------------------------------------

[2024-04-09 20:28:05 #1 store] 
Database '/Users/aimarbarrenapol/git/13/Rides24/src/main/resources/rides.temp' is opened by 6430@MacBook-Air-de-Aimar.local

[2024-04-09 20:28:05 #2 type] 
Type domain.User is not enhanced.

[2024-04-09 20:28:05 #3 type] 
Type domain.Driver is not enhanced.

[2024-04-09 20:28:05 #4 type] 
Type domain.DiruMugimendu is not enhanced.

[2024-04-09 20:28:05 #5 type] 
Type domain.Ride is not enhanced.

[2024-04-09 20:28:05 #6 type] 
Type domain.Car is not enhanced.

[2024-04-09 20:28:05 #7 type] 
Type domain.Traveler is not enhanced.

[2024-04-09 20:28:05 #8 type] 
Type domain.Booking is not enhanced.

------------------------------------------------------------------------------------------------------------------------

[2024-04-09 20:30:44 #1 store] 
Database '/Users/aimarbarrenapol/git/13/Rides24/src/main/resources/rides.temp' is opened by 6454@MacBook-Air-de-Aimar.local

[2024-04-09 20:30:44 #2 type] 
Type domain.User is not enhanced.

[2024-04-09 20:30:44 #3 type] 
Type domain.Driver is not enhanced.

[2024-04-09 20:30:44 #4 type] 
Type domain.DiruMugimendu is not enhanced.

[2024-04-09 20:30:44 #5 type] 
Type domain.Ride is not enhanced.

[2024-04-09 20:30:44 #6 type] 
Type domain.Car is not enhanced.

[2024-04-09 20:30:44 #7 type] 
Type domain.Traveler is not enhanced.

[2024-04-09 20:30:44 #8 type] 
Type domain.Booking is not enhanced.

------------------------------------------------------------------------------------------------------------------------

[2024-04-09 20:37:28 #1 store] 
Database '/Users/aimarbarrenapol/git/13/Rides24/src/main/resources/rides.temp' is opened by 6507@MacBook-Air-de-Aimar.local

[2024-04-09 20:37:28 #2 type] 
Type domain.User is not enhanced.

[2024-04-09 20:37:28 #3 type] 
Type domain.Driver is not enhanced.

[2024-04-09 20:37:28 #4 type] 
Type domain.DiruMugimendu is not enhanced.

[2024-04-09 20:37:28 #5 type] 
Type domain.Ride is not enhanced.

[2024-04-09 20:37:28 #6 type] 
Type domain.Car is not enhanced.

[2024-04-09 20:37:28 #7 type] 
Type domain.Traveler is not enhanced.

[2024-04-09 20:37:28 #8 type] 
Type domain.Booking is not enhanced.

------------------------------------------------------------------------------------------------------------------------

[2024-04-09 20:41:18 #1 store] 
Database '/Users/aimarbarrenapol/git/13/Rides24/src/main/resources/rides.temp' is opened by 6527@MacBook-Air-de-Aimar.local

[2024-04-09 20:41:18 #2 type] 
Type domain.User is not enhanced.

[2024-04-09 20:41:18 #3 type] 
Type domain.Driver is not enhanced.

[2024-04-09 20:41:18 #4 type] 
Type domain.DiruMugimendu is not enhanced.

[2024-04-09 20:41:18 #5 type] 
Type domain.Ride is not enhanced.

[2024-04-09 20:41:18 #6 type] 
Type domain.Car is not enhanced.

[2024-04-09 20:41:18 #7 type] 
Type domain.Traveler is not enhanced.

[2024-04-09 20:41:18 #8 type] 
Type domain.Booking is not enhanced.

------------------------------------------------------------------------------------------------------------------------

[2024-04-09 20:42:47 #1 store] 
Database '/Users/aimarbarrenapol/git/13/Rides24/src/main/resources/rides.temp' is opened by 6545@MacBook-Air-de-Aimar.local

[2024-04-09 20:42:47 #2 type] 
Type domain.User is not enhanced.

[2024-04-09 20:42:47 #3 type] 
Type domain.Driver is not enhanced.

[2024-04-09 20:42:47 #4 type] 
Type domain.DiruMugimendu is not enhanced.

[2024-04-09 20:42:47 #5 type] 
Type domain.Ride is not enhanced.

[2024-04-09 20:42:47 #6 type] 
Type domain.Car is not enhanced.

[2024-04-09 20:42:47 #7 type] 
Type domain.Traveler is not enhanced.

[2024-04-09 20:42:47 #8 type] 
Type domain.Booking is not enhanced.

------------------------------------------------------------------------------------------------------------------------

[2024-04-09 20:45:35 #1 store] 
Database '/Users/aimarbarrenapol/git/13/Rides24/src/main/resources/rides.temp' is opened by 6595@MacBook-Air-de-Aimar.local

[2024-04-09 20:45:35 #2 type] 
Type domain.User is not enhanced.

[2024-04-09 20:45:35 #3 type] 
Type domain.Driver is not enhanced.

[2024-04-09 20:45:35 #4 type] 
Type domain.DiruMugimendu is not enhanced.

[2024-04-09 20:45:35 #5 type] 
Type domain.Ride is not enhanced.

[2024-04-09 20:45:35 #6 type] 
Type domain.Car is not enhanced.

[2024-04-09 20:45:35 #7 type] 
Type domain.Traveler is not enhanced.

[2024-04-09 20:45:35 #8 type] 
Type domain.Booking is not enhanced.

