------------------------------------------------------------------------------------------------------------------------

[2024-04-06 12:38:34 #1 store] 
Database 'C:\Users\Burbu\git\13\Rides24\src\main\resources\rides.temp' is opened by 13544@DESKTOP-PK3U990

[2024-04-06 12:38:34 #2 type] 
Type domain.User is not enhanced.

[2024-04-06 12:38:34 #3 type] 
Type domain.Driver is not enhanced.

[2024-04-06 12:38:34 #4 type] 
Type domain.DiruMugimendu is not enhanced.

[2024-04-06 12:38:34 #5 type] 
Type domain.Ride is not enhanced.

[2024-04-06 12:38:34 #6 type] 
Type domain.Car is not enhanced.

[2024-04-06 12:38:34 #7 type] 
Type domain.Traveler is not enhanced.

[2024-04-06 12:38:34 #8 type] 
Type domain.Booking is not enhanced.

------------------------------------------------------------------------------------------------------------------------

[2024-04-06 12:46:54 #1 store] 
Database 'C:\Users\Burbu\git\13\Rides24\src\main\resources\rides.temp' has been recovered (tr. 114-118)

[2024-04-06 12:46:54 #2 store] 
Database 'C:\Users\Burbu\git\13\Rides24\src\main\resources\rides.temp' is opened by 2104@DESKTOP-PK3U990

[2024-04-06 12:46:54 #3 type] 
Type domain.User is not enhanced.

[2024-04-06 12:46:54 #4 type] 
Type domain.Driver is not enhanced.

[2024-04-06 12:46:54 #5 type] 
Type domain.DiruMugimendu is not enhanced.

[2024-04-06 12:46:54 #6 type] 
Type domain.Ride is not enhanced.

[2024-04-06 12:46:54 #7 type] 
Type domain.Car is not enhanced.

[2024-04-06 12:46:54 #8 type] 
Type domain.Traveler is not enhanced.

[2024-04-06 12:46:54 #9 type] 
Type domain.Booking is not enhanced.

------------------------------------------------------------------------------------------------------------------------

[2024-04-06 12:47:53 #1 store] 
Database 'C:\Users\Burbu\git\13\Rides24\src\main\resources\rides.temp' is opened by 13624@DESKTOP-PK3U990

[2024-04-06 12:47:53 #2 type] 
Type domain.User is not enhanced.

[2024-04-06 12:47:53 #3 type] 
Type domain.Driver is not enhanced.

[2024-04-06 12:47:53 #4 type] 
Type domain.DiruMugimendu is not enhanced.

[2024-04-06 12:47:53 #5 type] 
Type domain.Ride is not enhanced.

[2024-04-06 12:47:53 #6 type] 
Type domain.Car is not enhanced.

[2024-04-06 12:47:53 #7 type] 
Type domain.Traveler is not enhanced.

[2024-04-06 12:47:53 #8 type] 
Type domain.Booking is not enhanced.

------------------------------------------------------------------------------------------------------------------------

[2024-04-06 12:49:39 #1 store] 
Database 'C:\Users\Burbu\git\13\Rides24\src\main\resources\rides.temp' is opened by 21228@DESKTOP-PK3U990

[2024-04-06 12:49:40 #2 type] 
Type domain.User is not enhanced.

[2024-04-06 12:49:40 #3 type] 
Type domain.Driver is not enhanced.

[2024-04-06 12:49:40 #4 type] 
Type domain.DiruMugimendu is not enhanced.

[2024-04-06 12:49:40 #5 type] 
Type domain.Ride is not enhanced.

[2024-04-06 12:49:40 #6 type] 
Type domain.Car is not enhanced.

[2024-04-06 12:49:40 #7 type] 
Type domain.Traveler is not enhanced.

[2024-04-06 12:49:40 #8 type] 
Type domain.Booking is not enhanced.

------------------------------------------------------------------------------------------------------------------------

[2024-04-06 12:55:02 #1 store] 
Database '/Users/aimarbarrenapol/git/13/Rides24/src/main/resources/rides.temp' has been recovered (tr. 119-146)

[2024-04-06 12:55:02 #2 store] 
Database '/Users/aimarbarrenapol/git/13/Rides24/src/main/resources/rides.temp' is opened by 20574@MacBook-Air-de-Aimar.local

[2024-04-06 12:55:02 #3 type] 
Type domain.User is not enhanced.

[2024-04-06 12:55:02 #4 type] 
Type domain.Driver is not enhanced.

[2024-04-06 12:55:02 #5 type] 
Type domain.DiruMugimendu is not enhanced.

[2024-04-06 12:55:02 #6 type] 
Type domain.Ride is not enhanced.

[2024-04-06 12:55:02 #7 type] 
Type domain.Car is not enhanced.

[2024-04-06 12:55:02 #8 type] 
Type domain.Traveler is not enhanced.

[2024-04-06 12:55:02 #9 type] 
Type domain.Booking is not enhanced.

------------------------------------------------------------------------------------------------------------------------

[2024-04-06 13:10:43 #1 store] 
Database '/Users/aimarbarrenapol/git/13/Rides24/src/main/resources/rides.temp' is opened by 20639@MacBook-Air-de-Aimar.local

[2024-04-06 13:10:43 #2 type] 
Type domain.User is not enhanced.

[2024-04-06 13:10:43 #3 type] 
Type domain.Driver is not enhanced.

[2024-04-06 13:10:43 #4 type] 
Type domain.DiruMugimendu is not enhanced.

[2024-04-06 13:10:43 #5 type] 
Type domain.Ride is not enhanced.

[2024-04-06 13:10:43 #6 type] 
Type domain.Car is not enhanced.

[2024-04-06 13:10:43 #7 type] 
Type domain.Traveler is not enhanced.

[2024-04-06 13:10:43 #8 type] 
Type domain.Booking is not enhanced.

------------------------------------------------------------------------------------------------------------------------

[2024-04-06 13:12:41 #1 store] 
Database '/Users/aimarbarrenapol/git/13/Rides24/src/main/resources/rides.temp' is opened by 20648@MacBook-Air-de-Aimar.local

[2024-04-06 13:12:41 #2 type] 
Type domain.User is not enhanced.

[2024-04-06 13:12:41 #3 type] 
Type domain.Driver is not enhanced.

[2024-04-06 13:12:41 #4 type] 
Type domain.DiruMugimendu is not enhanced.

[2024-04-06 13:12:41 #5 type] 
Type domain.Ride is not enhanced.

[2024-04-06 13:12:41 #6 type] 
Type domain.Car is not enhanced.

[2024-04-06 13:12:41 #7 type] 
Type domain.Traveler is not enhanced.

[2024-04-06 13:12:41 #8 type] 
Type domain.Booking is not enhanced.

------------------------------------------------------------------------------------------------------------------------

[2024-04-06 13:18:34 #1 store] 
Database '/Users/aimarbarrenapol/git/13/Rides24/src/main/resources/rides.temp' has been recovered (tr. 147-148)

[2024-04-06 13:18:34 #2 store] 
Database '/Users/aimarbarrenapol/git/13/Rides24/src/main/resources/rides.temp' is opened by 20673@MacBook-Air-de-Aimar.local

[2024-04-06 13:18:34 #3 type] 
Type domain.User is not enhanced.

[2024-04-06 13:18:34 #4 type] 
Type domain.Driver is not enhanced.

[2024-04-06 13:18:34 #5 type] 
Type domain.DiruMugimendu is not enhanced.

[2024-04-06 13:18:34 #6 type] 
Type domain.Ride is not enhanced.

[2024-04-06 13:18:34 #7 type] 
Type domain.Car is not enhanced.

[2024-04-06 13:18:34 #8 type] 
Type domain.Traveler is not enhanced.

[2024-04-06 13:18:34 #9 type] 
Type domain.Booking is not enhanced.

