------------------------------------------------------------------------------------------------------------------------

[2024-02-28 15:07:46 #1 store] 
Database '/Users/aimarbarrenapol/git/Rides24/src/main/resources/rides.temp' is opened by 5997@MacBook-Air-de-Aimar.local

[2024-02-28 15:07:46 #2 type.registry] 
New type domain.Driver

[2024-02-28 15:07:46 #3 type] 
Type domain.Driver is not enhanced.

[2024-02-28 15:07:46 #4 type.registry] 
New type domain.Ride

[2024-02-28 15:07:46 #5 type] 
Type domain.Ride is not enhanced.

[2024-02-28 15:07:46 #6 type.registry] 
New type java.util.Vector<java.lang.Object>

[2024-02-28 15:07:46 #7 type.registry] 
New type java.util.Vector<domain.Ride>

------------------------------------------------------------------------------------------------------------------------

[2024-02-28 15:25:54 #1 store] 
Database '/Users/aimarbarrenapol/git/Rides24/src/main/resources/rides.temp' is opened by 6114@MacBook-Air-de-Aimar.local

[2024-02-28 15:25:54 #2 type.registry] 
New type domain.Driver

[2024-02-28 15:25:54 #3 type] 
Type domain.Driver is not enhanced.

[2024-02-28 15:25:54 #4 type.registry] 
New type domain.Ride

[2024-02-28 15:25:54 #5 type] 
Type domain.Ride is not enhanced.

[2024-02-28 15:25:54 #6 type.registry] 
New type java.util.Vector<java.lang.Object>

[2024-02-28 15:25:54 #7 type.registry] 
New type java.util.Vector<domain.Ride>

------------------------------------------------------------------------------------------------------------------------

[2024-02-28 15:35:24 #1 store] 
Database '/Users/aimarbarrenapol/git/Rides24/src/main/resources/rides.temp' is opened by 6201@MacBook-Air-de-Aimar.local

[2024-02-28 15:35:24 #2 type.registry] 
New type domain.Driver

[2024-02-28 15:35:24 #3 type] 
Type domain.Driver is not enhanced.

[2024-02-28 15:35:24 #4 type.registry] 
New type domain.Ride

[2024-02-28 15:35:24 #5 type] 
Type domain.Ride is not enhanced.

[2024-02-28 15:35:24 #6 type.registry] 
New type java.util.Vector<java.lang.Object>

[2024-02-28 15:35:24 #7 type.registry] 
New type java.util.Vector<domain.Ride>

------------------------------------------------------------------------------------------------------------------------

[2024-02-28 15:35:41 #1 store] 
Database '/Users/aimarbarrenapol/git/Rides24/src/main/resources/rides.temp' is opened by 6202@MacBook-Air-de-Aimar.local

[2024-02-28 15:35:41 #2 type.registry] 
New type domain.Driver

[2024-02-28 15:35:41 #3 type] 
Type domain.Driver is not enhanced.

[2024-02-28 15:35:41 #4 type.registry] 
New type domain.Ride

[2024-02-28 15:35:41 #5 type] 
Type domain.Ride is not enhanced.

[2024-02-28 15:35:41 #6 type.registry] 
New type java.util.Vector<java.lang.Object>

[2024-02-28 15:35:41 #7 type.registry] 
New type java.util.Vector<domain.Ride>

------------------------------------------------------------------------------------------------------------------------

[2024-02-28 15:37:22 #1 store] 
Database '/Users/aimarbarrenapol/git/Rides24/src/main/resources/rides.temp' is opened by 6211@MacBook-Air-de-Aimar.local

[2024-02-28 15:37:22 #2 type.registry] 
New type domain.Driver

[2024-02-28 15:37:22 #3 type] 
Type domain.Driver is not enhanced.

[2024-02-28 15:37:22 #4 type.registry] 
New type domain.Ride

[2024-02-28 15:37:22 #5 type] 
Type domain.Ride is not enhanced.

[2024-02-28 15:37:23 #6 type.registry] 
New type java.util.Vector<java.lang.Object>

[2024-02-28 15:37:23 #7 type.registry] 
New type java.util.Vector<domain.Ride>

------------------------------------------------------------------------------------------------------------------------

[2024-02-28 15:37:55 #1 store] 
Database '/Users/aimarbarrenapol/git/Rides24/src/main/resources/rides.temp' is opened by 6212@MacBook-Air-de-Aimar.local

[2024-02-28 15:37:55 #2 type.registry] 
New type domain.Driver

[2024-02-28 15:37:55 #3 type] 
Type domain.Driver is not enhanced.

[2024-02-28 15:37:55 #4 type.registry] 
New type domain.Ride

[2024-02-28 15:37:55 #5 type] 
Type domain.Ride is not enhanced.

[2024-02-28 15:37:55 #6 type.registry] 
New type java.util.Vector<java.lang.Object>

[2024-02-28 15:37:55 #7 type.registry] 
New type java.util.Vector<domain.Ride>

------------------------------------------------------------------------------------------------------------------------

[2024-02-28 16:17:58 #1 store] 
Database '/Users/aimarbarrenapol/git/Rides24/src/main/resources/rides.temp' is opened by 6322@MacBook-Air-de-Aimar.local

[2024-02-28 16:17:58 #2 type.registry] 
New type domain.Driver

[2024-02-28 16:17:58 #3 type] 
Type domain.Driver is not enhanced.

[2024-02-28 16:17:58 #4 type.registry] 
New type domain.Ride

[2024-02-28 16:17:58 #5 type] 
Type domain.Ride is not enhanced.

[2024-02-28 16:17:58 #6 type.registry] 
New type java.util.Vector<java.lang.Object>

[2024-02-28 16:17:58 #7 type.registry] 
New type java.util.Vector<domain.Ride>

------------------------------------------------------------------------------------------------------------------------

[2024-02-28 16:21:09 #1 store] 
Database '/Users/aimarbarrenapol/git/Rides24/src/main/resources/rides.temp' is opened by 6328@MacBook-Air-de-Aimar.local

[2024-02-28 16:21:09 #2 type.registry] 
New type domain.Driver

[2024-02-28 16:21:09 #3 type] 
Type domain.Driver is not enhanced.

[2024-02-28 16:21:09 #4 type.registry] 
New type domain.Ride

[2024-02-28 16:21:09 #5 type] 
Type domain.Ride is not enhanced.

[2024-02-28 16:21:09 #6 type.registry] 
New type java.util.Vector<java.lang.Object>

[2024-02-28 16:21:09 #7 type.registry] 
New type java.util.Vector<domain.Ride>

------------------------------------------------------------------------------------------------------------------------

[2024-02-28 16:21:43 #1 store] 
Database '/Users/aimarbarrenapol/git/Rides24/src/main/resources/rides.temp' is opened by 6345@MacBook-Air-de-Aimar.local

[2024-02-28 16:21:43 #2 type.registry] 
New type domain.Driver

[2024-02-28 16:21:43 #3 type] 
Type domain.Driver is not enhanced.

[2024-02-28 16:21:43 #4 type.registry] 
New type domain.Ride

[2024-02-28 16:21:43 #5 type] 
Type domain.Ride is not enhanced.

[2024-02-28 16:21:43 #6 type.registry] 
New type java.util.Vector<java.lang.Object>

[2024-02-28 16:21:43 #7 type.registry] 
New type java.util.Vector<domain.Ride>

------------------------------------------------------------------------------------------------------------------------

[2024-02-28 16:23:33 #1 store] 
Database '/Users/aimarbarrenapol/git/Rides24/src/main/resources/rides.temp' is opened by 6351@MacBook-Air-de-Aimar.local

[2024-02-28 16:23:33 #2 type.registry] 
New type domain.Driver

[2024-02-28 16:23:33 #3 type] 
Type domain.Driver is not enhanced.

[2024-02-28 16:23:33 #4 type.registry] 
New type domain.Ride

[2024-02-28 16:23:33 #5 type] 
Type domain.Ride is not enhanced.

[2024-02-28 16:23:33 #6 type.registry] 
New type java.util.Vector<java.lang.Object>

[2024-02-28 16:23:33 #7 type.registry] 
New type java.util.Vector<domain.Ride>

------------------------------------------------------------------------------------------------------------------------

[2024-02-28 16:26:36 #1 store] 
Database '/Users/aimarbarrenapol/git/Rides24/src/main/resources/rides.temp' is opened by 6355@MacBook-Air-de-Aimar.local

[2024-02-28 16:26:36 #2 type.registry] 
New type domain.Driver

[2024-02-28 16:26:36 #3 type] 
Type domain.Driver is not enhanced.

[2024-02-28 16:26:36 #4 type.registry] 
New type domain.Ride

[2024-02-28 16:26:36 #5 type] 
Type domain.Ride is not enhanced.

[2024-02-28 16:26:36 #6 type.registry] 
New type java.util.Vector<java.lang.Object>

[2024-02-28 16:26:36 #7 type.registry] 
New type java.util.Vector<domain.Ride>

------------------------------------------------------------------------------------------------------------------------

[2024-02-28 16:27:39 #1 store] 
Database '/Users/aimarbarrenapol/git/Rides24/src/main/resources/rides.temp' is opened by 6360@MacBook-Air-de-Aimar.local

[2024-02-28 16:27:39 #2 type.registry] 
New type domain.Driver

[2024-02-28 16:27:39 #3 type] 
Type domain.Driver is not enhanced.

[2024-02-28 16:27:39 #4 type.registry] 
New type domain.Ride

[2024-02-28 16:27:39 #5 type] 
Type domain.Ride is not enhanced.

[2024-02-28 16:27:39 #6 type.registry] 
New type java.util.Vector<java.lang.Object>

[2024-02-28 16:27:39 #7 type.registry] 
New type java.util.Vector<domain.Ride>

------------------------------------------------------------------------------------------------------------------------

[2024-02-28 16:28:25 #1 store] 
Database '/Users/aimarbarrenapol/git/Rides24/src/main/resources/rides.temp' is opened by 6361@MacBook-Air-de-Aimar.local

[2024-02-28 16:28:25 #2 type.registry] 
New type domain.Driver

[2024-02-28 16:28:25 #3 type] 
Type domain.Driver is not enhanced.

[2024-02-28 16:28:25 #4 type.registry] 
New type domain.Ride

[2024-02-28 16:28:25 #5 type] 
Type domain.Ride is not enhanced.

[2024-02-28 16:28:25 #6 type.registry] 
New type java.util.Vector<java.lang.Object>

[2024-02-28 16:28:25 #7 type.registry] 
New type java.util.Vector<domain.Ride>

------------------------------------------------------------------------------------------------------------------------

[2024-02-28 16:30:16 #1 store] 
Database '/Users/aimarbarrenapol/git/Rides24/src/main/resources/rides.temp' is opened by 6366@MacBook-Air-de-Aimar.local

[2024-02-28 16:30:16 #2 type.registry] 
New type domain.Driver

[2024-02-28 16:30:16 #3 type] 
Type domain.Driver is not enhanced.

[2024-02-28 16:30:16 #4 type.registry] 
New type domain.Ride

[2024-02-28 16:30:16 #5 type] 
Type domain.Ride is not enhanced.

[2024-02-28 16:30:16 #6 type.registry] 
New type java.util.Vector<java.lang.Object>

[2024-02-28 16:30:16 #7 type.registry] 
New type java.util.Vector<domain.Ride>

------------------------------------------------------------------------------------------------------------------------

[2024-02-28 16:49:11 #1 store] 
Database '/Users/aimarbarrenapol/git/Rides24/src/main/resources/rides.temp' is opened by 6444@MacBook-Air-de-Aimar.local

[2024-02-28 16:49:11 #2 type.registry] 
New type domain.Driver

[2024-02-28 16:49:11 #3 type] 
Type domain.Driver is not enhanced.

[2024-02-28 16:49:11 #4 type.registry] 
New type domain.Ride

[2024-02-28 16:49:11 #5 type] 
Type domain.Ride is not enhanced.

[2024-02-28 16:49:11 #6 type.registry] 
New type java.util.Vector<java.lang.Object>

[2024-02-28 16:49:11 #7 type.registry] 
New type java.util.Vector<domain.Ride>

------------------------------------------------------------------------------------------------------------------------

[2024-02-28 17:18:02 #1 store] 
Database '/Users/aimarbarrenapol/git/Rides24/src/main/resources/rides.temp' is opened by 6641@MacBook-Air-de-Aimar.local

[2024-02-28 17:18:02 #2 type.registry] 
New type domain.Driver

[2024-02-28 17:18:02 #3 type] 
Type domain.Driver is not enhanced.

[2024-02-28 17:18:02 #4 type.registry] 
New type domain.Ride

[2024-02-28 17:18:02 #5 type] 
Type domain.Ride is not enhanced.

[2024-02-28 17:18:02 #6 type.registry] 
New type java.util.Vector<java.lang.Object>

[2024-02-28 17:18:02 #7 type.registry] 
New type java.util.Vector<domain.Ride>

------------------------------------------------------------------------------------------------------------------------

[2024-02-28 17:20:44 #1 store] 
Database '/Users/aimarbarrenapol/git/Rides24/src/main/resources/rides.temp' is opened by 6647@MacBook-Air-de-Aimar.local

[2024-02-28 17:20:44 #2 type.registry] 
New type domain.Driver

[2024-02-28 17:20:44 #3 type] 
Type domain.Driver is not enhanced.

[2024-02-28 17:20:44 #4 type.registry] 
New type domain.Ride

[2024-02-28 17:20:44 #5 type] 
Type domain.Ride is not enhanced.

[2024-02-28 17:20:44 #6 type.registry] 
New type java.util.Vector<java.lang.Object>

[2024-02-28 17:20:44 #7 type.registry] 
New type java.util.Vector<domain.Ride>

------------------------------------------------------------------------------------------------------------------------

[2024-02-28 17:22:40 #1 store] 
Database '/Users/aimarbarrenapol/git/Rides24/src/main/resources/rides.temp' has been recovered (tr. 1-6)

[2024-02-28 17:22:40 #2 store] 
Database '/Users/aimarbarrenapol/git/Rides24/src/main/resources/rides.temp' is opened by 6667@MacBook-Air-de-Aimar.local

[2024-02-28 17:22:40 #3 type] 
Type domain.Driver is not enhanced.

[2024-02-28 17:22:40 #4 type] 
Type domain.Ride is not enhanced.

------------------------------------------------------------------------------------------------------------------------

[2024-02-28 17:23:02 #1 store] 
Database '/Users/aimarbarrenapol/git/Rides24/src/main/resources/rides.temp' is opened by 6672@MacBook-Air-de-Aimar.local

[2024-02-28 17:23:02 #2 type] 
Type domain.Driver is not enhanced.

[2024-02-28 17:23:02 #3 type] 
Type domain.Ride is not enhanced.

------------------------------------------------------------------------------------------------------------------------

[2024-02-28 17:28:33 #1 store] 
Database '/Users/aimarbarrenapol/git/Rides24/src/main/resources/rides.temp' is opened by 6721@MacBook-Air-de-Aimar.local

[2024-02-28 17:28:33 #2 type] 
Type domain.Driver is not enhanced.

[2024-02-28 17:28:33 #3 type] 
Type domain.Ride is not enhanced.

------------------------------------------------------------------------------------------------------------------------

[2024-02-28 17:30:06 #1 store] 
Database '/Users/aimarbarrenapol/git/Rides24/src/main/resources/rides.temp' has been recovered (tr. 7-7)

[2024-02-28 17:30:06 #2 store] 
Database '/Users/aimarbarrenapol/git/Rides24/src/main/resources/rides.temp' is opened by 6737@MacBook-Air-de-Aimar.local

[2024-02-28 17:30:06 #3 type] 
Type domain.Driver is not enhanced.

[2024-02-28 17:30:06 #4 type] 
Type domain.Ride is not enhanced.

