------------------------------------------------------------------------------------------------------------------------

[2024-04-06 12:38:34 #1 store] 
Database 'C:\Users\Burbu\git\13\Rides24\src\main\resources\rides.temp' is opened by 13544@DESKTOP-PK3U990

[2024-04-06 12:38:34 #2 type] 
Type domain.User is not enhanced.

[2024-04-06 12:38:34 #3 type] 
Type domain.Driver is not enhanced.

[2024-04-06 12:38:34 #4 type] 
Type domain.DiruMugimendu is not enhanced.

[2024-04-06 12:38:34 #5 type] 
Type domain.Ride is not enhanced.

[2024-04-06 12:38:34 #6 type] 
Type domain.Car is not enhanced.

[2024-04-06 12:38:34 #7 type] 
Type domain.Traveler is not enhanced.

[2024-04-06 12:38:34 #8 type] 
Type domain.Booking is not enhanced.

------------------------------------------------------------------------------------------------------------------------

[2024-04-06 12:46:54 #1 store] 
Database 'C:\Users\Burbu\git\13\Rides24\src\main\resources\rides.temp' has been recovered (tr. 114-118)

[2024-04-06 12:46:54 #2 store] 
Database 'C:\Users\Burbu\git\13\Rides24\src\main\resources\rides.temp' is opened by 2104@DESKTOP-PK3U990

[2024-04-06 12:46:54 #3 type] 
Type domain.User is not enhanced.

[2024-04-06 12:46:54 #4 type] 
Type domain.Driver is not enhanced.

[2024-04-06 12:46:54 #5 type] 
Type domain.DiruMugimendu is not enhanced.

[2024-04-06 12:46:54 #6 type] 
Type domain.Ride is not enhanced.

[2024-04-06 12:46:54 #7 type] 
Type domain.Car is not enhanced.

[2024-04-06 12:46:54 #8 type] 
Type domain.Traveler is not enhanced.

[2024-04-06 12:46:54 #9 type] 
Type domain.Booking is not enhanced.

------------------------------------------------------------------------------------------------------------------------

[2024-04-06 12:47:53 #1 store] 
Database 'C:\Users\Burbu\git\13\Rides24\src\main\resources\rides.temp' is opened by 13624@DESKTOP-PK3U990

[2024-04-06 12:47:53 #2 type] 
Type domain.User is not enhanced.

[2024-04-06 12:47:53 #3 type] 
Type domain.Driver is not enhanced.

[2024-04-06 12:47:53 #4 type] 
Type domain.DiruMugimendu is not enhanced.

[2024-04-06 12:47:53 #5 type] 
Type domain.Ride is not enhanced.

[2024-04-06 12:47:53 #6 type] 
Type domain.Car is not enhanced.

[2024-04-06 12:47:53 #7 type] 
Type domain.Traveler is not enhanced.

[2024-04-06 12:47:53 #8 type] 
Type domain.Booking is not enhanced.

------------------------------------------------------------------------------------------------------------------------

[2024-04-06 12:49:39 #1 store] 
Database 'C:\Users\Burbu\git\13\Rides24\src\main\resources\rides.temp' is opened by 21228@DESKTOP-PK3U990

[2024-04-06 12:49:40 #2 type] 
Type domain.User is not enhanced.

[2024-04-06 12:49:40 #3 type] 
Type domain.Driver is not enhanced.

[2024-04-06 12:49:40 #4 type] 
Type domain.DiruMugimendu is not enhanced.

[2024-04-06 12:49:40 #5 type] 
Type domain.Ride is not enhanced.

[2024-04-06 12:49:40 #6 type] 
Type domain.Car is not enhanced.

[2024-04-06 12:49:40 #7 type] 
Type domain.Traveler is not enhanced.

[2024-04-06 12:49:40 #8 type] 
Type domain.Booking is not enhanced.

------------------------------------------------------------------------------------------------------------------------

[2024-04-06 12:55:02 #1 store] 
Database '/Users/aimarbarrenapol/git/13/Rides24/src/main/resources/rides.temp' has been recovered (tr. 119-146)

[2024-04-06 12:55:02 #2 store] 
Database '/Users/aimarbarrenapol/git/13/Rides24/src/main/resources/rides.temp' is opened by 20574@MacBook-Air-de-Aimar.local

[2024-04-06 12:55:02 #3 type] 
Type domain.User is not enhanced.

[2024-04-06 12:55:02 #4 type] 
Type domain.Driver is not enhanced.

[2024-04-06 12:55:02 #5 type] 
Type domain.DiruMugimendu is not enhanced.

[2024-04-06 12:55:02 #6 type] 
Type domain.Ride is not enhanced.

[2024-04-06 12:55:02 #7 type] 
Type domain.Car is not enhanced.

[2024-04-06 12:55:02 #8 type] 
Type domain.Traveler is not enhanced.

[2024-04-06 12:55:02 #9 type] 
Type domain.Booking is not enhanced.

------------------------------------------------------------------------------------------------------------------------

[2024-04-06 13:10:43 #1 store] 
Database '/Users/aimarbarrenapol/git/13/Rides24/src/main/resources/rides.temp' is opened by 20639@MacBook-Air-de-Aimar.local

[2024-04-06 13:10:43 #2 type] 
Type domain.User is not enhanced.

[2024-04-06 13:10:43 #3 type] 
Type domain.Driver is not enhanced.

[2024-04-06 13:10:43 #4 type] 
Type domain.DiruMugimendu is not enhanced.

[2024-04-06 13:10:43 #5 type] 
Type domain.Ride is not enhanced.

[2024-04-06 13:10:43 #6 type] 
Type domain.Car is not enhanced.

[2024-04-06 13:10:43 #7 type] 
Type domain.Traveler is not enhanced.

[2024-04-06 13:10:43 #8 type] 
Type domain.Booking is not enhanced.

------------------------------------------------------------------------------------------------------------------------

[2024-04-06 13:12:41 #1 store] 
Database '/Users/aimarbarrenapol/git/13/Rides24/src/main/resources/rides.temp' is opened by 20648@MacBook-Air-de-Aimar.local

[2024-04-06 13:12:41 #2 type] 
Type domain.User is not enhanced.

[2024-04-06 13:12:41 #3 type] 
Type domain.Driver is not enhanced.

[2024-04-06 13:12:41 #4 type] 
Type domain.DiruMugimendu is not enhanced.

[2024-04-06 13:12:41 #5 type] 
Type domain.Ride is not enhanced.

[2024-04-06 13:12:41 #6 type] 
Type domain.Car is not enhanced.

[2024-04-06 13:12:41 #7 type] 
Type domain.Traveler is not enhanced.

[2024-04-06 13:12:41 #8 type] 
Type domain.Booking is not enhanced.

------------------------------------------------------------------------------------------------------------------------

[2024-04-06 13:18:34 #1 store] 
Database '/Users/aimarbarrenapol/git/13/Rides24/src/main/resources/rides.temp' has been recovered (tr. 147-148)

[2024-04-06 13:18:34 #2 store] 
Database '/Users/aimarbarrenapol/git/13/Rides24/src/main/resources/rides.temp' is opened by 20673@MacBook-Air-de-Aimar.local

[2024-04-06 13:18:34 #3 type] 
Type domain.User is not enhanced.

[2024-04-06 13:18:34 #4 type] 
Type domain.Driver is not enhanced.

[2024-04-06 13:18:34 #5 type] 
Type domain.DiruMugimendu is not enhanced.

[2024-04-06 13:18:34 #6 type] 
Type domain.Ride is not enhanced.

[2024-04-06 13:18:34 #7 type] 
Type domain.Car is not enhanced.

[2024-04-06 13:18:34 #8 type] 
Type domain.Traveler is not enhanced.

[2024-04-06 13:18:34 #9 type] 
Type domain.Booking is not enhanced.

------------------------------------------------------------------------------------------------------------------------

[2024-04-06 13:34:59 #1 store] 
Database 'C:\Users\Burbu\git\13\Rides24\src\main\resources\rides.temp' has been recovered (tr. 149-151)

[2024-04-06 13:34:59 #2 store] 
Database 'C:\Users\Burbu\git\13\Rides24\src\main\resources\rides.temp' is opened by 20756@DESKTOP-PK3U990

[2024-04-06 13:34:59 #3 type] 
Type domain.User is not enhanced.

[2024-04-06 13:34:59 #4 type] 
Type domain.Driver is not enhanced.

[2024-04-06 13:34:59 #5 type] 
Type domain.DiruMugimendu is not enhanced.

[2024-04-06 13:34:59 #6 type] 
Type domain.Ride is not enhanced.

[2024-04-06 13:34:59 #7 type] 
Type domain.Car is not enhanced.

[2024-04-06 13:34:59 #8 type] 
Type domain.Traveler is not enhanced.

[2024-04-06 13:34:59 #9 type] 
Type domain.Booking is not enhanced.

------------------------------------------------------------------------------------------------------------------------

[2024-04-06 14:17:00 #1 store] 
Database 'C:\Users\Burbu\git\13\Rides24\src\main\resources\rides.temp' is opened by 9492@DESKTOP-PK3U990

[2024-04-06 14:17:00 #2 type] 
Type domain.User is not enhanced.

[2024-04-06 14:17:00 #3 type] 
Type domain.Driver is not enhanced.

[2024-04-06 14:17:00 #4 type] 
Type domain.DiruMugimendu is not enhanced.

[2024-04-06 14:17:00 #5 type] 
Type domain.Ride is not enhanced.

[2024-04-06 14:17:00 #6 type] 
Type domain.Car is not enhanced.

[2024-04-06 14:17:00 #7 type] 
Type domain.Traveler is not enhanced.

[2024-04-06 14:17:00 #8 type] 
Type domain.Booking is not enhanced.

------------------------------------------------------------------------------------------------------------------------

[2024-04-06 14:19:00 #1 store] 
Database 'C:\Users\Burbu\git\13\Rides24\src\main\resources\rides.temp' has been recovered (tr. 152-152)

[2024-04-06 14:19:01 #2 store] 
Database 'C:\Users\Burbu\git\13\Rides24\src\main\resources\rides.temp' is opened by 12024@DESKTOP-PK3U990

[2024-04-06 14:19:01 #3 type] 
Type domain.User is not enhanced.

[2024-04-06 14:19:01 #4 type] 
Type domain.Driver is not enhanced.

[2024-04-06 14:19:01 #5 type] 
Type domain.DiruMugimendu is not enhanced.

[2024-04-06 14:19:01 #6 type] 
Type domain.Ride is not enhanced.

[2024-04-06 14:19:01 #7 type] 
Type domain.Car is not enhanced.

[2024-04-06 14:19:01 #8 type] 
Type domain.Traveler is not enhanced.

[2024-04-06 14:19:01 #9 type] 
Type domain.Booking is not enhanced.

------------------------------------------------------------------------------------------------------------------------

[2024-04-06 14:19:17 #1 store] 
Database 'C:\Users\Burbu\git\13\Rides24\src\main\resources\rides.temp' is opened by 4616@DESKTOP-PK3U990

[2024-04-06 14:19:17 #2 type] 
Type domain.User is not enhanced.

[2024-04-06 14:19:17 #3 type] 
Type domain.Driver is not enhanced.

[2024-04-06 14:19:17 #4 type] 
Type domain.DiruMugimendu is not enhanced.

[2024-04-06 14:19:17 #5 type] 
Type domain.Ride is not enhanced.

[2024-04-06 14:19:17 #6 type] 
Type domain.Car is not enhanced.

[2024-04-06 14:19:17 #7 type] 
Type domain.Traveler is not enhanced.

[2024-04-06 14:19:17 #8 type] 
Type domain.Booking is not enhanced.

------------------------------------------------------------------------------------------------------------------------

[2024-04-06 14:22:30 #1 store] 
Database 'C:\Users\Burbu\git\13\Rides24\src\main\resources\rides.temp' is opened by 19400@DESKTOP-PK3U990

[2024-04-06 14:22:30 #2 type] 
Type domain.User is not enhanced.

[2024-04-06 14:22:30 #3 type] 
Type domain.Driver is not enhanced.

[2024-04-06 14:22:30 #4 type] 
Type domain.DiruMugimendu is not enhanced.

[2024-04-06 14:22:30 #5 type] 
Type domain.Ride is not enhanced.

[2024-04-06 14:22:30 #6 type] 
Type domain.Car is not enhanced.

[2024-04-06 14:22:30 #7 type] 
Type domain.Traveler is not enhanced.

[2024-04-06 14:22:30 #8 type] 
Type domain.Booking is not enhanced.

------------------------------------------------------------------------------------------------------------------------

[2024-04-06 14:29:33 #1 store] 
Database 'C:\Users\Burbu\git\13\Rides24\src\main\resources\rides.temp' has been recovered (tr. 153-153)

[2024-04-06 14:29:33 #2 store] 
Database 'C:\Users\Burbu\git\13\Rides24\src\main\resources\rides.temp' is opened by 13020@DESKTOP-PK3U990

[2024-04-06 14:29:33 #3 type] 
Type domain.User is not enhanced.

[2024-04-06 14:29:33 #4 type] 
Type domain.Driver is not enhanced.

[2024-04-06 14:29:33 #5 type] 
Type domain.DiruMugimendu is not enhanced.

[2024-04-06 14:29:33 #6 type] 
Type domain.Ride is not enhanced.

[2024-04-06 14:29:33 #7 type] 
Type domain.Car is not enhanced.

[2024-04-06 14:29:33 #8 type] 
Type domain.Traveler is not enhanced.

[2024-04-06 14:29:33 #9 type] 
Type domain.Booking is not enhanced.

------------------------------------------------------------------------------------------------------------------------

[2024-04-06 14:31:04 #1 store] 
Database 'C:\Users\Burbu\git\13\Rides24\src\main\resources\rides.temp' is opened by 20068@DESKTOP-PK3U990

[2024-04-06 14:31:04 #2 type] 
Type domain.User is not enhanced.

[2024-04-06 14:31:04 #3 type] 
Type domain.Driver is not enhanced.

[2024-04-06 14:31:04 #4 type] 
Type domain.DiruMugimendu is not enhanced.

[2024-04-06 14:31:04 #5 type] 
Type domain.Ride is not enhanced.

[2024-04-06 14:31:04 #6 type] 
Type domain.Car is not enhanced.

[2024-04-06 14:31:04 #7 type] 
Type domain.Traveler is not enhanced.

[2024-04-06 14:31:04 #8 type] 
Type domain.Booking is not enhanced.

------------------------------------------------------------------------------------------------------------------------

[2024-04-06 14:31:51 #1 store] 
Database 'C:\Users\Burbu\git\13\Rides24\src\main\resources\rides.temp' is opened by 12188@DESKTOP-PK3U990

[2024-04-06 14:31:51 #2 type] 
Type domain.User is not enhanced.

[2024-04-06 14:31:51 #3 type] 
Type domain.Driver is not enhanced.

[2024-04-06 14:31:51 #4 type] 
Type domain.DiruMugimendu is not enhanced.

[2024-04-06 14:31:51 #5 type] 
Type domain.Ride is not enhanced.

[2024-04-06 14:31:51 #6 type] 
Type domain.Car is not enhanced.

[2024-04-06 14:31:51 #7 type] 
Type domain.Traveler is not enhanced.

[2024-04-06 14:31:51 #8 type] 
Type domain.Booking is not enhanced.

------------------------------------------------------------------------------------------------------------------------

[2024-04-06 14:35:22 #1 store] 
Database 'C:\Users\Burbu\git\13\Rides24\src\main\resources\rides.temp' is opened by 8148@DESKTOP-PK3U990

[2024-04-06 14:35:22 #2 type] 
Type domain.User is not enhanced.

[2024-04-06 14:35:22 #3 type] 
Type domain.Driver is not enhanced.

[2024-04-06 14:35:22 #4 type] 
Type domain.DiruMugimendu is not enhanced.

[2024-04-06 14:35:22 #5 type] 
Type domain.Ride is not enhanced.

[2024-04-06 14:35:22 #6 type] 
Type domain.Car is not enhanced.

[2024-04-06 14:35:22 #7 type] 
Type domain.Traveler is not enhanced.

[2024-04-06 14:35:22 #8 type] 
Type domain.Booking is not enhanced.

------------------------------------------------------------------------------------------------------------------------

[2024-04-06 14:47:12 #1 store] 
Database 'C:\Users\Burbu\git\13\Rides24\src\main\resources\rides.temp' is opened by 13020@DESKTOP-PK3U990

[2024-04-06 14:47:12 #2 type] 
Type domain.User is not enhanced.

[2024-04-06 14:47:12 #3 type] 
Type domain.Driver is not enhanced.

[2024-04-06 14:47:12 #4 type] 
Type domain.DiruMugimendu is not enhanced.

[2024-04-06 14:47:12 #5 type] 
Type domain.Ride is not enhanced.

[2024-04-06 14:47:12 #6 type] 
Type domain.Car is not enhanced.

[2024-04-06 14:47:12 #7 type] 
Type domain.Traveler is not enhanced.

[2024-04-06 14:47:12 #8 type] 
Type domain.Booking is not enhanced.

------------------------------------------------------------------------------------------------------------------------

[2024-04-06 14:49:21 #1 store] 
Database 'C:\Users\Burbu\git\13\Rides24\src\main\resources\rides.temp' is opened by 11684@DESKTOP-PK3U990

[2024-04-06 14:49:21 #2 type] 
Type domain.User is not enhanced.

[2024-04-06 14:49:21 #3 type] 
Type domain.Driver is not enhanced.

[2024-04-06 14:49:21 #4 type] 
Type domain.DiruMugimendu is not enhanced.

[2024-04-06 14:49:21 #5 type] 
Type domain.Ride is not enhanced.

[2024-04-06 14:49:21 #6 type] 
Type domain.Car is not enhanced.

[2024-04-06 14:49:21 #7 type] 
Type domain.Traveler is not enhanced.

[2024-04-06 14:49:21 #8 type] 
Type domain.Booking is not enhanced.

------------------------------------------------------------------------------------------------------------------------

[2024-04-06 14:51:09 #1 store] 
Database 'C:\Users\Burbu\git\13\Rides24\src\main\resources\rides.temp' is opened by 6060@DESKTOP-PK3U990

[2024-04-06 14:51:09 #2 type] 
Type domain.User is not enhanced.

[2024-04-06 14:51:09 #3 type] 
Type domain.Driver is not enhanced.

[2024-04-06 14:51:09 #4 type] 
Type domain.DiruMugimendu is not enhanced.

[2024-04-06 14:51:09 #5 type] 
Type domain.Ride is not enhanced.

[2024-04-06 14:51:09 #6 type] 
Type domain.Car is not enhanced.

[2024-04-06 14:51:09 #7 type] 
Type domain.Traveler is not enhanced.

[2024-04-06 14:51:09 #8 type] 
Type domain.Booking is not enhanced.

