------------------------------------------------------------------------------------------------------------------------

[2025-05-06 17:14:19 #1 config] 
Invalid or expired activation code: A062-0GAT-4R1Y-QS6S-YRV6

[2025-05-06 17:14:19 #2 config] 
Invalid or expired activation code: A062-0GAT-4R1Y-2ARV-MZY4

[2025-05-06 17:14:19 #3 config] 
Invalid or expired activation code: A062-0GAT-4R1Y-JD7W-XHBQ

[2025-05-06 17:14:19 #4 store] 
Database 'C:\Users\aitor\Downloads\SegundaIteracion\Rides24_Web\src\main\resources\rides.temp' is opened by 8504@AitorMilicua

[2025-05-06 17:14:19 #5 type.registry] 
New type domain.Admin

[2025-05-06 17:14:19 #6 type] 
Type domain.Admin is not enhanced.

[2025-05-06 17:14:19 #7 type.registry] 
New type domain.Ride

[2025-05-06 17:14:19 #8 type] 
Type domain.Ride is not enhanced.

[2025-05-06 17:14:19 #9 type.registry] 
New type domain.Car

[2025-05-06 17:14:19 #10 type.registry] 
New type domain.User

[2025-05-06 17:14:19 #11 type.registry] 
New type domain.Driver

[2025-05-06 17:14:19 #12 type] 
Type domain.Car is not enhanced.

[2025-05-06 17:14:19 #13 type] 
Type domain.User is not enhanced.

[2025-05-06 17:14:19 #14 type.registry] 
New type domain.DiruMugimendu

[2025-05-06 17:14:19 #15 type.registry] 
New type java.util.ArrayList<domain.DiruMugimendu>

[2025-05-06 17:14:19 #16 type] 
Type domain.Driver is not enhanced.

[2025-05-06 17:14:19 #17 type.registry] 
New type java.util.ArrayList<domain.Car>

[2025-05-06 17:14:19 #18 type] 
Type domain.DiruMugimendu is not enhanced.

[2025-05-06 17:14:19 #19 type.registry] 
New type domain.Booking

[2025-05-06 17:14:19 #20 type] 
Type domain.Booking is not enhanced.

[2025-05-06 17:14:19 #21 type.registry] 
New type domain.Deskontu

[2025-05-06 17:14:19 #22 type.registry] 
New type domain.Traveler

[2025-05-06 17:14:19 #23 type] 
Type domain.Deskontu is not enhanced.

[2025-05-06 17:14:19 #24 type] 
Type domain.Traveler is not enhanced.

[2025-05-06 17:14:19 #25 type.registry] 
New type domain.Alerta

[2025-05-06 17:14:19 #26 type] 
Type domain.Alerta is not enhanced.

[2025-05-06 17:14:19 #27 type.registry] 
New type domain.Erreklamazio

[2025-05-06 17:14:19 #28 type] 
Type domain.Erreklamazio is not enhanced.

[2025-05-06 17:14:44 #29 type.registry] 
New type java.util.Vector<java.lang.Object>

[2025-05-06 17:14:44 #30 type.registry] 
New type java.util.ArrayList<java.lang.Object>

[2025-05-06 17:14:44 #31 type.registry] 
New type java.util.Vector<domain.Ride>

[2025-05-06 17:14:44 #32 type.registry] 
New type java.util.Vector<domain.Alerta>

------------------------------------------------------------------------------------------------------------------------

[2025-05-06 17:16:28 #1 config] 
Invalid or expired activation code: A062-0GAT-4R1Y-QS6S-YRV6

[2025-05-06 17:16:28 #2 config] 
Invalid or expired activation code: A062-0GAT-4R1Y-2ARV-MZY4

[2025-05-06 17:16:28 #3 config] 
Invalid or expired activation code: A062-0GAT-4R1Y-JD7W-XHBQ

[2025-05-06 17:16:28 #4 store] 
Database 'C:\Users\aitor\Downloads\SegundaIteracion\Rides24_Web\src\main\resources\rides.temp' is opened by 3320@AitorMilicua

[2025-05-06 17:16:28 #5 type.registry] 
New type domain.Admin

[2025-05-06 17:16:28 #6 type] 
Type domain.Admin is not enhanced.

[2025-05-06 17:16:28 #7 type.registry] 
New type domain.Ride

[2025-05-06 17:16:28 #8 type] 
Type domain.Ride is not enhanced.

[2025-05-06 17:16:28 #9 type.registry] 
New type domain.Car

[2025-05-06 17:16:28 #10 type.registry] 
New type domain.User

[2025-05-06 17:16:28 #11 type.registry] 
New type domain.Driver

[2025-05-06 17:16:28 #12 type] 
Type domain.Car is not enhanced.

[2025-05-06 17:16:28 #13 type] 
Type domain.User is not enhanced.

[2025-05-06 17:16:28 #14 type.registry] 
New type domain.DiruMugimendu

[2025-05-06 17:16:28 #15 type.registry] 
New type java.util.ArrayList<domain.DiruMugimendu>

[2025-05-06 17:16:28 #16 type] 
Type domain.Driver is not enhanced.

[2025-05-06 17:16:28 #17 type.registry] 
New type java.util.ArrayList<domain.Car>

[2025-05-06 17:16:28 #18 type] 
Type domain.DiruMugimendu is not enhanced.

[2025-05-06 17:16:28 #19 type.registry] 
New type domain.Booking

[2025-05-06 17:16:28 #20 type] 
Type domain.Booking is not enhanced.

[2025-05-06 17:16:28 #21 type.registry] 
New type domain.Deskontu

[2025-05-06 17:16:28 #22 type.registry] 
New type domain.Traveler

[2025-05-06 17:16:28 #23 type] 
Type domain.Deskontu is not enhanced.

[2025-05-06 17:16:28 #24 type] 
Type domain.Traveler is not enhanced.

[2025-05-06 17:16:28 #25 type.registry] 
New type domain.Alerta

[2025-05-06 17:16:28 #26 type] 
Type domain.Alerta is not enhanced.

[2025-05-06 17:16:28 #27 type.registry] 
New type domain.Erreklamazio

[2025-05-06 17:16:28 #28 type] 
Type domain.Erreklamazio is not enhanced.

[2025-05-06 17:16:55 #29 type.registry] 
New type java.util.Vector<java.lang.Object>

[2025-05-06 17:16:55 #30 type.registry] 
New type java.util.ArrayList<java.lang.Object>

[2025-05-06 17:16:55 #31 type.registry] 
New type java.util.Vector<domain.Ride>

[2025-05-06 17:16:55 #32 type.registry] 
New type java.util.Vector<domain.Alerta>

------------------------------------------------------------------------------------------------------------------------

[2025-05-06 17:28:48 #1 config] 
Invalid or expired activation code: A062-0GAT-4R1Y-QS6S-YRV6

[2025-05-06 17:28:48 #2 config] 
Invalid or expired activation code: A062-0GAT-4R1Y-2ARV-MZY4

[2025-05-06 17:28:48 #3 config] 
Invalid or expired activation code: A062-0GAT-4R1Y-JD7W-XHBQ

------------------------------------------------------------------------------------------------------------------------

[2025-05-06 17:29:51 #1 config] 
Invalid or expired activation code: A062-0GAT-4R1Y-QS6S-YRV6

[2025-05-06 17:29:51 #2 config] 
Invalid or expired activation code: A062-0GAT-4R1Y-2ARV-MZY4

[2025-05-06 17:29:51 #3 config] 
Invalid or expired activation code: A062-0GAT-4R1Y-JD7W-XHBQ

------------------------------------------------------------------------------------------------------------------------

[2025-05-06 17:32:56 #1 config] 
Invalid or expired activation code: A062-0GAT-4R1Y-QS6S-YRV6

[2025-05-06 17:32:56 #2 config] 
Invalid or expired activation code: A062-0GAT-4R1Y-2ARV-MZY4

[2025-05-06 17:32:56 #3 config] 
Invalid or expired activation code: A062-0GAT-4R1Y-JD7W-XHBQ

------------------------------------------------------------------------------------------------------------------------

[2025-05-06 17:35:14 #1 config] 
Invalid or expired activation code: A062-0GAT-4R1Y-QS6S-YRV6

[2025-05-06 17:35:14 #2 config] 
Invalid or expired activation code: A062-0GAT-4R1Y-2ARV-MZY4

[2025-05-06 17:35:14 #3 config] 
Invalid or expired activation code: A062-0GAT-4R1Y-JD7W-XHBQ

[2025-05-06 17:35:14 #4 store] 
Database 'C:\Users\aitor\Downloads\SegundaIteracion\Rides24_Web\src\main\resources\rides.temp' is opened by 19956@AitorMilicua

[2025-05-06 17:35:14 #5 type.registry] 
New type domain.Admin

[2025-05-06 17:35:14 #6 type] 
Type domain.Admin is not enhanced.

[2025-05-06 17:35:14 #7 type.registry] 
New type domain.Ride

[2025-05-06 17:35:14 #8 type] 
Type domain.Ride is not enhanced.

[2025-05-06 17:35:14 #9 type.registry] 
New type domain.Car

[2025-05-06 17:35:14 #10 type.registry] 
New type domain.User

[2025-05-06 17:35:14 #11 type.registry] 
New type domain.Driver

[2025-05-06 17:35:14 #12 type] 
Type domain.Car is not enhanced.

[2025-05-06 17:35:14 #13 type] 
Type domain.User is not enhanced.

[2025-05-06 17:35:14 #14 type.registry] 
New type domain.DiruMugimendu

[2025-05-06 17:35:14 #15 type.registry] 
New type java.util.ArrayList<domain.DiruMugimendu>

[2025-05-06 17:35:14 #16 type] 
Type domain.Driver is not enhanced.

[2025-05-06 17:35:14 #17 type.registry] 
New type java.util.ArrayList<domain.Car>

[2025-05-06 17:35:14 #18 type] 
Type domain.DiruMugimendu is not enhanced.

[2025-05-06 17:35:14 #19 type.registry] 
New type domain.Booking

[2025-05-06 17:35:14 #20 type] 
Type domain.Booking is not enhanced.

[2025-05-06 17:35:14 #21 type.registry] 
New type domain.Traveler

[2025-05-06 17:35:14 #22 type] 
Type domain.Traveler is not enhanced.

[2025-05-06 17:35:14 #23 type.registry] 
New type domain.Alerta

[2025-05-06 17:35:14 #24 type] 
Type domain.Alerta is not enhanced.

[2025-05-06 17:35:14 #25 type.registry] 
New type domain.Erreklamazio

[2025-05-06 17:35:14 #26 type] 
Type domain.Erreklamazio is not enhanced.

[2025-05-06 17:35:14 #27 type.registry] 
New type java.util.Vector<java.lang.Object>

[2025-05-06 17:35:14 #28 type.registry] 
New type java.util.ArrayList<java.lang.Object>

[2025-05-06 17:35:14 #29 type.registry] 
New type java.util.Vector<domain.Ride>

[2025-05-06 17:35:14 #30 type.registry] 
New type java.util.Vector<domain.Alerta>

------------------------------------------------------------------------------------------------------------------------

[2025-05-06 17:38:46 #1 config] 
Invalid or expired activation code: A062-0GAT-4R1Y-QS6S-YRV6

[2025-05-06 17:38:46 #2 config] 
Invalid or expired activation code: A062-0GAT-4R1Y-2ARV-MZY4

[2025-05-06 17:38:46 #3 config] 
Invalid or expired activation code: A062-0GAT-4R1Y-JD7W-XHBQ

------------------------------------------------------------------------------------------------------------------------

[2025-05-06 22:36:47 #1 config] 
Invalid or expired activation code: A062-0GAT-4R1Y-QS6S-YRV6

[2025-05-06 22:36:47 #2 config] 
Invalid or expired activation code: A062-0GAT-4R1Y-2ARV-MZY4

[2025-05-06 22:36:47 #3 config] 
Invalid or expired activation code: A062-0GAT-4R1Y-JD7W-XHBQ

[2025-05-06 22:36:47 #4 store] 
Database 'C:\Users\aitor\Downloads\SegundaIteracion\Rides24_Web\src\main\resources\rides.temp' is opened by 20220@AitorMilicua

[2025-05-06 22:36:47 #5 type.registry] 
New type domain.Admin

[2025-05-06 22:36:47 #6 type] 
Type domain.Admin is not enhanced.

[2025-05-06 22:36:47 #7 type.registry] 
New type domain.Ride

[2025-05-06 22:36:47 #8 type] 
Type domain.Ride is not enhanced.

[2025-05-06 22:36:47 #9 type.registry] 
New type domain.Car

[2025-05-06 22:36:47 #10 type.registry] 
New type domain.User

[2025-05-06 22:36:47 #11 type.registry] 
New type domain.Driver

[2025-05-06 22:36:47 #12 type] 
Type domain.Car is not enhanced.

[2025-05-06 22:36:47 #13 type] 
Type domain.User is not enhanced.

[2025-05-06 22:36:47 #14 type.registry] 
New type domain.MoneyMovement

[2025-05-06 22:36:47 #15 type.registry] 
New type java.util.ArrayList<domain.MoneyMovement>

[2025-05-06 22:36:47 #16 type] 
Type domain.Driver is not enhanced.

[2025-05-06 22:36:47 #17 type.registry] 
New type java.util.ArrayList<domain.Car>

[2025-05-06 22:36:47 #18 type] 
Type domain.MoneyMovement is not enhanced.

[2025-05-06 22:36:47 #19 type.registry] 
New type domain.Booking

[2025-05-06 22:36:47 #20 type] 
Type domain.Booking is not enhanced.

[2025-05-06 22:36:47 #21 type.registry] 
New type domain.Traveler

[2025-05-06 22:36:47 #22 type] 
Type domain.Traveler is not enhanced.

[2025-05-06 22:36:47 #23 type.registry] 
New type domain.Alerta

[2025-05-06 22:36:47 #24 type] 
Type domain.Alerta is not enhanced.

[2025-05-06 22:36:47 #25 type.registry] 
New type domain.Complain

[2025-05-06 22:36:47 #26 type] 
Type domain.Complain is not enhanced.

[2025-05-06 22:36:47 #27 type.registry] 
New type java.util.Vector<java.lang.Object>

[2025-05-06 22:36:47 #28 type.registry] 
New type java.util.ArrayList<java.lang.Object>

[2025-05-06 22:36:47 #29 type.registry] 
New type java.util.Vector<domain.Ride>

[2025-05-06 22:36:47 #30 type.registry] 
New type java.util.Vector<domain.Alerta>

------------------------------------------------------------------------------------------------------------------------

[2025-05-06 22:47:47 #1 config] 
Invalid or expired activation code: A062-0GAT-4R1Y-QS6S-YRV6

[2025-05-06 22:47:47 #2 config] 
Invalid or expired activation code: A062-0GAT-4R1Y-2ARV-MZY4

[2025-05-06 22:47:47 #3 config] 
Invalid or expired activation code: A062-0GAT-4R1Y-JD7W-XHBQ

[2025-05-06 22:47:48 #4 store] 
Database 'C:\Users\aitor\Downloads\SegundaIteracion\Rides24_Web\src\main\resources\rides.temp' is opened by 14740@AitorMilicua

[2025-05-06 22:47:48 #5 type.registry] 
New type domain.Admin

[2025-05-06 22:47:48 #6 type] 
Type domain.Admin is not enhanced.

[2025-05-06 22:47:48 #7 type.registry] 
New type domain.Ride

[2025-05-06 22:47:48 #8 type] 
Type domain.Ride is not enhanced.

[2025-05-06 22:47:48 #9 type.registry] 
New type domain.Car

[2025-05-06 22:47:48 #10 type.registry] 
New type domain.User

[2025-05-06 22:47:48 #11 type.registry] 
New type domain.Driver

[2025-05-06 22:47:48 #12 type] 
Type domain.Car is not enhanced.

[2025-05-06 22:47:48 #13 type] 
Type domain.User is not enhanced.

[2025-05-06 22:47:48 #14 type.registry] 
New type domain.MoneyMovement

[2025-05-06 22:47:48 #15 type.registry] 
New type java.util.ArrayList<domain.MoneyMovement>

[2025-05-06 22:47:48 #16 type] 
Type domain.Driver is not enhanced.

[2025-05-06 22:47:48 #17 type.registry] 
New type java.util.ArrayList<domain.Car>

[2025-05-06 22:47:48 #18 type] 
Type domain.MoneyMovement is not enhanced.

[2025-05-06 22:47:48 #19 type.registry] 
New type domain.Booking

[2025-05-06 22:47:48 #20 type] 
Type domain.Booking is not enhanced.

[2025-05-06 22:47:48 #21 type.registry] 
New type domain.Traveler

[2025-05-06 22:47:48 #22 type] 
Type domain.Traveler is not enhanced.

[2025-05-06 22:47:48 #23 type.registry] 
New type domain.Alerta

[2025-05-06 22:47:48 #24 type] 
Type domain.Alerta is not enhanced.

[2025-05-06 22:47:48 #25 type.registry] 
New type domain.Complain

[2025-05-06 22:47:48 #26 type] 
Type domain.Complain is not enhanced.

[2025-05-06 22:47:48 #27 type.registry] 
New type java.util.Vector<java.lang.Object>

[2025-05-06 22:47:48 #28 type.registry] 
New type java.util.ArrayList<java.lang.Object>

[2025-05-06 22:47:48 #29 type.registry] 
New type java.util.Vector<domain.Ride>

[2025-05-06 22:47:48 #30 type.registry] 
New type java.util.Vector<domain.Alerta>

